This is pdfTeX, Version 3.1415926-1.40.10 (TeX Live 2009/Debian) (format=pdflatex 2013.10.23)  16 SEP 2014 16:01
entering extended mode
 %&-line parsing enabled.
**begs_theory_outline_anmol_1.tex
(./begs_theory_outline_anmol_1.tex
LaTeX2e <2009/09/24>
Babel <v3.8l> and hyphenation patterns for english, usenglishmax, dumylang, noh
yphenation, farsi, arabic, croatian, bulgarian, ukrainian, russian, czech, slov
ak, danish, dutch, finnish, french, basque, ngerman, german, german-x-2009-06-1
9, ngerman-x-2009-06-19, ibycus, monogreek, greek, ancientgreek, hungarian, san
skrit, italian, latin, latvian, lithuanian, mongolian2a, mongolian, bokmal, nyn
orsk, romanian, irish, coptic, serbian, turkish, welsh, esperanto, uppersorbian
, estonian, indonesian, interlingua, icelandic, kurmanji, slovenian, polish, po
rtuguese, spanish, galician, catalan, swedish, ukenglish, pinyin, loaded.
(/usr/share/texmf-texlive/tex/latex/base/article.cls
Document Class: article 2007/10/19 v1.4h Standard LaTeX document class
(/usr/share/texmf-texlive/tex/latex/base/size11.clo
File: size11.clo 2007/10/19 v1.4h Standard LaTeX file (size option)
)
\c@part=\count79
\c@section=\count80
\c@subsection=\count81
\c@subsubsection=\count82
\c@paragraph=\count83
\c@subparagraph=\count84
\c@figure=\count85
\c@table=\count86
\abovecaptionskip=\skip41
\belowcaptionskip=\skip42
\bibindent=\dimen102
)
(/usr/share/texmf-texlive/tex/latex/amsfonts/amsfonts.sty
Package: amsfonts 2009/06/22 v3.00 Basic AMSFonts support
\@emptytoks=\toks14
\symAMSa=\mathgroup4
\symAMSb=\mathgroup5
LaTeX Font Info:    Overwriting math alphabet `\mathfrak' in version `bold'
(Font)                  U/euf/m/n --> U/euf/b/n on input line 96.
)
(/usr/share/texmf-texlive/tex/latex/appendix/appendix.sty
Package: appendix 2009/09/02 v1.2b extra appendix facilities
\c@@pps=\count87
\c@@ppsavesec=\count88
\c@@ppsaveapp=\count89
)
(/usr/share/texmf-texlive/tex/latex/lineno/lineno.sty
Package: lineno 2005/11/02 line numbers on paragraphs v4.41
\linenopenalty=\count90
\output=\toks15
\linenoprevgraf=\count91
\linenumbersep=\dimen103
\linenumberwidth=\dimen104
\c@linenumber=\count92
\c@pagewiselinenumber=\count93
\c@LN@truepage=\count94


Package lineno Warning: Option [displaymath] is obsolete -- default now!.

\c@internallinenumber=\count95
\c@internallinenumbers=\count96
\quotelinenumbersep=\dimen105
\bframerule=\dimen106
\bframesep=\dimen107
\bframebox=\box26
LaTeX Info: Redefining \\ on input line 3056.
) (/usr/share/texmf-texlive/tex/latex/amsfonts/amssymb.sty
Package: amssymb 2009/06/22 v3.00
)
(/usr/share/texmf-texlive/tex/latex/amsmath/amsmath.sty
Package: amsmath 2000/07/18 v2.13 AMS math features
\@mathmargin=\skip43

For additional information on amsmath, use the `?' option.
(/usr/share/texmf-texlive/tex/latex/amsmath/amstext.sty
Package: amstext 2000/06/29 v2.01

(/usr/share/texmf-texlive/tex/latex/amsmath/amsgen.sty
File: amsgen.sty 1999/11/30 v2.0
\@emptytoks=\toks16
\ex@=\dimen108
))
(/usr/share/texmf-texlive/tex/latex/amsmath/amsbsy.sty
Package: amsbsy 1999/11/29 v1.2d
\pmbraise@=\dimen109
)
(/usr/share/texmf-texlive/tex/latex/amsmath/amsopn.sty
Package: amsopn 1999/12/14 v2.01 operator names
)
\inf@bad=\count97
LaTeX Info: Redefining \frac on input line 211.
\uproot@=\count98
\leftroot@=\count99
LaTeX Info: Redefining \overline on input line 307.
\classnum@=\count100
\DOTSCASE@=\count101
LaTeX Info: Redefining \ldots on input line 379.
LaTeX Info: Redefining \dots on input line 382.
LaTeX Info: Redefining \cdots on input line 467.
\Mathstrutbox@=\box27
\strutbox@=\box28
\big@size=\dimen110
LaTeX Font Info:    Redeclaring font encoding OML on input line 567.
LaTeX Font Info:    Redeclaring font encoding OMS on input line 568.
\macc@depth=\count102
\c@MaxMatrixCols=\count103
\dotsspace@=\muskip10
\c@parentequation=\count104
\dspbrk@lvl=\count105
\tag@help=\toks17
\row@=\count106
\column@=\count107
\maxfields@=\count108
\andhelp@=\toks18
\eqnshift@=\dimen111
\alignsep@=\dimen112
\tagshift@=\dimen113
\tagwidth@=\dimen114
\totwidth@=\dimen115
\lineht@=\dimen116
\@envbody=\toks19
\multlinegap=\skip44
\multlinetaggap=\skip45
\mathdisplay@stack=\toks20
LaTeX Info: Redefining \[ on input line 2666.
LaTeX Info: Redefining \] on input line 2667.
)
(/usr/share/texmf-texlive/tex/latex/graphics/graphicx.sty
Package: graphicx 1999/02/16 v1.0f Enhanced LaTeX Graphics (DPC,SPQR)

(/usr/share/texmf-texlive/tex/latex/graphics/keyval.sty
Package: keyval 1999/03/16 v1.13 key=value parser (DPC)
\KV@toks@=\toks21
)
(/usr/share/texmf-texlive/tex/latex/graphics/graphics.sty
Package: graphics 2009/02/05 v1.0o Standard LaTeX Graphics (DPC,SPQR)

(/usr/share/texmf-texlive/tex/latex/graphics/trig.sty
Package: trig 1999/03/16 v1.09 sin cos tan (DPC)
)
(/etc/texmf/tex/latex/config/graphics.cfg
File: graphics.cfg 2009/08/28 v1.8 graphics configuration of TeX Live
)
Package graphics Info: Driver file: pdftex.def on input line 91.

(/usr/share/texmf-texlive/tex/latex/pdftex-def/pdftex.def
File: pdftex.def 2010/03/12 v0.04p Graphics/color for pdfTeX
\Gread@gobject=\count109
))
\Gin@req@height=\dimen117
\Gin@req@width=\dimen118
)
(/usr/share/texmf-texlive/tex/latex/graphics/color.sty
Package: color 2005/11/14 v1.0j Standard LaTeX Color (DPC)

(/etc/texmf/tex/latex/config/color.cfg
File: color.cfg 2007/01/18 v1.5 color configuration of teTeX/TeXLive
)
Package color Info: Driver file: pdftex.def on input line 130.
)
(/usr/share/texmf-texlive/tex/latex/oberdiek/refcount.sty
Package: refcount 2008/08/11 v3.1 Data extraction from references (HO)
)
(/usr/share/texmf-texlive/tex/latex/natbib/natbib.sty
Package: natbib 2009/07/16 8.31 (PWD, AO)
\bibhang=\skip46
\bibsep=\skip47
LaTeX Info: Redefining \cite on input line 694.
\c@NAT@ctr=\count110
)
(/usr/share/texmf-texlive/tex/latex/tools/bm.sty
Package: bm 2004/02/26 v1.1c Bold Symbol Support (DPC/FMi)
\symboldoperators=\mathgroup6
\symboldletters=\mathgroup7
\symboldsymbols=\mathgroup8
LaTeX Font Info:    Redeclaring math alphabet \mathbf on input line 138.
LaTeX Info: Redefining \bm on input line 204.
)
(/usr/share/texmf-texlive/tex/latex/hyperref/hyperref.sty
Package: hyperref 2009/10/09 v6.79a Hypertext links for LaTeX

(/usr/share/texmf-texlive/tex/generic/oberdiek/ifpdf.sty
Package: ifpdf 2009/04/10 v2.0 Provides the ifpdf switch (HO)
Package ifpdf Info: pdfTeX in pdf mode detected.
)
(/usr/share/texmf-texlive/tex/generic/oberdiek/ifvtex.sty
Package: ifvtex 2008/11/04 v1.4 Switches for detecting VTeX and its modes (HO)
Package ifvtex Info: VTeX not detected.
)
(/usr/share/texmf-texlive/tex/generic/ifxetex/ifxetex.sty
Package: ifxetex 2009/01/23 v0.5 Provides ifxetex conditional
)
(/usr/share/texmf-texlive/tex/latex/oberdiek/hycolor.sty
Package: hycolor 2009/10/02 v1.5 Code for color options of hyperref/bookmark (H
O)

(/usr/share/texmf-texlive/tex/latex/oberdiek/xcolor-patch.sty
Package: xcolor-patch 2009/10/02 xcolor patch
))
\@linkdim=\dimen119
\Hy@linkcounter=\count111
\Hy@pagecounter=\count112

(/usr/share/texmf-texlive/tex/latex/hyperref/pd1enc.def
File: pd1enc.def 2009/10/09 v6.79a Hyperref: PDFDocEncoding definition (HO)
)
(/usr/share/texmf-texlive/tex/generic/oberdiek/etexcmds.sty
Package: etexcmds 2007/12/12 v1.2 Prefix for e-TeX command names (HO)

(/usr/share/texmf-texlive/tex/generic/oberdiek/infwarerr.sty
Package: infwarerr 2007/09/09 v1.2 Providing info/warning/message (HO)
)
Package etexcmds Info: Could not find \expanded.
(etexcmds)             That can mean that you are not using pdfTeX 1.50 or
(etexcmds)             that some package has redefined \expanded.
(etexcmds)             In the latter case, load this package earlier.
)
(/usr/share/texmf-texlive/tex/latex/latexconfig/hyperref.cfg
File: hyperref.cfg 2002/06/06 v1.2 hyperref configuration of TeXLive
)
(/usr/share/texmf-texlive/tex/latex/oberdiek/kvoptions.sty
Package: kvoptions 2009/08/13 v3.4 Keyval support for LaTeX options (HO)

(/usr/share/texmf-texlive/tex/generic/oberdiek/kvsetkeys.sty
Package: kvsetkeys 2009/07/30 v1.5 Key value parser with default handler suppor
t (HO)
))
Package hyperref Info: Hyper figures OFF on input line 2975.
Package hyperref Info: Link nesting OFF on input line 2980.
Package hyperref Info: Hyper index ON on input line 2983.
Package hyperref Info: Plain pages OFF on input line 2990.
Package hyperref Info: Backreferencing OFF on input line 2995.

Implicit mode ON; LaTeX internals redefined
Package hyperref Info: Bookmarks ON on input line 3191.
(/usr/share/texmf-texlive/tex/latex/ltxmisc/url.sty
\Urlmuskip=\muskip11
Package: url 2006/04/12  ver 3.3  Verb mode for urls, etc.
)
LaTeX Info: Redefining \url on input line 3428.

(/usr/share/texmf-texlive/tex/generic/oberdiek/bitset.sty
Package: bitset 2007/09/28 v1.0 Data type bit set (HO)

(/usr/share/texmf-texlive/tex/generic/oberdiek/intcalc.sty
Package: intcalc 2007/09/27 v1.1 Expandable integer calculations (HO)
)
(/usr/share/texmf-texlive/tex/generic/oberdiek/bigintcalc.sty
Package: bigintcalc 2007/11/11 v1.1 Expandable big integer calculations (HO)

(/usr/share/texmf-texlive/tex/generic/oberdiek/pdftexcmds.sty
Package: pdftexcmds 2009/09/23 v0.6 LuaTeX support for pdfTeX utility functions
 (HO)

(/usr/share/texmf-texlive/tex/generic/oberdiek/ifluatex.sty
Package: ifluatex 2009/04/17 v1.2 Provides the ifluatex switch (HO)
Package ifluatex Info: LuaTeX not detected.
)
(/usr/share/texmf-texlive/tex/generic/oberdiek/ltxcmds.sty
Package: ltxcmds 2009/08/05 v1.0 Some LaTeX kernel commands for general use (HO
)
)
Package pdftexcmds Info: LuaTeX not detected.
Package pdftexcmds Info: \pdf@primitive is available.
Package pdftexcmds Info: \pdf@ifprimitive is available.
)))
\Fld@menulength=\count113
\Field@Width=\dimen120
\Fld@charsize=\dimen121
\Field@toks=\toks22
Package hyperref Info: Hyper figures OFF on input line 4377.
Package hyperref Info: Link nesting OFF on input line 4382.
Package hyperref Info: Hyper index ON on input line 4385.
Package hyperref Info: backreferencing OFF on input line 4392.
Package hyperref Info: Link coloring OFF on input line 4397.
Package hyperref Info: Link coloring with OCG OFF on input line 4402.
Package hyperref Info: PDF/A mode OFF on input line 4407.

(/usr/share/texmf-texlive/tex/generic/oberdiek/atbegshi.sty
Package: atbegshi 2008/07/31 v1.9 At begin shipout hook (HO)
)
\Hy@abspage=\count114
\c@Item=\count115
\c@Hfootnote=\count116
)
*hyperref using default driver hpdftex*
(/usr/share/texmf-texlive/tex/latex/hyperref/hpdftex.def
File: hpdftex.def 2009/10/09 v6.79a Hyperref driver for pdfTeX
\Fld@listcount=\count117
)
(/usr/share/texmf-texlive/tex/latex/oberdiek/epstopdf.sty
Package: epstopdf 2009/10/17 v2.4 Conversion with epstopdf on the fly (HO)

(/usr/share/texmf-texlive/tex/latex/oberdiek/epstopdf-base.sty
Package: epstopdf-base 2009/10/17 v2.4 Base part for package epstopdf

(/usr/share/texmf-texlive/tex/latex/oberdiek/grfext.sty
Package: grfext 2007/09/30 v1.0 Managing graphics extensions (HO)
)

Package epstopdf Warning: Shell escape feature is not enabled.

Package grfext Info: Graphics extension search list:
(grfext)             [.png,.pdf,.jpg,.mps,.jpeg,.jbig2,.jb2,.PNG,.PDF,.JPG,.JPE
G,.JBIG2,.JB2,.eps]
(grfext)             \AppendGraphicsExtensions on input line 433.
(/usr/share/texmf-texlive/tex/latex/latexconfig/epstopdf-sys.cfg
File: epstopdf-sys.cfg 2009/10/26 v1.1 Configuration of epstopdf for TeX Live
)))
\c@theorem=\count118
\c@assumption=\count119
\c@axiom=\count120
\c@conjecture=\count121
\c@corollary=\count122
\c@definition=\count123
\c@lemma=\count124
\c@proposition=\count125
\c@example=\count126
\c@exercise=\count127
\c@notation=\count128
\c@remark=\count129

(./tcilatex.tex
TCILATEX Macros for Scientific Word 3.5 <19 July 2000>.
NOTICE: This macro file is NOT proprietary and may be freely copied and distrib
uted.
\@hour=\count130
\@minute=\count131
\GRAPHICSTYPE=\count132
\draft=\count133
\dispkind=\count134
\c@chapter=\count135
\theight=\dimen122
LaTeX Info: Redefining \rm on input line 597.
LaTeX Info: Redefining \sf on input line 598.
LaTeX Info: Redefining \tt on input line 599.
LaTeX Info: Redefining \bf on input line 600.
LaTeX Info: Redefining \it on input line 601.
LaTeX Info: Redefining \sl on input line 602.
LaTeX Info: Redefining \sc on input line 603.
\c@equationnumber=\count136
amsmath already loaded amsgen already loaded)

LaTeX Warning: Unused global option(s):
    [thmsb].

(./begs_theory_outline_anmol_1.aux

LaTeX Warning: Label `eq-QLRA obj' multiply defined.


LaTeX Warning: Label `sys- QLRA constraint' multiply defined.


LaTeX Warning: Label `eq-resoruces' multiply defined.

)
\openout1 = `begs_theory_outline_anmol_1.aux'.

LaTeX Font Info:    Checking defaults for OML/cmm/m/it on input line 95.
LaTeX Font Info:    ... okay on input line 95.
LaTeX Font Info:    Checking defaults for T1/cmr/m/n on input line 95.
LaTeX Font Info:    ... okay on input line 95.
LaTeX Font Info:    Checking defaults for OT1/cmr/m/n on input line 95.
LaTeX Font Info:    ... okay on input line 95.
LaTeX Font Info:    Checking defaults for OMS/cmsy/m/n on input line 95.
LaTeX Font Info:    ... okay on input line 95.
LaTeX Font Info:    Checking defaults for OMX/cmex/m/n on input line 95.
LaTeX Font Info:    ... okay on input line 95.
LaTeX Font Info:    Checking defaults for U/cmr/m/n on input line 95.
LaTeX Font Info:    ... okay on input line 95.
LaTeX Font Info:    Checking defaults for PD1/pdf/m/n on input line 95.
LaTeX Font Info:    ... okay on input line 95.
 (/usr/share/texmf-texlive/tex/context/base/supp-pdf.mkii
[Loading MPS to PDF converter (version 2006.09.02).]
\scratchcounter=\count137
\scratchdimen=\dimen123
\scratchbox=\box29
\nofMPsegments=\count138
\nofMParguments=\count139
\everyMPshowfont=\toks23
\MPscratchCnt=\count140
\MPscratchDim=\dimen124
\MPnumerator=\count141
\everyMPtoPDFconversion=\toks24
)
Package hyperref Info: Link coloring OFF on input line 95.
 (/usr/share/texmf-texlive/tex/latex/hyperref/nameref.sty
Package: nameref 2007/05/29 v2.31 Cross-referencing by name of section
\c@section@level=\count142
)
LaTeX Info: Redefining \ref on input line 95.
LaTeX Info: Redefining \pageref on input line 95.

(./begs_theory_outline_anmol_1.out) (./begs_theory_outline_anmol_1.out)
\@outlinefile=\write3
\openout3 = `begs_theory_outline_anmol_1.out'.

\AtBeginShipoutBox=\box30
LaTeX Font Info:    Try loading font information for U+msa on input line 100.

(/usr/share/texmf-texlive/tex/latex/amsfonts/umsa.fd
File: umsa.fd 2009/06/22 v3.00 AMS symbols A
)
LaTeX Font Info:    Try loading font information for U+msb on input line 100.

(/usr/share/texmf-texlive/tex/latex/amsfonts/umsb.fd
File: umsb.fd 2009/06/22 v3.00 AMS symbols B
)

LaTeX Warning: No \author given.

[1

{/var/lib/texmf/fonts/map/pdftex/updmap/pdftex.map}]
LaTeX Font Info:    Try loading font information for OMS+cmr on input line 195.


(/usr/share/texmf-texlive/tex/latex/base/omscmr.fd
File: omscmr.fd 1999/05/25 v2.5h Standard LaTeX font definitions
)
LaTeX Font Info:    Font shape `OMS/cmr/m/it' in size <10.95> not available
(Font)              Font shape `OMS/cmsy/m/n' tried instead on input line 195.
 [2]
Overfull \hbox (57.44489pt too wide) detected at line 236
[]\OMS/cmsy/m/n/10 f[] \OML/cmm/m/it/10 T[] \OT1/cmr/m/n/10 = 0\OML/cmm/m/it/10
 ; [] [][] \OT1/cmr/m/n/10 = [][]([])\OML/cmm/m/it/10 ; [] B[] \OT1/cmr/m/n/10 
= \OML/cmm/m/it/10 B[][] [] T[] > \OT1/cmr/m/n/10 0[]\OML/cmm/m/it/10 ; [] [][]
 \OT1/cmr/m/n/10 = [][]([])\OML/cmm/m/it/10 ; [] B[] \OT1/cmr/m/n/10 = \OMS/cms
y/m/n/10 B\OT1/cmr/m/n/10 ([])\OMS/cmsy/m/n/10 g \OML/cmm/m/it/10 > \OT1/cmr/m/
n/10 0
 []

[3] [4]
Overfull \hbox (5.42181pt too wide) in paragraph at lines 351--353
[]\OT1/cmr/m/it/10.95 Suppose that $\OML/cmm/m/it/10.95 g < []\OT1/cmr/m/n/10.9
5 (\OML/cmm/m/it/10.95 s\OT1/cmr/m/n/10.95 )$ \OT1/cmr/m/it/10.95 for all $\OML
/cmm/m/it/10.95 s:$ \OT1/cmr/m/it/10.95 Let $\OML/cmm/m/it/10.95 R\OT1/cmr/m/n/
10.95 (\OML/cmm/m/it/10.95 s\OT1/cmr/m/n/10.95 )$ \OT1/cmr/m/it/10.95 be the gr
oss in-ter-est rates and $\OML/cmm/m/it/10.95 x \OT1/cmr/m/n/10.95 = \OML/cmm/m
/it/10.95 U[]\OT1/cmr/m/n/10.95 (\OML/cmm/m/it/10.95 s\OT1/cmr/m/n/10.95 ) []$ 

 []

[5] [6]
Overfull \hbox (51.593pt too wide) in paragraph at lines 491--495
[]\OT1/cmr/m/n/10.95 Suppose that fea-si-bil-ity does not bind for some $\OML/c
mm/m/it/10.95 b; s:$ \OT1/cmr/m/n/10.95 Then the op-ti-mal $\OML/cmm/m/it/10.95
 L []$ \OT1/cmr/m/n/10.95 solve $[][] [] [] []\OML/cmm/m/it/10.95 L []$
 []

[7] [8] [9] [10] [11] [12] [13]

Package hyperref Warning: Token not allowed in a PDF string (PDFDocEncoding):
(hyperref)                removing `math shift' on input line 859.


Package hyperref Warning: Token not allowed in a PDF string (PDFDocEncoding):
(hyperref)                removing `\@@overline' on input line 859.


Package hyperref Warning: Token not allowed in a PDF string (PDFDocEncoding):
(hyperref)                removing `math shift' on input line 859.

[14] [15] [16]

LaTeX Warning: Reference `lem-natural debt limit' on page 17 undefined on input
 line 1007.

[17] [18] (./begs_theory_outline_anmol_1.aux)

LaTeX Warning: There were undefined references.


LaTeX Warning: There were multiply-defined labels.

 ) 
Here is how much of TeX's memory you used:
 6418 strings out of 493848
 87165 string characters out of 1152822
 173319 words of memory out of 3000000
 9454 multiletter control sequences out of 15000+50000
 24106 words of font info for 87 fonts, out of 3000000 for 9000
 714 hyphenation exceptions out of 8191
 38i,24n,39p,981b,485s stack positions out of 5000i,500n,10000p,200000b,50000s
</usr/share/texmf-texlive/fonts/type1/public/amsfonts/cm/cmbx10.pfb></usr/sha
re/texmf-texlive/fonts/type1/public/amsfonts/cm/cmbx12.pfb></usr/share/texmf-te
xlive/fonts/type1/public/amsfonts/cm/cmbxti10.pfb></usr/share/texmf-texlive/fon
ts/type1/public/amsfonts/cm/cmex10.pfb></usr/share/texmf-texlive/fonts/type1/pu
blic/amsfonts/cmextra/cmex9.pfb></usr/share/texmf-texlive/fonts/type1/public/am
sfonts/cm/cmmi10.pfb></usr/share/texmf-texlive/fonts/type1/public/amsfonts/cm/c
mmi12.pfb></usr/share/texmf-texlive/fonts/type1/public/amsfonts/cm/cmmi5.pfb></
usr/share/texmf-texlive/fonts/type1/public/amsfonts/cm/cmmi6.pfb></usr/share/te
xmf-texlive/fonts/type1/public/amsfonts/cm/cmmi7.pfb></usr/share/texmf-texlive/
fonts/type1/public/amsfonts/cm/cmmi8.pfb></usr/share/texmf-texlive/fonts/type1/
public/amsfonts/cm/cmmi9.pfb></usr/share/texmf-texlive/fonts/type1/public/amsfo
nts/cm/cmr10.pfb></usr/share/texmf-texlive/fonts/type1/public/amsfonts/cm/cmr5.
pfb></usr/share/texmf-texlive/fonts/type1/public/amsfonts/cm/cmr6.pfb></usr/sha
re/texmf-texlive/fonts/type1/public/amsfonts/cm/cmr8.pfb></usr/share/texmf-texl
ive/fonts/type1/public/amsfonts/cm/cmr9.pfb></usr/share/texmf-texlive/fonts/typ
e1/public/amsfonts/cm/cmsy10.pfb></usr/share/texmf-texlive/fonts/type1/public/a
msfonts/cm/cmsy6.pfb></usr/share/texmf-texlive/fonts/type1/public/amsfonts/cm/c
msy7.pfb></usr/share/texmf-texlive/fonts/type1/public/amsfonts/cm/cmsy8.pfb></u
sr/share/texmf-texlive/fonts/type1/public/amsfonts/cm/cmsy9.pfb></usr/share/tex
mf-texlive/fonts/type1/public/amsfonts/cm/cmti10.pfb></usr/share/texmf-texlive/
fonts/type1/public/amsfonts/symbols/msbm10.pfb>
Output written on begs_theory_outline_anmol_1.pdf (18 pages, 360231 bytes).
PDF statistics:
 360 PDF objects out of 1000 (max. 8388607)
 113 named destinations out of 1000 (max. 500000)
 81 words of extra memory for PDF output out of 10000 (max. 10000000)

