This is pdfTeX, Version 3.1415926-2.5-1.40.14 (TeX Live 2013/Debian) (format=pdflatex 2014.11.3)  14 NOV 2014 10:56
entering extended mode
 restricted \write18 enabled.
 %&-line parsing enabled.
**begs_revision_anmol_1.tex
(./begs_revision_anmol_1.tex
LaTeX2e <2011/06/27>
Babel <3.9h> and hyphenation patterns for 78 languages loaded.
(/usr/share/texlive/texmf-dist/tex/latex/base/article.cls
Document Class: article 2007/10/19 v1.4h Standard LaTeX document class
(/usr/share/texlive/texmf-dist/tex/latex/base/size10.clo
File: size10.clo 2007/10/19 v1.4h Standard LaTeX file (size option)
)
\c@part=\count79
\c@section=\count80
\c@subsection=\count81
\c@subsubsection=\count82
\c@paragraph=\count83
\c@subparagraph=\count84
\c@figure=\count85
\c@table=\count86
\abovecaptionskip=\skip41
\belowcaptionskip=\skip42
\bibindent=\dimen102
) (./chadstyle.sty
(/usr/share/texlive/texmf-dist/tex/latex/psnfss/utopia.sty
Package: utopia 2005/04/12 PSNFSS-v9.2a (P.Dyballa) 


Package utopia Warning: This package is to be regarded as obsolete.
(utopia)                See the PSNFSS documentation.

) (/usr/share/texlive/texmf-dist/tex/latex/amsfonts/amssymb.sty
Package: amssymb 2013/01/14 v3.01 AMS font symbols

(/usr/share/texlive/texmf-dist/tex/latex/amsfonts/amsfonts.sty
Package: amsfonts 2013/01/14 v3.01 Basic AMSFonts support
\@emptytoks=\toks14
\symAMSa=\mathgroup4
\symAMSb=\mathgroup5
LaTeX Font Info:    Overwriting math alphabet `\mathfrak' in version `bold'
(Font)                  U/euf/m/n --> U/euf/b/n on input line 106.
))
(/usr/share/texlive/texmf-dist/tex/latex/amsmath/amsmath.sty
Package: amsmath 2013/01/14 v2.14 AMS math features
\@mathmargin=\skip43

For additional information on amsmath, use the `?' option.
(/usr/share/texlive/texmf-dist/tex/latex/amsmath/amstext.sty
Package: amstext 2000/06/29 v2.01

(/usr/share/texlive/texmf-dist/tex/latex/amsmath/amsgen.sty
File: amsgen.sty 1999/11/30 v2.0
\@emptytoks=\toks15
\ex@=\dimen103
))
(/usr/share/texlive/texmf-dist/tex/latex/amsmath/amsbsy.sty
Package: amsbsy 1999/11/29 v1.2d
\pmbraise@=\dimen104
)
(/usr/share/texlive/texmf-dist/tex/latex/amsmath/amsopn.sty
Package: amsopn 1999/12/14 v2.01 operator names
)
\inf@bad=\count87
LaTeX Info: Redefining \frac on input line 210.
\uproot@=\count88
\leftroot@=\count89
LaTeX Info: Redefining \overline on input line 306.
\classnum@=\count90
\DOTSCASE@=\count91
LaTeX Info: Redefining \ldots on input line 378.
LaTeX Info: Redefining \dots on input line 381.
LaTeX Info: Redefining \cdots on input line 466.
\Mathstrutbox@=\box26
\strutbox@=\box27
\big@size=\dimen105
LaTeX Font Info:    Redeclaring font encoding OML on input line 566.
LaTeX Font Info:    Redeclaring font encoding OMS on input line 567.
\macc@depth=\count92
\c@MaxMatrixCols=\count93
\dotsspace@=\muskip10
\c@parentequation=\count94
\dspbrk@lvl=\count95
\tag@help=\toks16
\row@=\count96
\column@=\count97
\maxfields@=\count98
\andhelp@=\toks17
\eqnshift@=\dimen106
\alignsep@=\dimen107
\tagshift@=\dimen108
\tagwidth@=\dimen109
\totwidth@=\dimen110
\lineht@=\dimen111
\@envbody=\toks18
\multlinegap=\skip44
\multlinetaggap=\skip45
\mathdisplay@stack=\toks19
LaTeX Info: Redefining \[ on input line 2665.
LaTeX Info: Redefining \] on input line 2666.
)
(/usr/share/texlive/texmf-dist/tex/latex/base/latexsym.sty
Package: latexsym 1998/08/17 v2.2e Standard LaTeX package (lasy symbols)
\symlasy=\mathgroup6
LaTeX Font Info:    Overwriting symbol font `lasy' in version `bold'
(Font)                  U/lasy/m/n --> U/lasy/b/n on input line 47.
)
(/usr/share/texlive/texmf-dist/tex/latex/setspace/setspace.sty
Package: setspace 2011/12/19 v6.7a set line spacing
)
(/usr/share/texlive/texmf-dist/tex/latex/graphics/graphicx.sty
Package: graphicx 1999/02/16 v1.0f Enhanced LaTeX Graphics (DPC,SPQR)

(/usr/share/texlive/texmf-dist/tex/latex/graphics/keyval.sty
Package: keyval 1999/03/16 v1.13 key=value parser (DPC)
\KV@toks@=\toks20
)
(/usr/share/texlive/texmf-dist/tex/latex/graphics/graphics.sty
Package: graphics 2009/02/05 v1.0o Standard LaTeX Graphics (DPC,SPQR)

(/usr/share/texlive/texmf-dist/tex/latex/graphics/trig.sty
Package: trig 1999/03/16 v1.09 sin cos tan (DPC)
)
(/usr/share/texlive/texmf-dist/tex/latex/latexconfig/graphics.cfg
File: graphics.cfg 2010/04/23 v1.9 graphics configuration of TeX Live
)
Package graphics Info: Driver file: dvips.def on input line 91.

(/usr/share/texlive/texmf-dist/tex/latex/graphics/dvips.def
File: dvips.def 1999/02/16 v3.0i Driver-dependant file (DPC,SPQR)
))
\Gin@req@height=\dimen112
\Gin@req@width=\dimen113
)
(/usr/share/texlive/texmf-dist/tex/latex/natbib/natbib.sty
Package: natbib 2010/09/13 8.31b (PWD, AO)
\bibhang=\skip46
\bibsep=\skip47
LaTeX Info: Redefining \cite on input line 694.
\c@NAT@ctr=\count99
)
(/usr/share/texlive/texmf-dist/tex/latex/fancyhdr/fancyhdr.sty
\fancy@headwidth=\skip48
\f@ncyO@elh=\skip49
\f@ncyO@erh=\skip50
\f@ncyO@olh=\skip51
\f@ncyO@orh=\skip52
\f@ncyO@elf=\skip53
\f@ncyO@erf=\skip54
\f@ncyO@olf=\skip55
\f@ncyO@orf=\skip56
)
(/usr/share/texlive/texmf-dist/tex/latex/graphics/color.sty
Package: color 2005/11/14 v1.0j Standard LaTeX Color (DPC)

(/usr/share/texlive/texmf-dist/tex/latex/latexconfig/color.cfg
File: color.cfg 2007/01/18 v1.5 color configuration of teTeX/TeXLive
)
Package color Info: Driver file: pdftex.def on input line 130.

(/usr/share/texlive/texmf-dist/tex/latex/pdftex-def/pdftex.def
File: pdftex.def 2011/05/27 v0.06d Graphics/color for pdfTeX

(/usr/share/texlive/texmf-dist/tex/generic/oberdiek/infwarerr.sty
Package: infwarerr 2010/04/08 v1.3 Providing info/warning/error messages (HO)
)
(/usr/share/texlive/texmf-dist/tex/generic/oberdiek/ltxcmds.sty
Package: ltxcmds 2011/11/09 v1.22 LaTeX kernel commands for general use (HO)
)
\Gread@gobject=\count100
)
(/usr/share/texlive/texmf-dist/tex/latex/graphics/dvipsnam.def
File: dvipsnam.def 1999/02/16 v3.0i Driver-dependant file (DPC,SPQR)
))
(/usr/share/texlive/texmf-dist/tex/latex/oberdiek/pdfcolmk.sty
Package: pdfcolmk 2008/08/11 v1.2 Color support for pdfTeX via marks (HO)
Package pdfcolmk Info: The color stack of pdfTeX >= 1.40 is used. Therefore
(pdfcolmk)             this package is not necessary and not loaded.
)
(/usr/share/texlive/texmf-dist/tex/latex/hyperref/hyperref.sty
Package: hyperref 2012/11/06 v6.83m Hypertext links for LaTeX

(/usr/share/texlive/texmf-dist/tex/generic/oberdiek/hobsub-hyperref.sty
Package: hobsub-hyperref 2012/05/28 v1.13 Bundle oberdiek, subset hyperref (HO)


(/usr/share/texlive/texmf-dist/tex/generic/oberdiek/hobsub-generic.sty
Package: hobsub-generic 2012/05/28 v1.13 Bundle oberdiek, subset generic (HO)
Package: hobsub 2012/05/28 v1.13 Construct package bundles (HO)
Package hobsub Info: Skipping package `infwarerr' (already loaded).
Package hobsub Info: Skipping package `ltxcmds' (already loaded).
Package: ifluatex 2010/03/01 v1.3 Provides the ifluatex switch (HO)
Package ifluatex Info: LuaTeX not detected.
Package: ifvtex 2010/03/01 v1.5 Detect VTeX and its facilities (HO)
Package ifvtex Info: VTeX not detected.
Package: intcalc 2007/09/27 v1.1 Expandable calculations with integers (HO)
Package: ifpdf 2011/01/30 v2.3 Provides the ifpdf switch (HO)
Package ifpdf Info: pdfTeX in PDF mode is detected.
Package: etexcmds 2011/02/16 v1.5 Avoid name clashes with e-TeX commands (HO)
Package etexcmds Info: Could not find \expanded.
(etexcmds)             That can mean that you are not using pdfTeX 1.50 or
(etexcmds)             that some package has redefined \expanded.
(etexcmds)             In the latter case, load this package earlier.
Package: kvsetkeys 2012/04/25 v1.16 Key value parser (HO)
Package: kvdefinekeys 2011/04/07 v1.3 Define keys (HO)
Package: pdftexcmds 2011/11/29 v0.20 Utility functions of pdfTeX for LuaTeX (HO
)
Package pdftexcmds Info: LuaTeX not detected.
Package pdftexcmds Info: \pdf@primitive is available.
Package pdftexcmds Info: \pdf@ifprimitive is available.
Package pdftexcmds Info: \pdfdraftmode found.
Package: pdfescape 2011/11/25 v1.13 Implements pdfTeX's escape features (HO)
Package: bigintcalc 2012/04/08 v1.3 Expandable calculations on big integers (HO
)
Package: bitset 2011/01/30 v1.1 Handle bit-vector datatype (HO)
Package: uniquecounter 2011/01/30 v1.2 Provide unlimited unique counter (HO)
)
Package hobsub Info: Skipping package `hobsub' (already loaded).
Package: letltxmacro 2010/09/02 v1.4 Let assignment for LaTeX macros (HO)
Package: hopatch 2012/05/28 v1.2 Wrapper for package hooks (HO)
Package: xcolor-patch 2011/01/30 xcolor patch
Package: atveryend 2011/06/30 v1.8 Hooks at the very end of document (HO)
Package atveryend Info: \enddocument detected (standard20110627).
Package: atbegshi 2011/10/05 v1.16 At begin shipout hook (HO)
Package: refcount 2011/10/16 v3.4 Data extraction from label references (HO)
Package: hycolor 2011/01/30 v1.7 Color options for hyperref/bookmark (HO)
)
(/usr/share/texlive/texmf-dist/tex/generic/ifxetex/ifxetex.sty
Package: ifxetex 2010/09/12 v0.6 Provides ifxetex conditional
)
(/usr/share/texlive/texmf-dist/tex/latex/oberdiek/auxhook.sty
Package: auxhook 2011/03/04 v1.3 Hooks for auxiliary files (HO)
)
(/usr/share/texlive/texmf-dist/tex/latex/oberdiek/kvoptions.sty
Package: kvoptions 2011/06/30 v3.11 Key value format for package options (HO)
)
\@linkdim=\dimen114
\Hy@linkcounter=\count101
\Hy@pagecounter=\count102

(/usr/share/texlive/texmf-dist/tex/latex/hyperref/pd1enc.def
File: pd1enc.def 2012/11/06 v6.83m Hyperref: PDFDocEncoding definition (HO)
)
\Hy@SavedSpaceFactor=\count103

(/usr/share/texlive/texmf-dist/tex/latex/latexconfig/hyperref.cfg
File: hyperref.cfg 2002/06/06 v1.2 hyperref configuration of TeXLive
)
Package hyperref Info: Option `colorlinks' set `true' on input line 4319.


! Package hyperref Error: Wrong DVI mode driver option `ps2pdf',
(hyperref)                because pdfTeX or LuaTeX is running in PDF mode.

See the hyperref package documentation for explanation.
Type  H <return>  for immediate help.
 ...                                              
                                                  
l.4319 \ProcessKeyvalOptions{Hyp}
                                 
Try typing  <return>  to proceed.
If that doesn't work, type  X <return>  to quit.

Package hyperref Info: Option `breaklinks' set `true' on input line 4319.
Package hyperref Info: Option `bookmarks' set `false' on input line 4319.
Package hyperref Info: Option `hyperfootnotes' set `false' on input line 4319.
Package hyperref Info: Hyper figures OFF on input line 4443.
Package hyperref Info: Link nesting OFF on input line 4448.
Package hyperref Info: Hyper index ON on input line 4451.
Package hyperref Info: Plain pages OFF on input line 4458.
Package hyperref Info: Backreferencing OFF on input line 4463.
Package hyperref Info: Implicit mode ON; LaTeX internals redefined.
Package hyperref Info: Bookmarks OFF on input line 4694.
\c@Hy@tempcnt=\count104
(/usr/share/texlive/texmf-dist/tex/latex/url/url.sty
\Urlmuskip=\muskip11
Package: url 2013/09/16  ver 3.4  Verb mode for urls, etc.
)
LaTeX Info: Redefining \url on input line 5041.
\XeTeXLinkMargin=\dimen115
\Fld@menulength=\count105
\Field@Width=\dimen116
\Fld@charsize=\dimen117
Package hyperref Info: Hyper figures OFF on input line 6295.
Package hyperref Info: Link nesting OFF on input line 6300.
Package hyperref Info: Hyper index ON on input line 6303.
Package hyperref Info: backreferencing OFF on input line 6310.
Package hyperref Info: Link coloring ON on input line 6313.
Package hyperref Info: Link coloring with OCG OFF on input line 6320.
Package hyperref Info: PDF/A mode OFF on input line 6325.
LaTeX Info: Redefining \ref on input line 6365.
LaTeX Info: Redefining \pageref on input line 6369.
\Hy@abspage=\count106
\c@Item=\count107
)

Package hyperref Message: Driver (autodetected): hpdftex.

(/usr/share/texlive/texmf-dist/tex/latex/hyperref/hpdftex.def
File: hpdftex.def 2012/11/06 v6.83m Hyperref driver for pdfTeX
\Fld@listcount=\count108
\c@bookmark@seq@number=\count109

(/usr/share/texlive/texmf-dist/tex/latex/oberdiek/rerunfilecheck.sty
Package: rerunfilecheck 2011/04/15 v1.7 Rerun checks for auxiliary files (HO)
Package uniquecounter Info: New unique counter `rerunfilecheck' on input line 2
82.
)
\Hy@SectionHShift=\skip57
)
(/usr/share/texlive/texmf-dist/tex/latex/oberdiek/hypcap.sty
Package: hypcap 2011/02/16 v1.11 Adjusting the anchors of captions (HO)
))
\c@proposition=\count110

(/usr/share/texlive/texmf-dist/tex/latex/appendix/appendix.sty
Package: appendix 2009/09/02 v1.2b extra appendix facilities
\c@@pps=\count111
\c@@ppsavesec=\count112
\c@@ppsaveapp=\count113
)
(/usr/share/texlive/texmf-dist/tex/latex/lineno/lineno.sty
Package: lineno 2005/11/02 line numbers on paragraphs v4.41
\linenopenalty=\count114
\output=\toks21
\linenoprevgraf=\count115
\linenumbersep=\dimen118
\linenumberwidth=\dimen119
\c@linenumber=\count116
\c@pagewiselinenumber=\count117
\c@LN@truepage=\count118


Package lineno Warning: Option [displaymath] is obsolete -- default now!.

\c@internallinenumber=\count119
\c@internallinenumbers=\count120
\quotelinenumbersep=\dimen120
\bframerule=\dimen121
\bframesep=\dimen122
\bframebox=\box28
LaTeX Info: Redefining \\ on input line 3056.
) (/usr/share/texlive/texmf-dist/tex/latex/tools/bm.sty
Package: bm 2004/02/26 v1.1c Bold Symbol Support (DPC/FMi)
\symboldoperators=\mathgroup7
\symboldletters=\mathgroup8
\symboldsymbols=\mathgroup9
\symboldlasy=\mathgroup10
LaTeX Font Info:    Redeclaring math alphabet \mathbf on input line 138.
LaTeX Info: Redefining \bm on input line 204.
)
(/usr/share/texlive/texmf-dist/tex/latex/oberdiek/epstopdf.sty
Package: epstopdf 2010/02/09 v2.5 Conversion with epstopdf on the fly (HO)

(/usr/share/texlive/texmf-dist/tex/latex/oberdiek/epstopdf-base.sty
Package: epstopdf-base 2010/02/09 v2.5 Base part for package epstopdf

(/usr/share/texlive/texmf-dist/tex/latex/oberdiek/grfext.sty
Package: grfext 2010/08/19 v1.1 Manage graphics extensions (HO)
)
Package epstopdf-base Info: Redefining graphics rule for `.eps' on input line 4
34.
Package grfext Info: Graphics extension search list:
(grfext)             [.png,.pdf,.jpg,.mps,.jpeg,.jbig2,.jb2,.PNG,.PDF,.JPG,.JPE
G,.JBIG2,.JB2,.eps]
(grfext)             \AppendGraphicsExtensions on input line 452.

(/usr/share/texlive/texmf-dist/tex/latex/latexconfig/epstopdf-sys.cfg
File: epstopdf-sys.cfg 2010/07/13 v1.3 Configuration of (r)epstopdf for TeX Liv
e
)))
\c@theorem=\count121
\c@assumption=\count122
\c@axiom=\count123
\c@conjecture=\count124
\c@corollary=\count125
\c@definition=\count126
\c@lemma=\count127
\c@example=\count128
\c@exercise=\count129
\c@notation=\count130
\c@remark=\count131

(./tcilatex.tex
TCILATEX Macros for Scientific Word 3.5 <19 July 2000>.
NOTICE: This macro file is NOT proprietary and may be freely copied and distrib
uted.
\@hour=\count132
\@minute=\count133
\GRAPHICSTYPE=\count134
\draft=\count135
\dispkind=\count136
\c@chapter=\count137
\theight=\dimen123
LaTeX Info: Redefining \rm on input line 597.
LaTeX Info: Redefining \sf on input line 598.
LaTeX Info: Redefining \tt on input line 599.
LaTeX Info: Redefining \bf on input line 600.
LaTeX Info: Redefining \it on input line 601.
LaTeX Info: Redefining \sl on input line 602.
LaTeX Info: Redefining \sc on input line 603.
\c@equationnumber=\count138
amsmath already loaded amsgen already loaded)

LaTeX Warning: Unused global option(s):
    [11.5pt].

(./begs_revision_anmol_1.aux

LaTeX Warning: Label `tab:corr' multiply defined.

)
\openout1 = `begs_revision_anmol_1.aux'.

LaTeX Font Info:    Checking defaults for OML/cmm/m/it on input line 111.
LaTeX Font Info:    ... okay on input line 111.
LaTeX Font Info:    Checking defaults for T1/cmr/m/n on input line 111.
LaTeX Font Info:    ... okay on input line 111.
LaTeX Font Info:    Checking defaults for OT1/cmr/m/n on input line 111.
LaTeX Font Info:    ... okay on input line 111.
LaTeX Font Info:    Checking defaults for OMS/cmsy/m/n on input line 111.
LaTeX Font Info:    ... okay on input line 111.
LaTeX Font Info:    Checking defaults for OMX/cmex/m/n on input line 111.
LaTeX Font Info:    ... okay on input line 111.
LaTeX Font Info:    Checking defaults for U/cmr/m/n on input line 111.
LaTeX Font Info:    ... okay on input line 111.
LaTeX Font Info:    Checking defaults for PD1/pdf/m/n on input line 111.
LaTeX Font Info:    ... okay on input line 111.
LaTeX Font Info:    Try loading font information for OT1+put on input line 111.

 (/usr/share/texlive/texmf-dist/tex/latex/psnfss/ot1put.fd
File: ot1put.fd 2001/06/04 font definitions for OT1/put.
)
(/usr/share/texlive/texmf-dist/tex/context/base/supp-pdf.mkii
[Loading MPS to PDF converter (version 2006.09.02).]
\scratchcounter=\count139
\scratchdimen=\dimen124
\scratchbox=\box29
\nofMPsegments=\count140
\nofMParguments=\count141
\everyMPshowfont=\toks22
\MPscratchCnt=\count142
\MPscratchDim=\dimen125
\MPnumerator=\count143
\makeMPintoPDFobject=\count144
\everyMPtoPDFconversion=\toks23
)
\AtBeginShipoutBox=\box30
Package hyperref Info: Link coloring ON on input line 111.
 (/usr/share/texlive/texmf-dist/tex/latex/hyperref/nameref.sty
Package: nameref 2012/10/27 v2.43 Cross-referencing by name of section

(/usr/share/texlive/texmf-dist/tex/generic/oberdiek/gettitlestring.sty
Package: gettitlestring 2010/12/03 v1.4 Cleanup title references (HO)
)
\c@section@level=\count145
)
LaTeX Info: Redefining \ref on input line 111.
LaTeX Info: Redefining \pageref on input line 111.
LaTeX Info: Redefining \nameref on input line 111.
LaTeX Font Info:    Try loading font information for U+msa on input line 123.

(/usr/share/texlive/texmf-dist/tex/latex/amsfonts/umsa.fd
File: umsa.fd 2013/01/14 v3.01 AMS symbols A
)
LaTeX Font Info:    Try loading font information for U+msb on input line 123.

(/usr/share/texlive/texmf-dist/tex/latex/amsfonts/umsb.fd
File: umsb.fd 2013/01/14 v3.01 AMS symbols B
)
LaTeX Font Info:    Try loading font information for U+lasy on input line 123.

(/usr/share/texlive/texmf-dist/tex/latex/base/ulasy.fd
File: ulasy.fd 1998/08/17 v2.2e LaTeX symbol font definitions
)
LaTeX Font Info:    Font shape `U/lasy/b/n' in size <8> not available
(Font)              Font shape `U/lasy/m/n' tried instead on input line 123.
LaTeX Font Info:    Font shape `U/lasy/b/n' in size <6> not available
(Font)              Font shape `U/lasy/m/n' tried instead on input line 123.
LaTeX Font Info:    Font shape `U/lasy/b/n' in size <5> not available
(Font)              Font shape `U/lasy/m/n' tried instead on input line 123.
 [1


Non-PDF special ignored!{/var/lib/texmf/fonts/map/pdftex/updmap/pdftex.map}]
LaTeX Font Info:    Font shape `U/lasy/b/n' in size <7> not available
(Font)              Font shape `U/lasy/m/n' tried instead on input line 170.


! Package amsmath Error: Multiple \label's: label 'eqn:feasiblity' will be lost
.

See the amsmath package documentation for explanation.
Type  H <return>  for immediate help.
 ...                                              
                                                  
l.193 ...i=1}^{I}\pi_{i}\theta_{i,t}l_{i,t},\label
                                                  {feasibility goods}
Your command was ignored.
Type  I <command> <return>  to replace it with another command,
or  <return>  to continue without it.

pdfTeX warning (ext4): destination with the same identifier (name{page.1}) has 
been already used, duplicate ignored
<to be read again> 
                   \relax 
l.216 \[
         [1] [2]
Overfull \hbox (9.35548pt too wide) in paragraph at lines 350--358
\OT1/put/m/it/10 there ex-ist se-quences $[][]$ and $[][]$ that sat-isfy ([][]6
[][]) such that $[][]$ and $[][]$
 []


Underfull \vbox (badness 3907) has occurred while \output is active []

 [3]
[4]

LaTeX Warning: Reference `appndx: affine eqm nec and stuff' on page 5 undefined
 on input line 446.

[5]
Overfull \hbox (27.31424pt too wide) in paragraph at lines 528--532
\OT1/put/m/n/10 prob-lem re-cur-sively. For the pur-pose of con-struct-ing a re
-cur-sive rep-re-sen-ta-tion, let $\OML/cmm/b/it/10 x \OT1/cmr/m/n/10 = [][] []
$\OT1/put/m/n/10 ,
 []


Underfull \vbox (badness 10000) has occurred while \output is active []

 [6]
Underfull \vbox (badness 10000) has occurred while \output is active []

 [7]
[8] [9] [10]

LaTeX Warning: Reference `' on page 11 undefined on input line 719.

LaTeX Font Info:    Try loading font information for OMS+put on input line 725.

(/usr/share/texlive/texmf-dist/tex/latex/psnfss/omsput.fd
File: omsput.fd 
)
LaTeX Font Info:    Font shape `OMS/put/m/it' in size <10> not available
(Font)              Font shape `OMS/cmsy/m/n' tried instead on input line 725.

<plots/ErgodicQL.pdf, id=204, 1045.9075pt x 555.07375pt>
File: plots/ErgodicQL.pdf Graphic file (type pdf)

<use plots/ErgodicQL.pdf>
Package pdftex.def Info: plots/ErgodicQL.pdf used on input line 742.
(pdftex.def)             Requested size: 505.89pt x 268.48204pt.

Overfull \hbox (50.64592pt too wide) in paragraph at lines 742--743
 [][] 
 []

[11]

LaTeX Warning: Reference `Sec: ricardian eq' on page 12 undefined on input line
 751.


Underfull \vbox (badness 1237) has occurred while \output is active []

 [12 <./plots/ErgodicQL.pdf>]
LaTeX Font Info:    Font shape `U/lasy/b/n' in size <9> not available
(Font)              Font shape `U/lasy/m/n' tried instead on input line 783.

Overfull \hbox (13.64594pt too wide) detected at line 783
[]\OMS/cmsy/m/n/9 f[] \OML/cmm/m/it/9 T[] \OT1/cmr/m/n/9 = 0\OML/cmm/m/it/9 ; [
] [][] \OT1/cmr/m/n/9 = [][]([])\OML/cmm/m/it/9 ; [] B[] \OT1/cmr/m/n/9 = \OML/
cmm/m/it/9 B[][] [] T[] > \OT1/cmr/m/n/9 0[]\OML/cmm/m/it/9 ; [] [][] \OT1/cmr/
m/n/9 = [][]([])\OML/cmm/m/it/9 ; [] B[] \OT1/cmr/m/n/9 = \OMS/cmsy/m/n/9 B\OT1
/cmr/m/n/9 ([])\OMS/cmsy/m/n/9 g \OML/cmm/m/it/9 > \OT1/cmr/m/n/9 0
 []

[13]
Underfull \vbox (badness 2096) has occurred while \output is active []

 [14]
Overfull \hbox (1.81621pt too wide) in paragraph at lines 842--844
[]\OT1/put/m/n/10 For the IID case, the op-ti-mal pol-icy solves the fol-low-in
g Bell-man equa-tion for $\OML/cmm/b/it/10 x\OT1/cmr/m/n/10 (\OML/cmm/m/it/10 s
[]\OT1/cmr/m/n/10 ) = \OML/cmm/b/it/10 x\OML/cmm/m/it/10 ; []\OT1/cmr/m/n/10 (\
OML/cmm/m/it/10 s[]\OT1/cmr/m/n/10 ) =
 []


LaTeX Warning: Reference `apndx: numerical methods' on page 15 undefined on inp
ut line 858.


Overfull \hbox (4.82817pt too wide) detected at line 882
[]\OML/cmm/m/it/10 U[]\OT1/cmr/m/n/10 ([](\OML/cmm/m/it/10 s\OT1/cmr/m/n/10 )\O
ML/cmm/m/it/10 ; []; s\OT1/cmr/m/n/10 ) \OMS/cmsy/m/n/10 ^^@ [] [][]\OML/cmm/m/
it/10 Z[]\OT1/cmr/m/n/10 ([](\OML/cmm/m/it/10 s\OT1/cmr/m/n/10 )\OML/cmm/m/it/1
0 ; []; s\OT1/cmr/m/n/10 ) + [][]\OML/cmm/m/it/10 P\OT1/cmr/m/n/10 (\OML/cmm/m/
it/10 s\OT1/cmr/m/n/10 )\OML/cmm/m/it/10 U[]\OT1/cmr/m/n/10 ([](\OML/cmm/m/it/1
0 s\OT1/cmr/m/n/10 )\OML/cmm/m/it/10 ; []; s\OT1/cmr/m/n/10 ) \OMS/cmsy/m/n/10 
^^@ [][][]\U/msb/m/n/10 E\OML/cmm/m/it/10 P\OT1/cmr/m/n/10 (\OML/cmm/m/it/10 s\
OT1/cmr/m/n/10 )\OML/cmm/m/it/10 U[]\OT1/cmr/m/n/10 ([](\OML/cmm/m/it/10 s\OT1/
cmr/m/n/10 )\OML/cmm/m/it/10 ; []\OT1/cmr/m/n/10 (\OML/cmm/m/it/10 s\OT1/cmr/m/
n/10 )\OML/cmm/m/it/10 ; s\OT1/cmr/m/n/10 ) = 0\OML/cmm/m/it/10 :[]
 []

[15]
Overfull \hbox (4.51183pt too wide) in paragraph at lines 907--909
[]\OT1/put/m/it/10 Suppose that $\OML/cmm/m/it/10 g < []\OT1/cmr/m/n/10 (\OML/c
mm/m/it/10 s\OT1/cmr/m/n/10 )$ \OT1/put/m/it/10 for all $\OML/cmm/m/it/10 s:$ \
OT1/put/m/it/10 Let $\OML/cmm/m/it/10 R\OT1/cmr/m/n/10 (\OML/cmm/m/it/10 s\OT1/
cmr/m/n/10 )$ \OT1/put/m/it/10 be the gross in-ter-est rates and $\OML/cmm/m/it
/10 x \OT1/cmr/m/n/10 = \OML/cmm/m/it/10 U[]\OT1/cmr/m/n/10 (\OML/cmm/m/it/10 s
\OT1/cmr/m/n/10 ) []$ 
 []

[16]

LaTeX Warning: Reference `prop: long run forces' on page 17 undefined on input 
line 968.


LaTeX Warning: Reference `prop: long run forces' on page 17 undefined on input 
line 976.


LaTeX Warning: Reference `apndx: numerical methods' on page 17 undefined on inp
ut line 983.

[17]

LaTeX Warning: Reference `' on page 18 undefined on input line 1001.


LaTeX Warning: Reference `' on page 18 undefined on input line 1016.


LaTeX Warning: Reference `' on page 18 undefined on input line 1018.


Underfull \vbox (badness 4024) has occurred while \output is active []

 [18]
<fg13.jpeg, id=325, 313.17pt x 243.5499pt>
File: fg13.jpeg Graphic file (type jpg)
 <use fg13.jpeg>
Package pdftex.def Info: fg13.jpeg used on input line 1045.
(pdftex.def)             Requested size: 227.62204pt x 177.02438pt.
 [19] [20 <./fg13.jpeg>]
LaTeX Font Info:    Font shape `OMS/put/m/n' in size <10> not available
(Font)              Font shape `OMS/cmsy/m/n' tried instead on input line 1096.


Underfull \hbox (badness 10000) in paragraph at lines 1096--1097
[]\OT1/put/m/n/10 Wages dis-per-sion for
 []


Underfull \hbox (badness 10000) in paragraph at lines 1096--1097
\OMS/cmsy/m/n/10 f\OT1/put/m/n/10 10,25,50,75,90\OMS/cmsy/m/n/10 g \OT1/put/m/n
/10 per-
 []


Underfull \hbox (badness 1072) in paragraph at lines 1097--1098
[]\OT1/put/m/n/10 Average Frisch elas-tic-ity
 []


Underfull \hbox (badness 10000) in paragraph at lines 1099--1100
[]\OT1/put/m/n/10 Heterogeneity in wage
 []


Underfull \hbox (badness 10000) in paragraph at lines 1099--1100
\OT1/put/m/n/10 growth over busi-ness
 []


Underfull \hbox (badness 10000) in paragraph at lines 1100--1101
[]\OT1/put/m/n/10 Covariance be-tween
 []


Underfull \hbox (badness 8132) in paragraph at lines 1100--1101
\OT1/put/m/n/10 hold-ing pe-riod re-turns
 []


Underfull \hbox (badness 10000) in paragraph at lines 1102--1102
[]\OT1/put/m/n/10 Average pre-transfer
 []


Underfull \hbox (badness 10000) in paragraph at lines 1102--1102
\OT1/put/m/n/10 expenditure- out-put
 []

[21] <cesplots/long_simulation_debt.png, id=357, 433.62pt x 289.08pt>
File: cesplots/long_simulation_debt.png Graphic file (type png)

<use cesplots/long_simulation_debt.png>
Package pdftex.def Info: cesplots/long_simulation_debt.png used on input line 1
118.
(pdftex.def)             Requested size: 409.71689pt x 273.15997pt.

Underfull \vbox (badness 10000) has occurred while \output is active []

 [22 <./cesplots/long_simulation_debt.png>]
<cesplots/speed_of_convergence.png, id=372, 433.62pt x 289.08pt>
File: cesplots/speed_of_convergence.png Graphic file (type png)

<use cesplots/speed_of_convergence.png>
Package pdftex.def Info: cesplots/speed_of_convergence.png used on input line 1
143.
(pdftex.def)             Requested size: 409.71689pt x 273.15997pt.

<cesplots/taxes_only_bad_shocks.png, id=374, 578.16pt x 433.62pt>
File: cesplots/taxes_only_bad_shocks.png Graphic file (type png)

<use cesplots/taxes_only_bad_shocks.png>
Package pdftex.def Info: cesplots/taxes_only_bad_shocks.png used on input line 
1157.
(pdftex.def)             Requested size: 364.19664pt x 273.14235pt.


LaTeX Warning: Reference `fig: comp_statics' on page 23 undefined on input line
 1164.


Underfull \vbox (badness 10000) has occurred while \output is active []

 [23 <./cesplots/speed_of_convergence.png>] [24 <./cesplots/taxes_only_bad_shoc
ks.png>]
<cesplots/irf_bm_chi_shocks.png, id=390, 433.62pt x 289.08pt>
File: cesplots/irf_bm_chi_shocks.png Graphic file (type png)

<use cesplots/irf_bm_chi_shocks.png>
Package pdftex.def Info: cesplots/irf_bm_chi_shocks.png used on input line 1193
.
(pdftex.def)             Requested size: 409.71689pt x 273.15997pt.

Underfull \vbox (badness 2088) has occurred while \output is active []

 [25 <./cesplots/irf_bm_chi_shocks.png>] [26]
Underfull \vbox (badness 5374) has occurred while \output is active []

 [27]
Underfull \vbox (badness 2096) has occurred while \output is active []

 [28]
(./begs_revision_anmol_1.bbl
Underfull \hbox (badness 1067) in paragraph at lines 52--55
\OT1/put/m/it/10 Jour-nal of Po-lit-i-cal Econ-omy\OT1/put/m/n/10 , 122(3): pp.
 621--660, URL: [][]$http : / / www . jstor . org / stable / 10 . 1086 /
 []

[29]
Underfull \hbox (badness 1033) in paragraph at lines 60--65
\OT1/put/m/n/10 www . sciencedirect . com / science / article / pii / 016518898
0900524$[][], DOI: [][]$http : / / dx . doi . org / http : / / dx .
 []


Underfull \hbox (badness 5105) in paragraph at lines 67--72
[]\OT1/put/b/n/10 Lucas, Robert E, and Nancy L Stokey. \OT1/put/m/n/10 1983. ``
Op-ti-mal fis-cal and mon-e-tary pol-icy in an
 []


Underfull \hbox (badness 6944) in paragraph at lines 67--72
\OT1/put/m/n/10 econ-omy with-out cap-i-tal.'' \OT1/put/m/it/10 Jour-nal of Mon
-e-tary Eco-nomics\OT1/put/m/n/10 , 12(1): 55--93, URL: [][]$http : / /
 []


Underfull \hbox (badness 1033) in paragraph at lines 67--72
\OT1/put/m/n/10 www . sciencedirect . com / science / article / pii / 030439328
3900491$[][], DOI: [][]$http : / / dx . doi . org / http : / / dx .
 []

) [30]
Package atveryend Info: Empty hook `BeforeClearDocument' on input line 1368.
Package atveryend Info: Empty hook `AfterLastShipout' on input line 1368.
 (./begs_revision_anmol_1.aux)
Package atveryend Info: Executing hook `AtVeryEndDocument' on input line 1368.
Package atveryend Info: Empty hook `AtEndAfterFileList' on input line 1368.


LaTeX Warning: There were undefined references.


LaTeX Warning: There were multiply-defined labels.

Package atveryend Info: Empty hook `AtVeryVeryEnd' on input line 1368.
 ) 
Here is how much of TeX's memory you used:
 7976 strings out of 493304
 112091 string characters out of 6139871
 205032 words of memory out of 5000000
 11091 multiletter control sequences out of 15000+600000
 79620 words of font info for 121 fonts, out of 8000000 for 9000
 957 hyphenation exceptions out of 8191
 36i,16n,45p,1000b,509s stack positions out of 5000i,500n,10000p,200000b,80000s
{/usr/share/texlive/texmf-dist/fonts/enc/dvips/base/8r.enc}</usr/share/texliv
e/texmf-dist/fonts/type1/public/amsfonts/cm/cmex10.pfb></usr/share/texlive/texm
f-dist/fonts/type1/public/amsfonts/cmextra/cmex8.pfb></usr/share/texlive/texmf-
dist/fonts/type1/public/amsfonts/cm/cmmi10.pfb></usr/share/texlive/texmf-dist/f
onts/type1/public/amsfonts/cm/cmmi5.pfb></usr/share/texlive/texmf-dist/fonts/ty
pe1/public/amsfonts/cm/cmmi6.pfb></usr/share/texlive/texmf-dist/fonts/type1/pub
lic/amsfonts/cm/cmmi7.pfb></usr/share/texlive/texmf-dist/fonts/type1/public/ams
fonts/cm/cmmi8.pfb></usr/share/texlive/texmf-dist/fonts/type1/public/amsfonts/c
m/cmmi9.pfb></usr/share/texlive/texmf-dist/fonts/type1/public/amsfonts/cm/cmmib
10.pfb></usr/share/texlive/texmf-dist/fonts/type1/public/amsfonts/cmextra/cmmib
7.pfb></usr/share/texlive/texmf-dist/fonts/type1/public/amsfonts/cmextra/cmmib8
.pfb></usr/share/texlive/texmf-dist/fonts/type1/public/amsfonts/cm/cmr10.pfb></
usr/share/texlive/texmf-dist/fonts/type1/public/amsfonts/cm/cmr5.pfb></usr/shar
e/texlive/texmf-dist/fonts/type1/public/amsfonts/cm/cmr6.pfb></usr/share/texliv
e/texmf-dist/fonts/type1/public/amsfonts/cm/cmr7.pfb></usr/share/texlive/texmf-
dist/fonts/type1/public/amsfonts/cm/cmr8.pfb></usr/share/texlive/texmf-dist/fon
ts/type1/public/amsfonts/cm/cmr9.pfb></usr/share/texlive/texmf-dist/fonts/type1
/public/amsfonts/cm/cmsy10.pfb></usr/share/texlive/texmf-dist/fonts/type1/publi
c/amsfonts/cm/cmsy5.pfb></usr/share/texlive/texmf-dist/fonts/type1/public/amsfo
nts/cm/cmsy6.pfb></usr/share/texlive/texmf-dist/fonts/type1/public/amsfonts/cm/
cmsy7.pfb></usr/share/texlive/texmf-dist/fonts/type1/public/amsfonts/cm/cmsy8.p
fb></usr/share/texlive/texmf-dist/fonts/type1/public/amsfonts/cm/cmsy9.pfb></us
r/share/texlive/texmf-dist/fonts/type1/public/amsfonts/cm/cmtt12.pfb></usr/shar
e/texlive/texmf-dist/fonts/type1/public/amsfonts/symbols/msbm10.pfb></usr/share
/texlive/texmf-dist/fonts/type1/public/amsfonts/symbols/msbm7.pfb></usr/share/t
exlive/texmf-dist/fonts/type1/adobe/utopia/putb8a.pfb></usr/share/texlive/texmf
-dist/fonts/type1/adobe/utopia/putbi8a.pfb></usr/share/texlive/texmf-dist/fonts
/type1/adobe/utopia/putr8a.pfb></usr/share/texlive/texmf-dist/fonts/type1/adobe
/utopia/putri8a.pfb>
Output written on begs_revision_anmol_1.pdf (31 pages, 1235600 bytes).
PDF statistics:
 638 PDF objects out of 1000 (max. 8388607)
 555 compressed objects within 6 object streams
 175 named destinations out of 1000 (max. 500000)
 31 words of extra memory for PDF output out of 10000 (max. 10000000)

