\BOOKMARK [1][-]{section.1}{Introduction}{}
\BOOKMARK [2][-]{subsection.1.1}{Relationships to literatures}{section.1}
\BOOKMARK [1][-]{section.2}{Environment}{}
\BOOKMARK [2][-]{subsection.2.1}{State dimension reduction}{section.2}
\BOOKMARK [1][-]{section.3}{Optimal equilibria with affine taxes}{}
\BOOKMARK [1][-]{section.4}{Asymptotic properties of optimal allocations}{}
\BOOKMARK [1][-]{section.5}{Quasilinear preferences}{}
\BOOKMARK [2][-]{subsection.5.1}{Representative agent}{section.5}
\BOOKMARK [3][-]{section*.1}{Environment}{subsection.5.1}
\BOOKMARK [3][-]{section*.2}{Results}{subsection.5.1}
\BOOKMARK [2][-]{subsection.5.2}{Heterogeneous agent economy with quasilinear preferences}{section.5}
\BOOKMARK [1][-]{section.6}{More general economies}{}
\BOOKMARK [2][-]{subsection.6.1}{Eventual complete hedging with binary shocks}{section.6}
\BOOKMARK [3][-]{section*.3}{A two-agent example}{subsection.6.1}
\BOOKMARK [2][-]{subsection.6.2}{Stability}{section.6}
\BOOKMARK [1][-]{section.7}{Numerical example}{}
\BOOKMARK [2][-]{subsection.7.1}{Calibration}{section.7}
\BOOKMARK [2][-]{subsection.7.2}{Long run outcomes}{section.7}
\BOOKMARK [2][-]{subsection.7.3}{Short run}{section.7}
\BOOKMARK [1][-]{section.8}{Conclusion}{}
\BOOKMARK [1][-]{appendix.1}{Appendix}{}
\BOOKMARK [2][-]{subsection.1.1}{Extension: Borrowing constraints}{appendix.1}
\BOOKMARK [2][-]{subsection.1.2}{Proof of Theorem 1}{appendix.1}
\BOOKMARK [2][-]{subsection.1.3}{Proof of Theorem 1}{appendix.1}
\BOOKMARK [2][-]{subsection.1.4}{Proof of Theorem 2}{appendix.1}
\BOOKMARK [2][-]{subsection.1.5}{Proof of Theorem 3}{appendix.1}
\BOOKMARK [2][-]{subsection.1.6}{Proof of Theorem 4}{appendix.1}
\BOOKMARK [2][-]{subsection.1.7}{Proof of Theorem ??}{appendix.1}
\BOOKMARK [2][-]{subsection.1.8}{Linearization Algorithm}{appendix.1}
\BOOKMARK [2][-]{subsection.1.9}{Proof for Theorem 6}{appendix.1}
