This is pdfTeX, Version 3.14159265-2.6-1.40.15 (TeX Live 2014) (preloaded format=pdflatex 2014.5.25)  20 NOV 2014 11:35
entering extended mode
 restricted \write18 enabled.
 %&-line parsing enabled.
**begs_rev_anmol_1.tex
(./begs_rev_anmol_1.tex
LaTeX2e <2014/05/01>
Babel <3.9k> and hyphenation patterns for 78 languages loaded.
(/usr/local/texlive/2014/texmf-dist/tex/latex/base/article.cls
Document Class: article 2007/10/19 v1.4h Standard LaTeX document class
(/usr/local/texlive/2014/texmf-dist/tex/latex/base/size11.clo
File: size11.clo 2007/10/19 v1.4h Standard LaTeX file (size option)
)
\c@part=\count79
\c@section=\count80
\c@subsection=\count81
\c@subsubsection=\count82
\c@paragraph=\count83
\c@subparagraph=\count84
\c@figure=\count85
\c@table=\count86
\abovecaptionskip=\skip41
\belowcaptionskip=\skip42
\bibindent=\dimen102
)
(/usr/local/texlive/2014/texmf-dist/tex/latex/amsfonts/amsfonts.sty
Package: amsfonts 2013/01/14 v3.01 Basic AMSFonts support
\@emptytoks=\toks14
\symAMSa=\mathgroup4
\symAMSb=\mathgroup5
LaTeX Font Info:    Overwriting math alphabet `\mathfrak' in version `bold'
(Font)                  U/euf/m/n --> U/euf/b/n on input line 106.
)
(/usr/local/texlive/2014/texmf-dist/tex/latex/appendix/appendix.sty
Package: appendix 2009/09/02 v1.2b extra appendix facilities
\c@@pps=\count87
\c@@ppsavesec=\count88
\c@@ppsaveapp=\count89
)
(/usr/local/texlive/2014/texmf-dist/tex/latex/lineno/lineno.sty
Package: lineno 2005/11/02 line numbers on paragraphs v4.41
\linenopenalty=\count90
\output=\toks15
\linenoprevgraf=\count91
\linenumbersep=\dimen103
\linenumberwidth=\dimen104
\c@linenumber=\count92
\c@pagewiselinenumber=\count93
\c@LN@truepage=\count94


Package lineno Warning: Option [displaymath] is obsolete -- default now!.

\c@internallinenumber=\count95
\c@internallinenumbers=\count96
\quotelinenumbersep=\dimen105
\bframerule=\dimen106
\bframesep=\dimen107
\bframebox=\box26
LaTeX Info: Redefining \\ on input line 3056.
) (/usr/local/texlive/2014/texmf-dist/tex/latex/amsfonts/amssymb.sty
Package: amssymb 2013/01/14 v3.01 AMS font symbols
)
(/usr/local/texlive/2014/texmf-dist/tex/latex/amsmath/amsmath.sty
Package: amsmath 2013/01/14 v2.14 AMS math features
\@mathmargin=\skip43

For additional information on amsmath, use the `?' option.
(/usr/local/texlive/2014/texmf-dist/tex/latex/amsmath/amstext.sty
Package: amstext 2000/06/29 v2.01

(/usr/local/texlive/2014/texmf-dist/tex/latex/amsmath/amsgen.sty
File: amsgen.sty 1999/11/30 v2.0
\@emptytoks=\toks16
\ex@=\dimen108
))
(/usr/local/texlive/2014/texmf-dist/tex/latex/amsmath/amsbsy.sty
Package: amsbsy 1999/11/29 v1.2d
\pmbraise@=\dimen109
)
(/usr/local/texlive/2014/texmf-dist/tex/latex/amsmath/amsopn.sty
Package: amsopn 1999/12/14 v2.01 operator names
)
\inf@bad=\count97
LaTeX Info: Redefining \frac on input line 210.
\uproot@=\count98
\leftroot@=\count99
LaTeX Info: Redefining \overline on input line 306.
\classnum@=\count100
\DOTSCASE@=\count101
LaTeX Info: Redefining \ldots on input line 378.
LaTeX Info: Redefining \dots on input line 381.
LaTeX Info: Redefining \cdots on input line 466.
\Mathstrutbox@=\box27
\strutbox@=\box28
\big@size=\dimen110
LaTeX Font Info:    Redeclaring font encoding OML on input line 566.
LaTeX Font Info:    Redeclaring font encoding OMS on input line 567.
\macc@depth=\count102
\c@MaxMatrixCols=\count103
\dotsspace@=\muskip10
\c@parentequation=\count104
\dspbrk@lvl=\count105
\tag@help=\toks17
\row@=\count106
\column@=\count107
\maxfields@=\count108
\andhelp@=\toks18
\eqnshift@=\dimen111
\alignsep@=\dimen112
\tagshift@=\dimen113
\tagwidth@=\dimen114
\totwidth@=\dimen115
\lineht@=\dimen116
\@envbody=\toks19
\multlinegap=\skip44
\multlinetaggap=\skip45
\mathdisplay@stack=\toks20
LaTeX Info: Redefining \[ on input line 2665.
LaTeX Info: Redefining \] on input line 2666.
)
(/usr/local/texlive/2014/texmf-dist/tex/latex/graphics/graphicx.sty
Package: graphicx 2014/04/25 v1.0g Enhanced LaTeX Graphics (DPC,SPQR)

(/usr/local/texlive/2014/texmf-dist/tex/latex/graphics/keyval.sty
Package: keyval 2014/05/08 v1.15 key=value parser (DPC)
\KV@toks@=\toks21
)
(/usr/local/texlive/2014/texmf-dist/tex/latex/graphics/graphics.sty
Package: graphics 2009/02/05 v1.0o Standard LaTeX Graphics (DPC,SPQR)

(/usr/local/texlive/2014/texmf-dist/tex/latex/graphics/trig.sty
Package: trig 1999/03/16 v1.09 sin cos tan (DPC)
)
(/usr/local/texlive/2014/texmf-dist/tex/latex/latexconfig/graphics.cfg
File: graphics.cfg 2010/04/23 v1.9 graphics configuration of TeX Live
)
Package graphics Info: Driver file: pdftex.def on input line 91.

(/usr/local/texlive/2014/texmf-dist/tex/latex/pdftex-def/pdftex.def
File: pdftex.def 2011/05/27 v0.06d Graphics/color for pdfTeX

(/usr/local/texlive/2014/texmf-dist/tex/generic/oberdiek/infwarerr.sty
Package: infwarerr 2010/04/08 v1.3 Providing info/warning/error messages (HO)
)
(/usr/local/texlive/2014/texmf-dist/tex/generic/oberdiek/ltxcmds.sty
Package: ltxcmds 2011/11/09 v1.22 LaTeX kernel commands for general use (HO)
)
\Gread@gobject=\count109
))
\Gin@req@height=\dimen117
\Gin@req@width=\dimen118
)
(/usr/local/texlive/2014/texmf-dist/tex/latex/graphics/color.sty
Package: color 2014/04/23 v1.1a Standard LaTeX Color (DPC)

(/usr/local/texlive/2014/texmf-dist/tex/latex/latexconfig/color.cfg
File: color.cfg 2007/01/18 v1.5 color configuration of teTeX/TeXLive
)
Package color Info: Driver file: pdftex.def on input line 137.
)
(/usr/local/texlive/2014/texmf-dist/tex/latex/oberdiek/refcount.sty
Package: refcount 2011/10/16 v3.4 Data extraction from label references (HO)
)
(/usr/local/texlive/2014/texmf-dist/tex/latex/natbib/natbib.sty
Package: natbib 2010/09/13 8.31b (PWD, AO)
\bibhang=\skip46
\bibsep=\skip47
LaTeX Info: Redefining \cite on input line 694.
\c@NAT@ctr=\count110
)
(/usr/local/texlive/2014/texmf-dist/tex/latex/tools/bm.sty
Package: bm 2004/02/26 v1.1c Bold Symbol Support (DPC/FMi)
\symboldoperators=\mathgroup6
\symboldletters=\mathgroup7
\symboldsymbols=\mathgroup8
LaTeX Font Info:    Redeclaring math alphabet \mathbf on input line 137.
LaTeX Info: Redefining \bm on input line 203.
)
(/usr/local/texlive/2014/texmf-dist/tex/latex/hyperref/hyperref.sty
Package: hyperref 2012/11/06 v6.83m Hypertext links for LaTeX

(/usr/local/texlive/2014/texmf-dist/tex/generic/oberdiek/hobsub-hyperref.sty
Package: hobsub-hyperref 2012/05/28 v1.13 Bundle oberdiek, subset hyperref (HO)


(/usr/local/texlive/2014/texmf-dist/tex/generic/oberdiek/hobsub-generic.sty
Package: hobsub-generic 2012/05/28 v1.13 Bundle oberdiek, subset generic (HO)
Package: hobsub 2012/05/28 v1.13 Construct package bundles (HO)
Package hobsub Info: Skipping package `infwarerr' (already loaded).
Package hobsub Info: Skipping package `ltxcmds' (already loaded).
Package: ifluatex 2010/03/01 v1.3 Provides the ifluatex switch (HO)
Package ifluatex Info: LuaTeX not detected.
Package: ifvtex 2010/03/01 v1.5 Detect VTeX and its facilities (HO)
Package ifvtex Info: VTeX not detected.
Package: intcalc 2007/09/27 v1.1 Expandable calculations with integers (HO)
Package: ifpdf 2011/01/30 v2.3 Provides the ifpdf switch (HO)
Package ifpdf Info: pdfTeX in PDF mode is detected.
Package: etexcmds 2011/02/16 v1.5 Avoid name clashes with e-TeX commands (HO)
Package etexcmds Info: Could not find \expanded.
(etexcmds)             That can mean that you are not using pdfTeX 1.50 or
(etexcmds)             that some package has redefined \expanded.
(etexcmds)             In the latter case, load this package earlier.
Package: kvsetkeys 2012/04/25 v1.16 Key value parser (HO)
Package: kvdefinekeys 2011/04/07 v1.3 Define keys (HO)
Package: pdftexcmds 2011/11/29 v0.20 Utility functions of pdfTeX for LuaTeX (HO
)
Package pdftexcmds Info: LuaTeX not detected.
Package pdftexcmds Info: \pdf@primitive is available.
Package pdftexcmds Info: \pdf@ifprimitive is available.
Package pdftexcmds Info: \pdfdraftmode found.
Package: pdfescape 2011/11/25 v1.13 Implements pdfTeX's escape features (HO)
Package: bigintcalc 2012/04/08 v1.3 Expandable calculations on big integers (HO
)
Package: bitset 2011/01/30 v1.1 Handle bit-vector datatype (HO)
Package: uniquecounter 2011/01/30 v1.2 Provide unlimited unique counter (HO)
)
Package hobsub Info: Skipping package `hobsub' (already loaded).
Package: letltxmacro 2010/09/02 v1.4 Let assignment for LaTeX macros (HO)
Package: hopatch 2012/05/28 v1.2 Wrapper for package hooks (HO)
Package: xcolor-patch 2011/01/30 xcolor patch
Package: atveryend 2011/06/30 v1.8 Hooks at the very end of document (HO)
Package atveryend Info: \enddocument detected (standard20110627).
Package: atbegshi 2011/10/05 v1.16 At begin shipout hook (HO)
Package hobsub Info: Skipping package `refcount' (already loaded).
Package: hycolor 2011/01/30 v1.7 Color options for hyperref/bookmark (HO)
)
(/usr/local/texlive/2014/texmf-dist/tex/generic/ifxetex/ifxetex.sty
Package: ifxetex 2010/09/12 v0.6 Provides ifxetex conditional
)
(/usr/local/texlive/2014/texmf-dist/tex/latex/oberdiek/auxhook.sty
Package: auxhook 2011/03/04 v1.3 Hooks for auxiliary files (HO)
)
(/usr/local/texlive/2014/texmf-dist/tex/latex/oberdiek/kvoptions.sty
Package: kvoptions 2011/06/30 v3.11 Key value format for package options (HO)
)
\@linkdim=\dimen119
\Hy@linkcounter=\count111
\Hy@pagecounter=\count112

(/usr/local/texlive/2014/texmf-dist/tex/latex/hyperref/pd1enc.def
File: pd1enc.def 2012/11/06 v6.83m Hyperref: PDFDocEncoding definition (HO)
)
\Hy@SavedSpaceFactor=\count113

(/usr/local/texlive/2014/texmf-dist/tex/latex/latexconfig/hyperref.cfg
File: hyperref.cfg 2002/06/06 v1.2 hyperref configuration of TeXLive
)
Package hyperref Info: Hyper figures OFF on input line 4443.
Package hyperref Info: Link nesting OFF on input line 4448.
Package hyperref Info: Hyper index ON on input line 4451.
Package hyperref Info: Plain pages OFF on input line 4458.
Package hyperref Info: Backreferencing OFF on input line 4463.
Package hyperref Info: Implicit mode ON; LaTeX internals redefined.
Package hyperref Info: Bookmarks ON on input line 4688.
\c@Hy@tempcnt=\count114

(/usr/local/texlive/2014/texmf-dist/tex/latex/url/url.sty
\Urlmuskip=\muskip11
Package: url 2013/09/16  ver 3.4  Verb mode for urls, etc.
)
LaTeX Info: Redefining \url on input line 5041.
\XeTeXLinkMargin=\dimen120
\Fld@menulength=\count115
\Field@Width=\dimen121
\Fld@charsize=\dimen122
Package hyperref Info: Hyper figures OFF on input line 6295.
Package hyperref Info: Link nesting OFF on input line 6300.
Package hyperref Info: Hyper index ON on input line 6303.
Package hyperref Info: backreferencing OFF on input line 6310.
Package hyperref Info: Link coloring OFF on input line 6315.
Package hyperref Info: Link coloring with OCG OFF on input line 6320.
Package hyperref Info: PDF/A mode OFF on input line 6325.
LaTeX Info: Redefining \ref on input line 6365.
LaTeX Info: Redefining \pageref on input line 6369.
\Hy@abspage=\count116
\c@Item=\count117
\c@Hfootnote=\count118
)

Package hyperref Message: Driver (autodetected): hpdftex.

(/usr/local/texlive/2014/texmf-dist/tex/latex/hyperref/hpdftex.def
File: hpdftex.def 2012/11/06 v6.83m Hyperref driver for pdfTeX
\Fld@listcount=\count119
\c@bookmark@seq@number=\count120

(/usr/local/texlive/2014/texmf-dist/tex/latex/oberdiek/rerunfilecheck.sty
Package: rerunfilecheck 2011/04/15 v1.7 Rerun checks for auxiliary files (HO)
Package uniquecounter Info: New unique counter `rerunfilecheck' on input line 2
82.
)
\Hy@SectionHShift=\skip48
)
(/usr/local/texlive/2014/texmf-dist/tex/latex/oberdiek/epstopdf.sty
Package: epstopdf 2010/02/09 v2.5 Conversion with epstopdf on the fly (HO)

(/usr/local/texlive/2014/texmf-dist/tex/latex/oberdiek/epstopdf-base.sty
Package: epstopdf-base 2010/02/09 v2.5 Base part for package epstopdf

(/usr/local/texlive/2014/texmf-dist/tex/latex/oberdiek/grfext.sty
Package: grfext 2010/08/19 v1.1 Manage graphics extensions (HO)
)
Package grfext Info: Graphics extension search list:
(grfext)             [.png,.pdf,.jpg,.mps,.jpeg,.jbig2,.jb2,.PNG,.PDF,.JPG,.JPE
G,.JBIG2,.JB2,.eps]
(grfext)             \AppendGraphicsExtensions on input line 452.

(/usr/local/texlive/2014/texmf-dist/tex/latex/latexconfig/epstopdf-sys.cfg
File: epstopdf-sys.cfg 2010/07/13 v1.3 Configuration of (r)epstopdf for TeX Liv
e
)))
\c@theorem=\count121
\c@assumption=\count122
\c@axiom=\count123
\c@conjecture=\count124
\c@corollary=\count125
\c@definition=\count126
\c@lemma=\count127
\c@proposition=\count128
\c@example=\count129
\c@exercise=\count130
\c@notation=\count131
\c@remark=\count132

(./sw20elba.sty
TCI Document Style `sw20elba' <1 July 1994>.
NOTICE: This macro file is NOT proprietary and may be freely copied and distrib
uted.
\dummy=\dimen123
) (./tcilatex.tex
TCILATEX Macros for Scientific Word 3.5 <19 July 2000>.
NOTICE: This macro file is NOT proprietary and may be freely copied and distrib
uted.
\@hour=\count133
\@minute=\count134
\GRAPHICSTYPE=\count135
\draft=\count136
\dispkind=\count137
\c@chapter=\count138
\theight=\dimen124
LaTeX Info: Redefining \rm on input line 597.
LaTeX Info: Redefining \sf on input line 598.
LaTeX Info: Redefining \tt on input line 599.
LaTeX Info: Redefining \bf on input line 600.
LaTeX Info: Redefining \it on input line 601.
LaTeX Info: Redefining \sl on input line 602.
LaTeX Info: Redefining \sc on input line 603.
\c@equationnumber=\count139
amsmath already loaded amsgen already loaded)

LaTeX Warning: Unused global option(s):
    [thmsb].

(./begs_rev_anmol_1.aux

LaTeX Warning: Label `tab:corr' multiply defined.


LaTeX Warning: Label `eq-resoruces' multiply defined.

)
\openout1 = `begs_rev_anmol_1.aux'.

LaTeX Font Info:    Checking defaults for OML/cmm/m/it on input line 188.
LaTeX Font Info:    ... okay on input line 188.
LaTeX Font Info:    Checking defaults for T1/cmr/m/n on input line 188.
LaTeX Font Info:    ... okay on input line 188.
LaTeX Font Info:    Checking defaults for OT1/cmr/m/n on input line 188.
LaTeX Font Info:    ... okay on input line 188.
LaTeX Font Info:    Checking defaults for OMS/cmsy/m/n on input line 188.
LaTeX Font Info:    ... okay on input line 188.
LaTeX Font Info:    Checking defaults for OMX/cmex/m/n on input line 188.
LaTeX Font Info:    ... okay on input line 188.
LaTeX Font Info:    Checking defaults for U/cmr/m/n on input line 188.
LaTeX Font Info:    ... okay on input line 188.
LaTeX Font Info:    Checking defaults for PD1/pdf/m/n on input line 188.
LaTeX Font Info:    ... okay on input line 188.
 (/usr/local/texlive/2014/texmf-dist/tex/context/base/supp-pdf.mkii
[Loading MPS to PDF converter (version 2006.09.02).]
\scratchcounter=\count140
\scratchdimen=\dimen125
\scratchbox=\box29
\nofMPsegments=\count141
\nofMParguments=\count142
\everyMPshowfont=\toks22
\MPscratchCnt=\count143
\MPscratchDim=\dimen126
\MPnumerator=\count144
\makeMPintoPDFobject=\count145
\everyMPtoPDFconversion=\toks23
)
\AtBeginShipoutBox=\box30
Package hyperref Info: Link coloring OFF on input line 188.
 (/usr/local/texlive/2014/texmf-dist/tex/latex/hyperref/nameref.sty
Package: nameref 2012/10/27 v2.43 Cross-referencing by name of section

(/usr/local/texlive/2014/texmf-dist/tex/generic/oberdiek/gettitlestring.sty
Package: gettitlestring 2010/12/03 v1.4 Cleanup title references (HO)
)
\c@section@level=\count146
)
LaTeX Info: Redefining \ref on input line 188.
LaTeX Info: Redefining \pageref on input line 188.
LaTeX Info: Redefining \nameref on input line 188.

(./begs_rev_anmol_1.out) (./begs_rev_anmol_1.out)
\@outlinefile=\write3
\openout3 = `begs_rev_anmol_1.out'.

LaTeX Font Info:    Try loading font information for U+msa on input line 201.

(/usr/local/texlive/2014/texmf-dist/tex/latex/amsfonts/umsa.fd
File: umsa.fd 2013/01/14 v3.01 AMS symbols A
)
LaTeX Font Info:    Try loading font information for U+msb on input line 201.

(/usr/local/texlive/2014/texmf-dist/tex/latex/amsfonts/umsb.fd
File: umsb.fd 2013/01/14 v3.01 AMS symbols B
) [1

{/usr/local/texlive/2014/texmf-var/fonts/map/pdftex/updmap/pdftex.map}]pdfTeX w
arning (ext4): destination with the same identifier (name{page.1}) has been alr
eady used, duplicate ignored
<to be read again> 
                   \relax 
l.316 A
        type $i$ agent's  budget constraint at $t \geq 0$ is% [1]

LaTeX Warning: Reference `feasibility goods' on page 2 undefined on input line 
377.


Package hyperref Warning: Token not allowed in a PDF string (PDFDocEncoding):
(hyperref)                removing `\new@ifnextchar' on input line 430.


Package hyperref Warning: Token not allowed in a PDF string (PDFDocEncoding):
(hyperref)                removing `\smallskipamount' on input line 430.

[2] [3] [4]
Underfull \hbox (badness 1178) in paragraph at lines 644--651
[]\OT1/cmr/m/n/10.95 It is con-ve-nient and in-for-ma-tive to rep-re-sent the R
am-sey prob-lem re-cur-sively. Let $\OML/cmm/b/it/10.95 x \OT1/cmr/m/n/10.95 =
 []

[5] [6] [7] [8]

LaTeX Warning: Reference `' on page 9 undefined on input line 844.

[9]
LaTeX Font Info:    Try loading font information for OMS+cmr on input line 850.

 (/usr/local/texlive/2014/texmf-dist/tex/latex/base/omscmr.fd
File: omscmr.fd 1999/05/25 v2.5h Standard LaTeX font definitions
)
LaTeX Font Info:    Font shape `OMS/cmr/m/it' in size <10.95> not available
(Font)              Font shape `OMS/cmsy/m/n' tried instead on input line 850.

<plots/ErgodicQL.pdf, id=335, 1045.9075pt x 555.07375pt>
File: plots/ErgodicQL.pdf Graphic file (type pdf)

<use plots/ErgodicQL.pdf>
Package pdftex.def Info: plots/ErgodicQL.pdf used on input line 867.
(pdftex.def)             Requested size: 505.89pt x 268.48204pt.

Overfull \hbox (7.64592pt too wide) in paragraph at lines 867--868
 [][] 
 []


LaTeX Warning: Reference `Sec: ricardian eq' on page 10 undefined on input line
 876.

[10]
Overfull \hbox (14.44489pt too wide) detected at line 909
[]\OMS/cmsy/m/n/10 f[] \OML/cmm/m/it/10 T[] \OT1/cmr/m/n/10 = 0\OML/cmm/m/it/10
 ; [] [][] \OT1/cmr/m/n/10 = [][]([])\OML/cmm/m/it/10 ; [] B[] \OT1/cmr/m/n/10 
= \OML/cmm/m/it/10 B[][] [] T[] > \OT1/cmr/m/n/10 0[]\OML/cmm/m/it/10 ; [] [][]
 \OT1/cmr/m/n/10 = [][]([])\OML/cmm/m/it/10 ; [] B[] \OT1/cmr/m/n/10 = \OMS/cms
y/m/n/10 B\OT1/cmr/m/n/10 ([])\OMS/cmsy/m/n/10 g \OML/cmm/m/it/10 > \OT1/cmr/m/
n/10 0
 []

[11 <./plots/ErgodicQL.pdf>] [12]
Overfull \hbox (6.52379pt too wide) detected at line 1008
[]\OML/cmm/m/it/10.95 U[]\OT1/cmr/m/n/10.95 ([](\OML/cmm/m/it/10.95 s\OT1/cmr/m
/n/10.95 )\OML/cmm/m/it/10.95 ; []; s\OT1/cmr/m/n/10.95 ) \OMS/cmsy/m/n/10.95 ^
^@ [] [][]\OML/cmm/m/it/10.95 Z[]\OT1/cmr/m/n/10.95 ([](\OML/cmm/m/it/10.95 s\O
T1/cmr/m/n/10.95 )\OML/cmm/m/it/10.95 ; []; s\OT1/cmr/m/n/10.95 ) + [][]\OML/cm
m/m/it/10.95 P\OT1/cmr/m/n/10.95 (\OML/cmm/m/it/10.95 s\OT1/cmr/m/n/10.95 )\OML
/cmm/m/it/10.95 U[]\OT1/cmr/m/n/10.95 ([](\OML/cmm/m/it/10.95 s\OT1/cmr/m/n/10.
95 )\OML/cmm/m/it/10.95 ; []; s\OT1/cmr/m/n/10.95 ) \OMS/cmsy/m/n/10.95 ^^@ [][
][]\U/msb/m/n/10.95 E\OML/cmm/m/it/10.95 P\OT1/cmr/m/n/10.95 (\OML/cmm/m/it/10.
95 s\OT1/cmr/m/n/10.95 )\OML/cmm/m/it/10.95 U[]\OT1/cmr/m/n/10.95 ([](\OML/cmm/
m/it/10.95 s\OT1/cmr/m/n/10.95 )\OML/cmm/m/it/10.95 ; []\OT1/cmr/m/n/10.95 (\OM
L/cmm/m/it/10.95 s\OT1/cmr/m/n/10.95 )\OML/cmm/m/it/10.95 ; s\OT1/cmr/m/n/10.95
 ) = 0\OML/cmm/m/it/10.95 :[]
 []

[13]
Underfull \hbox (badness 1038) in paragraph at lines 1034--1036
[]\OT1/cmr/m/it/10.95 Suppose that $\OML/cmm/m/it/10.95 g < []\OT1/cmr/m/n/10.9
5 (\OML/cmm/m/it/10.95 s\OT1/cmr/m/n/10.95 )$ \OT1/cmr/m/it/10.95 for all $\OML
/cmm/m/it/10.95 s:$ \OT1/cmr/m/it/10.95 Let $\OML/cmm/m/it/10.95 R\OT1/cmr/m/n/
10.95 (\OML/cmm/m/it/10.95 s\OT1/cmr/m/n/10.95 )$ \OT1/cmr/m/it/10.95 be the gr
oss in-ter-est rates and $\OML/cmm/m/it/10.95 x \OT1/cmr/m/n/10.95 =
 []

[14] [15]

LaTeX Warning: Reference `' on page 16 undefined on input line 1142.

[16] <fg13.jpeg, id=458, 313.17pt x 243.5499pt>
File: fg13.jpeg Graphic file (type jpg)
 <use fg13.jpeg>
Package pdftex.def Info: fg13.jpeg used on input line 1169.
(pdftex.def)             Requested size: 249.12204pt x 193.74759pt.
 [17 <./fg13.jpeg>]
LaTeX Font Info:    Font shape `OMS/cmr/m/n' in size <10.95> not available
(Font)              Font shape `OMS/cmsy/m/n' tried instead on input line 1220.


Underfull \hbox (badness 6944) in paragraph at lines 1220--1221
[]\OT1/cmr/m/n/10.95 Wages dis-per-sion for
 []


Underfull \hbox (badness 10000) in paragraph at lines 1220--1221
\OMS/cmsy/m/n/10.95 f\OT1/cmr/m/n/10.95 90,75,50,25,10\OMS/cmsy/m/n/10.95 g \OT
1/cmr/m/n/10.95 per-
 []


Underfull \hbox (badness 2035) in paragraph at lines 1222--1223
[]\OT1/cmr/m/n/10.95 Average (an-nual) risk
 []


Underfull \hbox (badness 1024) in paragraph at lines 1223--1224
[]\OT1/cmr/m/n/10.95 Heterogeneity in wage
 []


Underfull \hbox (badness 10000) in paragraph at lines 1224--1225
[]\OT1/cmr/m/n/10.95 Covariance be-tween
 []


Underfull \hbox (badness 5985) in paragraph at lines 1224--1225
\OT1/cmr/m/n/10.95 and la-bor pro-duc-tiv-
 []


Underfull \hbox (badness 10000) in paragraph at lines 1226--1226
[]\OT1/cmr/m/n/10.95 Average pre-transfer
 []


Underfull \hbox (badness 10000) in paragraph at lines 1226--1226
\OT1/cmr/m/n/10.95 expenditure- out-put
 []

<cesplots/long_simulation_debt.png, id=476, 433.62pt x 289.08pt>
File: cesplots/long_simulation_debt.png Graphic file (type png)

<use cesplots/long_simulation_debt.png>
Package pdftex.def Info: cesplots/long_simulation_debt.png used on input line 1
242.
(pdftex.def)             Requested size: 448.41663pt x 298.95992pt.
 [18]
<cesplots/speed_of_convergence.png, id=491, 433.62pt x 289.08pt>
File: cesplots/speed_of_convergence.png Graphic file (type png)

<use cesplots/speed_of_convergence.png>
Package pdftex.def Info: cesplots/speed_of_convergence.png used on input line 1
267.
(pdftex.def)             Requested size: 448.41663pt x 298.95992pt.
 [19] [20 <./cesplots/long_simulation_debt.png> <./cesplots/speed_of_convergenc
e.png>]
<cesplots/taxes_only_bad_shocks.png, id=509, 578.16pt x 433.62pt>
File: cesplots/taxes_only_bad_shocks.png Graphic file (type png)

<use cesplots/taxes_only_bad_shocks.png>
Package pdftex.def Info: cesplots/taxes_only_bad_shocks.png used on input line 
1281.
(pdftex.def)             Requested size: 398.59677pt x 298.9467pt.


LaTeX Warning: Reference `fig: comp_statics' on page 21 undefined on input line
 1288.

[21 <./cesplots/taxes_only_bad_shocks.png>]
<cesplots/irf_bm_chi_shocks.png, id=517, 433.62pt x 289.08pt>
File: cesplots/irf_bm_chi_shocks.png Graphic file (type png)

<use cesplots/irf_bm_chi_shocks.png>
Package pdftex.def Info: cesplots/irf_bm_chi_shocks.png used on input line 1317
.
(pdftex.def)             Requested size: 448.41663pt x 298.95992pt.
 [22 <./cesplots/irf_bm_chi_shocks.png>]

LaTeX Warning: Reference `feasibility goods' on page 23 undefined on input line
 1381.

[23] [24] [25] [26] [27] [28]
Underfull \hbox (badness 5985) in paragraph at lines 1685--1689
[]\OT1/cmr/m/n/10.95 Suppose that fea-si-bil-ity does not bind for some $\OML/c
mm/m/it/10.95 b; s:$ \OT1/cmr/m/n/10.95 Then the op-ti-mal $\OML/cmm/m/it/10.95
 L []$ \OT1/cmr/m/n/10.95 solve
 []

[29]

Package natbib Warning: Citation `Prescott1992' on page 30 undefined on input l
ine 1782.

[30] [31] [32] [33] [34]

LaTeX Warning: Command \b invalid in math mode on input line 1982.

[35] [36] [37] [38] [39] [40] [41] [42]
Overfull \hbox (25.54086pt too wide) detected at line 2316
[]\OT1/cmr/m/n/10.95 ([]\OML/cmm/m/it/10.95 ; [][]\OT1/cmr/m/n/10.95 ) + (1 \OM
S/cmsy/m/n/10.95 ^^@ []\OT1/cmr/m/n/10.95 ([]\OML/cmm/m/it/10.95 ; [][]\OT1/cmr
/m/n/10.95 ))\OML/cmm/m/it/10.95 l\OT1/cmr/m/n/10.95 ([]([]\OML/cmm/m/it/10.95 
; [][]\OT1/cmr/m/n/10.95 )) \OML/cmm/m/it/10.95 > \OT1/cmr/m/n/10.95 [[]([]\OML
/cmm/m/it/10.95 ; [][]\OT1/cmr/m/n/10.95 ) + (1 \OMS/cmsy/m/n/10.95 ^^@ [][]\OT
1/cmr/m/n/10.95 )\OML/cmm/m/it/10.95 l[] > \OMS/cmsy/m/n/10.95 B \OT1/cmr/m/n/1
0.95 + (1 \OMS/cmsy/m/n/10.95 ^^@ [][]\OT1/cmr/m/n/10.95 )\OML/cmm/m/it/10.95 l
[] > [] \OT1/cmr/m/n/10.95 + \OML/cmm/m/it/10.95 g\OT1/cmr/m/n/10.95 ([]) + \OM
L/cmm/m/it/10.95 T\OT1/cmr/m/n/10.95 ([]\OML/cmm/m/it/10.95 ; [][]\OT1/cmr/m/n/
10.95 ) = [] + \OML/cmm/m/it/10.95 g\OT1/cmr/m/n/10.95 ([]) + []\OML/cmm/m/it/1
0.95 :
 []

[43] [44]

LaTeX Warning: Reference `prop: long run forces' on page 45 undefined on input 
line 2374.

[45] [46]

LaTeX Warning: Reference `prop: long run forces' on page 47 undefined on input 
line 2544.

[47] [48] [49] [50] [51] [52] [53]

LaTeX Warning: Reference `prop: localstability' on page 54 undefined on input l
ine 2886.


LaTeX Warning: Reference `Sec: numerical' on page 54 undefined on input line 28
87.

<eigenvalues.pdf, id=912, 1283.79625pt x 642.4pt>
File: eigenvalues.pdf Graphic file (type pdf)
 <use eigenvalues.pdf>
Package pdftex.def Info: eigenvalues.pdf used on input line 2892.
(pdftex.def)             Requested size: 498.24408pt x 249.30971pt.

(./begs_rev_anmol_1.bbl
Missing character: There is no ‚ in font cmr10!
Missing character: There is no Ä in font cmr10!
Missing character: There is no ê in font cmr10!
 [54] [55 <./eigenvalues.pdf>]) [56]

Package natbib Warning: There were undefined citations.

Package atveryend Info: Empty hook `BeforeClearDocument' on input line 2904.
Package atveryend Info: Empty hook `AfterLastShipout' on input line 2904.
(./begs_rev_anmol_1.aux)
Package atveryend Info: Executing hook `AtVeryEndDocument' on input line 2904.
Package atveryend Info: Executing hook `AtEndAfterFileList' on input line 2904.



Package rerunfilecheck Warning: File `begs_rev_anmol_1.out' has changed.
(rerunfilecheck)                Rerun to get outlines right
(rerunfilecheck)                or use package `bookmark'.

Package rerunfilecheck Info: Checksums for `begs_rev_anmol_1.out':
(rerunfilecheck)             Before: EA832B81C6600E7A1E818364C3338E88;1796
(rerunfilecheck)             After:  62BE38A25AEA65E343531B1DAEF28E24;1795.

LaTeX Warning: There were undefined references.


LaTeX Warning: There were multiply-defined labels.

Package atveryend Info: Empty hook `AtVeryVeryEnd' on input line 2904.
 ) 
Here is how much of TeX's memory you used:
 7752 strings out of 493117
 108847 string characters out of 6135433
 206958 words of memory out of 5000000
 10739 multiletter control sequences out of 15000+600000
 26604 words of font info for 97 fonts, out of 8000000 for 9000
 1141 hyphenation exceptions out of 8191
 32i,24n,32p,1057b,495s stack positions out of 5000i,500n,10000p,200000b,80000s
</usr/local/texlive/2014/texmf-dist/fonts/type1/public/amsfonts/cm/cmbx10.pfb
></usr/local/texlive/2014/texmf-dist/fonts/type1/public/amsfonts/cm/cmbx12.pfb>
</usr/local/texlive/2014/texmf-dist/fonts/type1/public/amsfonts/cm/cmbx8.pfb></
usr/local/texlive/2014/texmf-dist/fonts/type1/public/amsfonts/cm/cmbx9.pfb></us
r/local/texlive/2014/texmf-dist/fonts/type1/public/amsfonts/cm/cmbxti10.pfb></u
sr/local/texlive/2014/texmf-dist/fonts/type1/public/amsfonts/cm/cmcsc10.pfb></u
sr/local/texlive/2014/texmf-dist/fonts/type1/public/amsfonts/cm/cmex10.pfb></us
r/local/texlive/2014/texmf-dist/fonts/type1/public/amsfonts/cmextra/cmex9.pfb><
/usr/local/texlive/2014/texmf-dist/fonts/type1/public/amsfonts/cm/cmmi10.pfb></
usr/local/texlive/2014/texmf-dist/fonts/type1/public/amsfonts/cm/cmmi5.pfb></us
r/local/texlive/2014/texmf-dist/fonts/type1/public/amsfonts/cm/cmmi6.pfb></usr/
local/texlive/2014/texmf-dist/fonts/type1/public/amsfonts/cm/cmmi7.pfb></usr/lo
cal/texlive/2014/texmf-dist/fonts/type1/public/amsfonts/cm/cmmi8.pfb></usr/loca
l/texlive/2014/texmf-dist/fonts/type1/public/amsfonts/cm/cmmi9.pfb></usr/local/
texlive/2014/texmf-dist/fonts/type1/public/amsfonts/cm/cmmib10.pfb></usr/local/
texlive/2014/texmf-dist/fonts/type1/public/amsfonts/cmextra/cmmib8.pfb></usr/lo
cal/texlive/2014/texmf-dist/fonts/type1/public/amsfonts/cmextra/cmmib9.pfb></us
r/local/texlive/2014/texmf-dist/fonts/type1/public/amsfonts/cm/cmr10.pfb></usr/
local/texlive/2014/texmf-dist/fonts/type1/public/amsfonts/cm/cmr12.pfb></usr/lo
cal/texlive/2014/texmf-dist/fonts/type1/public/amsfonts/cm/cmr5.pfb></usr/local
/texlive/2014/texmf-dist/fonts/type1/public/amsfonts/cm/cmr6.pfb></usr/local/te
xlive/2014/texmf-dist/fonts/type1/public/amsfonts/cm/cmr8.pfb></usr/local/texli
ve/2014/texmf-dist/fonts/type1/public/amsfonts/cm/cmr9.pfb></usr/local/texlive/
2014/texmf-dist/fonts/type1/public/amsfonts/cm/cmsy10.pfb></usr/local/texlive/2
014/texmf-dist/fonts/type1/public/amsfonts/cm/cmsy6.pfb></usr/local/texlive/201
4/texmf-dist/fonts/type1/public/amsfonts/cm/cmsy7.pfb></usr/local/texlive/2014/
texmf-dist/fonts/type1/public/amsfonts/cm/cmsy8.pfb></usr/local/texlive/2014/te
xmf-dist/fonts/type1/public/amsfonts/cm/cmsy9.pfb></usr/local/texlive/2014/texm
f-dist/fonts/type1/public/amsfonts/cm/cmti10.pfb></usr/local/texlive/2014/texmf
-dist/fonts/type1/public/amsfonts/cm/cmtt10.pfb></usr/local/texlive/2014/texmf-
dist/fonts/type1/public/amsfonts/cm/cmtt12.pfb></usr/local/texlive/2014/texmf-d
ist/fonts/type1/public/amsfonts/symbols/msbm10.pfb>
Output written on begs_rev_anmol_1.pdf (57 pages, 1456807 bytes).
PDF statistics:
 1186 PDF objects out of 1200 (max. 8388607)
 1059 compressed objects within 11 object streams
 350 named destinations out of 1000 (max. 500000)
 260 words of extra memory for PDF output out of 10000 (max. 10000000)

