\BOOKMARK [1][-]{section.1}{Introduction}{}% 1
\BOOKMARK [2][-]{subsection.1.1}{Relationships to literatures}{section.1}% 2
\BOOKMARK [1][-]{section.2}{Environment}{}% 3
\BOOKMARK [1][-]{section.3}{Ricardian equivalence }{}% 4
\BOOKMARK [1][-]{section.4}{Optimal equilibria with affine taxes}{}% 5
\BOOKMARK [1][-]{section.5}{Quasilinear preferences}{}% 6
\BOOKMARK [2][-]{subsection.5.1}{Representative agent}{section.5}% 7
\BOOKMARK [2][-]{subsection.5.2}{Heterogeneous agent economy with quasilinear preferences}{section.5}% 8
\BOOKMARK [1][-]{section.6}{More general preferences}{}% 9
\BOOKMARK [2][-]{subsection.6.1}{Two Bellman equations}{section.6}% 10
\BOOKMARK [2][-]{subsection.6.2}{Eventual complete hedging with binary shocks}{section.6}% 11
\BOOKMARK [2][-]{subsection.6.3}{A two-agent example}{section.6}% 12
\BOOKMARK [2][-]{subsection.6.4}{Stability}{section.6}% 13
\BOOKMARK [1][-]{section.7}{Numerical example}{}% 14
\BOOKMARK [2][-]{subsection.7.1}{Calibration}{section.7}% 15
\BOOKMARK [2][-]{subsection.7.2}{Long run outcomes}{section.7}% 16
\BOOKMARK [2][-]{subsection.7.3}{Short run}{section.7}% 17
\BOOKMARK [1][-]{section.8}{Conclusion}{}% 18
\BOOKMARK [1][-]{appendix.A}{Appendix}{}% 19
\BOOKMARK [2][-]{subsection.A.1}{Extension: Borrowing constraints}{appendix.A}% 20
\BOOKMARK [2][-]{subsection.A.2}{Proof of Theorem 1}{appendix.A}% 21
\BOOKMARK [2][-]{subsection.A.3}{Proof of Theorem 2}{appendix.A}% 22
\BOOKMARK [2][-]{subsection.A.4}{Proof of Theorem 3}{appendix.A}% 23
\BOOKMARK [2][-]{subsection.A.5}{Proof of Theorem 4}{appendix.A}% 24
\BOOKMARK [2][-]{subsection.A.6}{Proof of Theorem 5}{appendix.A}% 25
\BOOKMARK [2][-]{subsection.A.7}{Proof of Theorem 6}{appendix.A}% 26
\BOOKMARK [2][-]{subsection.A.8}{Linearization Algorithm}{appendix.A}% 27
\BOOKMARK [2][-]{subsection.A.9}{Proof for Theorem 7}{appendix.A}% 28
\BOOKMARK [2][-]{subsection.A.10}{Numerical approximation to a Ramsey plan}{appendix.A}% 29
\BOOKMARK [3][-]{section*.1}{Application to our problem}{subsection.A.10}% 30
