\BOOKMARK [1][-]{section.1}{Introduction}{}% 1
\BOOKMARK [2][-]{subsection.1.1}{Relationships to literatures}{section.1}% 2
\BOOKMARK [1][-]{section.2}{Environment}{}% 3
\BOOKMARK [2][-]{subsection.2.1}{State dimension reduction}{section.2}% 4
\BOOKMARK [1][-]{section.3}{Optimal equilibria with affine taxes}{}% 5
\BOOKMARK [1][-]{section.4}{Long run properties of optimal allocations}{}% 6
\BOOKMARK [1][-]{section.5}{Quasilinear economy}{}% 7
\BOOKMARK [2][-]{subsection.5.1}{Representative agent }{section.5}% 8
\BOOKMARK [3][-]{section*.1}{Environment}{subsection.5.1}% 9
\BOOKMARK [3][-]{section*.2}{Results}{subsection.5.1}% 10
\BOOKMARK [2][-]{subsection.5.2}{Heterogeneous agents}{section.5}% 11
\BOOKMARK [1][-]{section.6}{More general economies}{}% 12
\BOOKMARK [2][-]{subsection.6.1}{Spanning with binary shocks}{section.6}% 13
\BOOKMARK [3][-]{section*.3}{A two-agent example}{subsection.6.1}% 14
\BOOKMARK [2][-]{subsection.6.2}{Stability}{section.6}% 15
\BOOKMARK [1][-]{section.7}{Numerical example}{}% 16
\BOOKMARK [2][-]{subsection.7.1}{Calibration}{section.7}% 17
\BOOKMARK [2][-]{subsection.7.2}{Long run outcomes}{section.7}% 18
\BOOKMARK [2][-]{subsection.7.3}{Short run}{section.7}% 19
\BOOKMARK [1][-]{section.8}{Conclusion}{}% 20
\BOOKMARK [1][-]{appendix.1}{Appendix}{}% 21
\BOOKMARK [2][-]{subsection.1.1}{Extension: Borrowing constraints}{appendix.1}% 22
\BOOKMARK [2][-]{subsection.1.2}{Proof of Theorem 1}{appendix.1}% 23
\BOOKMARK [2][-]{subsection.1.3}{Proof of Theorem 2}{appendix.1}% 24
\BOOKMARK [2][-]{subsection.1.4}{Proof of Theorem 3}{appendix.1}% 25
\BOOKMARK [2][-]{subsection.1.5}{Proof of Theorem 4}{appendix.1}% 26
\BOOKMARK [2][-]{subsection.1.6}{Proof of Theorem ??}{appendix.1}% 27
\BOOKMARK [2][-]{subsection.1.7}{Linearization Algorithm}{appendix.1}% 28
\BOOKMARK [2][-]{subsection.1.8}{Proof for Theorem 6}{appendix.1}% 29
