This is pdfTeX, Version 3.1415926-2.5-1.40.14 (TeX Live 2013/Debian) (format=pdflatex 2014.11.21)  21 DEC 2014 16:04
entering extended mode
 restricted \write18 enabled.
 %&-line parsing enabled.
**begs_rev_anmol_13.tex
(./begs_rev_anmol_13.tex
LaTeX2e <2011/06/27>
Babel <3.9h> and hyphenation patterns for 4 languages loaded.
(/usr/share/texlive/texmf-dist/tex/latex/base/article.cls
Document Class: article 2007/10/19 v1.4h Standard LaTeX document class
(/usr/share/texlive/texmf-dist/tex/latex/base/size11.clo
File: size11.clo 2007/10/19 v1.4h Standard LaTeX file (size option)
)
\c@part=\count79
\c@section=\count80
\c@subsection=\count81
\c@subsubsection=\count82
\c@paragraph=\count83
\c@subparagraph=\count84
\c@figure=\count85
\c@table=\count86
\abovecaptionskip=\skip41
\belowcaptionskip=\skip42
\bibindent=\dimen102
)
(/usr/share/texlive/texmf-dist/tex/latex/amsfonts/amsfonts.sty
Package: amsfonts 2013/01/14 v3.01 Basic AMSFonts support
\@emptytoks=\toks14
\symAMSa=\mathgroup4
\symAMSb=\mathgroup5
LaTeX Font Info:    Overwriting math alphabet `\mathfrak' in version `bold'
(Font)                  U/euf/m/n --> U/euf/b/n on input line 106.
)
(/usr/share/texlive/texmf-dist/tex/latex/appendix/appendix.sty
Package: appendix 2009/09/02 v1.2b extra appendix facilities
\c@@pps=\count87
\c@@ppsavesec=\count88
\c@@ppsaveapp=\count89
)
(/usr/share/texlive/texmf-dist/tex/latex/lineno/lineno.sty
Package: lineno 2005/11/02 line numbers on paragraphs v4.41
\linenopenalty=\count90
\output=\toks15
\linenoprevgraf=\count91
\linenumbersep=\dimen103
\linenumberwidth=\dimen104
\c@linenumber=\count92
\c@pagewiselinenumber=\count93
\c@LN@truepage=\count94


Package lineno Warning: Option [displaymath] is obsolete -- default now!.

\c@internallinenumber=\count95
\c@internallinenumbers=\count96
\quotelinenumbersep=\dimen105
\bframerule=\dimen106
\bframesep=\dimen107
\bframebox=\box26
LaTeX Info: Redefining \\ on input line 3056.
) (/usr/share/texlive/texmf-dist/tex/latex/amsfonts/amssymb.sty
Package: amssymb 2013/01/14 v3.01 AMS font symbols
)
(/usr/share/texlive/texmf-dist/tex/latex/amsmath/amsmath.sty
Package: amsmath 2013/01/14 v2.14 AMS math features
\@mathmargin=\skip43

For additional information on amsmath, use the `?' option.
(/usr/share/texlive/texmf-dist/tex/latex/amsmath/amstext.sty
Package: amstext 2000/06/29 v2.01

(/usr/share/texlive/texmf-dist/tex/latex/amsmath/amsgen.sty
File: amsgen.sty 1999/11/30 v2.0
\@emptytoks=\toks16
\ex@=\dimen108
))
(/usr/share/texlive/texmf-dist/tex/latex/amsmath/amsbsy.sty
Package: amsbsy 1999/11/29 v1.2d
\pmbraise@=\dimen109
)
(/usr/share/texlive/texmf-dist/tex/latex/amsmath/amsopn.sty
Package: amsopn 1999/12/14 v2.01 operator names
)
\inf@bad=\count97
LaTeX Info: Redefining \frac on input line 210.
\uproot@=\count98
\leftroot@=\count99
LaTeX Info: Redefining \overline on input line 306.
\classnum@=\count100
\DOTSCASE@=\count101
LaTeX Info: Redefining \ldots on input line 378.
LaTeX Info: Redefining \dots on input line 381.
LaTeX Info: Redefining \cdots on input line 466.
\Mathstrutbox@=\box27
\strutbox@=\box28
\big@size=\dimen110
LaTeX Font Info:    Redeclaring font encoding OML on input line 566.
LaTeX Font Info:    Redeclaring font encoding OMS on input line 567.
\macc@depth=\count102
\c@MaxMatrixCols=\count103
\dotsspace@=\muskip10
\c@parentequation=\count104
\dspbrk@lvl=\count105
\tag@help=\toks17
\row@=\count106
\column@=\count107
\maxfields@=\count108
\andhelp@=\toks18
\eqnshift@=\dimen111
\alignsep@=\dimen112
\tagshift@=\dimen113
\tagwidth@=\dimen114
\totwidth@=\dimen115
\lineht@=\dimen116
\@envbody=\toks19
\multlinegap=\skip44
\multlinetaggap=\skip45
\mathdisplay@stack=\toks20
LaTeX Info: Redefining \[ on input line 2665.
LaTeX Info: Redefining \] on input line 2666.
)
(/usr/share/texlive/texmf-dist/tex/latex/graphics/graphicx.sty
Package: graphicx 1999/02/16 v1.0f Enhanced LaTeX Graphics (DPC,SPQR)

(/usr/share/texlive/texmf-dist/tex/latex/graphics/keyval.sty
Package: keyval 1999/03/16 v1.13 key=value parser (DPC)
\KV@toks@=\toks21
)
(/usr/share/texlive/texmf-dist/tex/latex/graphics/graphics.sty
Package: graphics 2009/02/05 v1.0o Standard LaTeX Graphics (DPC,SPQR)

(/usr/share/texlive/texmf-dist/tex/latex/graphics/trig.sty
Package: trig 1999/03/16 v1.09 sin cos tan (DPC)
)
(/usr/share/texlive/texmf-dist/tex/latex/latexconfig/graphics.cfg
File: graphics.cfg 2010/04/23 v1.9 graphics configuration of TeX Live
)
Package graphics Info: Driver file: pdftex.def on input line 91.

(/usr/share/texlive/texmf-dist/tex/latex/pdftex-def/pdftex.def
File: pdftex.def 2011/05/27 v0.06d Graphics/color for pdfTeX

(/usr/share/texlive/texmf-dist/tex/generic/oberdiek/infwarerr.sty
Package: infwarerr 2010/04/08 v1.3 Providing info/warning/error messages (HO)
)
(/usr/share/texlive/texmf-dist/tex/generic/oberdiek/ltxcmds.sty
Package: ltxcmds 2011/11/09 v1.22 LaTeX kernel commands for general use (HO)
)
\Gread@gobject=\count109
))
\Gin@req@height=\dimen117
\Gin@req@width=\dimen118
)
(/usr/share/texlive/texmf-dist/tex/latex/graphics/color.sty
Package: color 2005/11/14 v1.0j Standard LaTeX Color (DPC)

(/usr/share/texlive/texmf-dist/tex/latex/latexconfig/color.cfg
File: color.cfg 2007/01/18 v1.5 color configuration of teTeX/TeXLive
)
Package color Info: Driver file: pdftex.def on input line 130.
)
(/usr/share/texlive/texmf-dist/tex/latex/oberdiek/refcount.sty
Package: refcount 2011/10/16 v3.4 Data extraction from label references (HO)
)
(/usr/share/texlive/texmf-dist/tex/latex/natbib/natbib.sty
Package: natbib 2010/09/13 8.31b (PWD, AO)
\bibhang=\skip46
\bibsep=\skip47
LaTeX Info: Redefining \cite on input line 694.
\c@NAT@ctr=\count110
)
(/usr/share/texlive/texmf-dist/tex/latex/tools/bm.sty
Package: bm 2004/02/26 v1.1c Bold Symbol Support (DPC/FMi)
\symboldoperators=\mathgroup6
\symboldletters=\mathgroup7
\symboldsymbols=\mathgroup8
LaTeX Font Info:    Redeclaring math alphabet \mathbf on input line 138.
LaTeX Info: Redefining \bm on input line 204.
)
(/usr/share/texlive/texmf-dist/tex/latex/hyperref/hyperref.sty
Package: hyperref 2012/11/06 v6.83m Hypertext links for LaTeX

(/usr/share/texlive/texmf-dist/tex/generic/oberdiek/hobsub-hyperref.sty
Package: hobsub-hyperref 2012/05/28 v1.13 Bundle oberdiek, subset hyperref (HO)


(/usr/share/texlive/texmf-dist/tex/generic/oberdiek/hobsub-generic.sty
Package: hobsub-generic 2012/05/28 v1.13 Bundle oberdiek, subset generic (HO)
Package: hobsub 2012/05/28 v1.13 Construct package bundles (HO)
Package hobsub Info: Skipping package `infwarerr' (already loaded).
Package hobsub Info: Skipping package `ltxcmds' (already loaded).
Package: ifluatex 2010/03/01 v1.3 Provides the ifluatex switch (HO)
Package ifluatex Info: LuaTeX not detected.
Package: ifvtex 2010/03/01 v1.5 Detect VTeX and its facilities (HO)
Package ifvtex Info: VTeX not detected.
Package: intcalc 2007/09/27 v1.1 Expandable calculations with integers (HO)
Package: ifpdf 2011/01/30 v2.3 Provides the ifpdf switch (HO)
Package ifpdf Info: pdfTeX in PDF mode is detected.
Package: etexcmds 2011/02/16 v1.5 Avoid name clashes with e-TeX commands (HO)
Package etexcmds Info: Could not find \expanded.
(etexcmds)             That can mean that you are not using pdfTeX 1.50 or
(etexcmds)             that some package has redefined \expanded.
(etexcmds)             In the latter case, load this package earlier.
Package: kvsetkeys 2012/04/25 v1.16 Key value parser (HO)
Package: kvdefinekeys 2011/04/07 v1.3 Define keys (HO)
Package: pdftexcmds 2011/11/29 v0.20 Utility functions of pdfTeX for LuaTeX (HO
)
Package pdftexcmds Info: LuaTeX not detected.
Package pdftexcmds Info: \pdf@primitive is available.
Package pdftexcmds Info: \pdf@ifprimitive is available.
Package pdftexcmds Info: \pdfdraftmode found.
Package: pdfescape 2011/11/25 v1.13 Implements pdfTeX's escape features (HO)
Package: bigintcalc 2012/04/08 v1.3 Expandable calculations on big integers (HO
)
Package: bitset 2011/01/30 v1.1 Handle bit-vector datatype (HO)
Package: uniquecounter 2011/01/30 v1.2 Provide unlimited unique counter (HO)
)
Package hobsub Info: Skipping package `hobsub' (already loaded).
Package: letltxmacro 2010/09/02 v1.4 Let assignment for LaTeX macros (HO)
Package: hopatch 2012/05/28 v1.2 Wrapper for package hooks (HO)
Package: xcolor-patch 2011/01/30 xcolor patch
Package: atveryend 2011/06/30 v1.8 Hooks at the very end of document (HO)
Package atveryend Info: \enddocument detected (standard20110627).
Package: atbegshi 2011/10/05 v1.16 At begin shipout hook (HO)
Package hobsub Info: Skipping package `refcount' (already loaded).
Package: hycolor 2011/01/30 v1.7 Color options for hyperref/bookmark (HO)
)
(/usr/share/texlive/texmf-dist/tex/generic/ifxetex/ifxetex.sty
Package: ifxetex 2010/09/12 v0.6 Provides ifxetex conditional
)
(/usr/share/texlive/texmf-dist/tex/latex/oberdiek/auxhook.sty
Package: auxhook 2011/03/04 v1.3 Hooks for auxiliary files (HO)
)
(/usr/share/texlive/texmf-dist/tex/latex/oberdiek/kvoptions.sty
Package: kvoptions 2011/06/30 v3.11 Key value format for package options (HO)
)
\@linkdim=\dimen119
\Hy@linkcounter=\count111
\Hy@pagecounter=\count112

(/usr/share/texlive/texmf-dist/tex/latex/hyperref/pd1enc.def
File: pd1enc.def 2012/11/06 v6.83m Hyperref: PDFDocEncoding definition (HO)
)
\Hy@SavedSpaceFactor=\count113

(/usr/share/texlive/texmf-dist/tex/latex/latexconfig/hyperref.cfg
File: hyperref.cfg 2002/06/06 v1.2 hyperref configuration of TeXLive
)
Package hyperref Info: Hyper figures OFF on input line 4443.
Package hyperref Info: Link nesting OFF on input line 4448.
Package hyperref Info: Hyper index ON on input line 4451.
Package hyperref Info: Plain pages OFF on input line 4458.
Package hyperref Info: Backreferencing OFF on input line 4463.
Package hyperref Info: Implicit mode ON; LaTeX internals redefined.
Package hyperref Info: Bookmarks ON on input line 4688.
\c@Hy@tempcnt=\count114

(/usr/share/texlive/texmf-dist/tex/latex/url/url.sty
\Urlmuskip=\muskip11
Package: url 2013/09/16  ver 3.4  Verb mode for urls, etc.
)
LaTeX Info: Redefining \url on input line 5041.
\XeTeXLinkMargin=\dimen120
\Fld@menulength=\count115
\Field@Width=\dimen121
\Fld@charsize=\dimen122
Package hyperref Info: Hyper figures OFF on input line 6295.
Package hyperref Info: Link nesting OFF on input line 6300.
Package hyperref Info: Hyper index ON on input line 6303.
Package hyperref Info: backreferencing OFF on input line 6310.
Package hyperref Info: Link coloring OFF on input line 6315.
Package hyperref Info: Link coloring with OCG OFF on input line 6320.
Package hyperref Info: PDF/A mode OFF on input line 6325.
LaTeX Info: Redefining \ref on input line 6365.
LaTeX Info: Redefining \pageref on input line 6369.
\Hy@abspage=\count116
\c@Item=\count117
\c@Hfootnote=\count118
)

Package hyperref Message: Driver (autodetected): hpdftex.

(/usr/share/texlive/texmf-dist/tex/latex/hyperref/hpdftex.def
File: hpdftex.def 2012/11/06 v6.83m Hyperref driver for pdfTeX
\Fld@listcount=\count119
\c@bookmark@seq@number=\count120

(/usr/share/texlive/texmf-dist/tex/latex/oberdiek/rerunfilecheck.sty
Package: rerunfilecheck 2011/04/15 v1.7 Rerun checks for auxiliary files (HO)
Package uniquecounter Info: New unique counter `rerunfilecheck' on input line 2
82.
)
\Hy@SectionHShift=\skip48
)
(/usr/share/texlive/texmf-dist/tex/latex/oberdiek/epstopdf.sty
Package: epstopdf 2010/02/09 v2.5 Conversion with epstopdf on the fly (HO)

(/usr/share/texlive/texmf-dist/tex/latex/oberdiek/epstopdf-base.sty
Package: epstopdf-base 2010/02/09 v2.5 Base part for package epstopdf

(/usr/share/texlive/texmf-dist/tex/latex/oberdiek/grfext.sty
Package: grfext 2010/08/19 v1.1 Manage graphics extensions (HO)
)
Package grfext Info: Graphics extension search list:
(grfext)             [.png,.pdf,.jpg,.mps,.jpeg,.jbig2,.jb2,.PNG,.PDF,.JPG,.JPE
G,.JBIG2,.JB2,.eps]
(grfext)             \AppendGraphicsExtensions on input line 452.

(/usr/share/texlive/texmf-dist/tex/latex/latexconfig/epstopdf-sys.cfg
File: epstopdf-sys.cfg 2010/07/13 v1.3 Configuration of (r)epstopdf for TeX Liv
e
)))
\c@theorem=\count121
\c@assumption=\count122
\c@axiom=\count123
\c@conjecture=\count124
\c@corollary=\count125
\c@definition=\count126
\c@lemma=\count127
\c@proposition=\count128
\c@example=\count129
\c@exercise=\count130
\c@notation=\count131
\c@remark=\count132


LaTeX Warning: Unused global option(s):
    [thmsb].

(./begs_rev_anmol_13.aux

LaTeX Warning: Label `eq-QLRA obj' multiply defined.


LaTeX Warning: Label `sys- QLRA constraint' multiply defined.


LaTeX Warning: Label `eq-resoruces' multiply defined.


LaTeX Warning: Label `ndl' multiply defined.


LaTeX Warning: Label `eq-resoruces' multiply defined.

)
\openout1 = `begs_rev_anmol_13.aux'.

LaTeX Font Info:    Checking defaults for OML/cmm/m/it on input line 189.
LaTeX Font Info:    ... okay on input line 189.
LaTeX Font Info:    Checking defaults for T1/cmr/m/n on input line 189.
LaTeX Font Info:    ... okay on input line 189.
LaTeX Font Info:    Checking defaults for OT1/cmr/m/n on input line 189.
LaTeX Font Info:    ... okay on input line 189.
LaTeX Font Info:    Checking defaults for OMS/cmsy/m/n on input line 189.
LaTeX Font Info:    ... okay on input line 189.
LaTeX Font Info:    Checking defaults for OMX/cmex/m/n on input line 189.
LaTeX Font Info:    ... okay on input line 189.
LaTeX Font Info:    Checking defaults for U/cmr/m/n on input line 189.
LaTeX Font Info:    ... okay on input line 189.
LaTeX Font Info:    Checking defaults for PD1/pdf/m/n on input line 189.
LaTeX Font Info:    ... okay on input line 189.
 (/usr/share/texlive/texmf-dist/tex/context/base/supp-pdf.mkii
[Loading MPS to PDF converter (version 2006.09.02).]
\scratchcounter=\count133
\scratchdimen=\dimen123
\scratchbox=\box29
\nofMPsegments=\count134
\nofMParguments=\count135
\everyMPshowfont=\toks22
\MPscratchCnt=\count136
\MPscratchDim=\dimen124
\MPnumerator=\count137
\makeMPintoPDFobject=\count138
\everyMPtoPDFconversion=\toks23
)
\AtBeginShipoutBox=\box30
Package hyperref Info: Link coloring OFF on input line 189.
 (/usr/share/texlive/texmf-dist/tex/latex/hyperref/nameref.sty
Package: nameref 2012/10/27 v2.43 Cross-referencing by name of section

(/usr/share/texlive/texmf-dist/tex/generic/oberdiek/gettitlestring.sty
Package: gettitlestring 2010/12/03 v1.4 Cleanup title references (HO)
)
\c@section@level=\count139
)
LaTeX Info: Redefining \ref on input line 189.
LaTeX Info: Redefining \pageref on input line 189.
LaTeX Info: Redefining \nameref on input line 189.

(./begs_rev_anmol_13.out) (./begs_rev_anmol_13.out)
\@outlinefile=\write3
\openout3 = `begs_rev_anmol_13.out'.

LaTeX Font Info:    Try loading font information for U+msa on input line 202.

(/usr/share/texlive/texmf-dist/tex/latex/amsfonts/umsa.fd
File: umsa.fd 2013/01/14 v3.01 AMS symbols A
)
LaTeX Font Info:    Try loading font information for U+msb on input line 202.

(/usr/share/texlive/texmf-dist/tex/latex/amsfonts/umsb.fd
File: umsb.fd 2013/01/14 v3.01 AMS symbols B
) [1

{/var/lib/texmf/fonts/map/pdftex/updmap/pdftex.map}]

Package natbib Warning: Citation `newcomb1865critical' on page 1 undefined on i
nput line 247.


Package natbib Warning: Citation `Aiyagari2002' on page 1 undefined on input li
ne 286.


Package natbib Warning: Citation `Farhi2010' on page 1 undefined on input line 
286.


Package natbib Warning: Citation `Faraglia2011' on page 1 undefined on input li
ne 287.

pdfTeX warning (ext4): destination with the same identifier (name{page.1}) has 
been already used, duplicate ignored
<to be read again> 
                   \relax 
l.297 
       [1]

Package natbib Warning: Citation `Barro1974' on page 2 undefined on input line 
319.


Package natbib Warning: Citation `Barro1979' on page 2 undefined on input line 
320.

[2]

Package natbib Warning: Citation `LucasJr.1983' on page 3 undefined on input li
ne 324.


Package natbib Warning: Citation `Chari1994' on page 3 undefined on input line 
324.


Package natbib Warning: Citation `Aiyagari2002' on page 3 undefined on input li
ne 324.

<affine_taxes.pdf, id=160, 501.55379pt x 354.12299pt>
File: affine_taxes.pdf Graphic file (type pdf)
 <use affine_taxes.pdf>
Package pdftex.def Info: affine_taxes.pdf used on input line 330.
(pdftex.def)             Requested size: 409.71689pt x 289.29121pt.


Package natbib Warning: Citation `golosov2007new' on page 3 undefined on input 
line 350.


Package natbib Warning: Citation `Bassetto2004' on page 3 undefined on input li
ne 350.


Package natbib Warning: Citation `Bassetto1999' on page 3 undefined on input li
ne 353.


Package natbib Warning: Citation `shin2006ramsey' on page 3 undefined on input 
line 353.


Package natbib Warning: Citation `Wer07a' on page 3 undefined on input line 353
.


Package natbib Warning: Citation `Bassetto1999' on page 3 undefined on input li
ne 355.


Package natbib Warning: Citation `LucasJr.1983' on page 3 undefined on input li
ne 355.


Package natbib Warning: Citation `Bassetto1999' on page 3 undefined on input li
ne 357.

[3 <./affine_taxes.pdf>]

Package natbib Warning: Citation `shin2006ramsey' on page 4 undefined on input 
line 364.


Package natbib Warning: Citation `Aiyagari2002' on page 4 undefined on input li
ne 364.


Package natbib Warning: Citation `Wer07a' on page 4 undefined on input line 376
.


Package natbib Warning: Citation `Wer07a' on page 4 undefined on input line 385
.


Package natbib Warning: Citation `Wer07a' on page 4 undefined on input line 386
.


Package natbib Warning: Citation `Werning2012' on page 4 undefined on input lin
e 391.


Package natbib Warning: Citation `Azzimonti2008' on page 4 undefined on input l
ine 394.


Package natbib Warning: Citation `Azzimonti2008a' on page 4 undefined on input 
line 394.


Package natbib Warning: Citation `Correia2010' on page 4 undefined on input lin
e 394.


Package natbib Warning: Citation `mckay2013' on page 4 undefined on input line 
396.

[4] [5]
Underfull \hbox (badness 1158) in paragraph at lines 494--498
[]\OT1/cmr/m/it/10.95 An \OT1/cmr/m/n/10.95 al-lo-ca-tion \OT1/cmr/m/it/10.95 i
s a se-quence $[][]$. An \OT1/cmr/m/n/10.95 as-set pro-file \OT1/cmr/m/it/10.95
 is a se-quence
 []

[6]

Package hyperref Warning: Token not allowed in a PDF string (PDFDocEncoding):
(hyperref)                removing `\new@ifnextchar' on input line 601.


Package hyperref Warning: Token not allowed in a PDF string (PDFDocEncoding):
(hyperref)                removing `\smallskipamount' on input line 601.


Underfull \hbox (badness 10000) in paragraph at lines 614--622
\OT1/cmr/m/it/10.95 there ex-ist se-quences $[][]$ and $[][]$ that sat-isfy ([]
3[]) and that make
 []


Underfull \hbox (badness 10000) in paragraph at lines 614--622
[][]$ \OT1/cmr/m/it/10.95 and $[][]$ con-sti-tute a com-pet-i-tive equi-lib-riu
m given
 []


Package natbib Warning: Citation `Barro1974' on page 7 undefined on input line 
624.


Package natbib Warning: Citation `newcomb1865critical' on page 7 undefined on i
nput line 695.

[7] [8]

Package natbib Warning: Citation `Magill1994' on page 9 undefined on input line
 768.


Package natbib Warning: Citation `Constantinides1996' on page 9 undefined on in
put line 768.


Package natbib Warning: Citation `LucasJr.1983' on page 9 undefined on input li
ne 783.


Package natbib Warning: Citation `Aiyagari2002' on page 9 undefined on input li
ne 783.


Package natbib Warning: Citation `Aiyagari2002' on page 9 undefined on input li
ne 824.

[9] [10]

Package natbib Warning: Citation `Aiyagari2002' on page 11 undefined on input l
ine 889.


Package natbib Warning: Citation `LucasJr.1983' on page 11 undefined on input l
ine 907.


Package natbib Warning: Citation `Aiyagari2002' on page 11 undefined on input l
ine 907.


Package natbib Warning: Citation `Aiyagari2002' on page 11 undefined on input l
ine 918.


Package natbib Warning: Citation `Aiyagari2002' on page 11 undefined on input l
ine 920.


Package natbib Warning: Citation `Aiyagari2002' on page 11 undefined on input l
ine 921.

[11] [12]

Package natbib Warning: Citation `LucasJr.1983' on page 13 undefined on input l
ine 1010.


Package natbib Warning: Citation `Aiyagari2002' on page 13 undefined on input l
ine 1010.


Package natbib Warning: Citation `LucasJr.1983' on page 13 undefined on input l
ine 1020.


Package natbib Warning: Citation `LucasJr.1983' on page 13 undefined on input l
ine 1020.

[13] [14]
LaTeX Font Info:    Try loading font information for OMS+cmr on input line 1095
.
 (/usr/share/texlive/texmf-dist/tex/latex/base/omscmr.fd
File: omscmr.fd 1999/05/25 v2.5h Standard LaTeX font definitions
)
LaTeX Font Info:    Font shape `OMS/cmr/m/it' in size <10.95> not available
(Font)              Font shape `OMS/cmsy/m/n' tried instead on input line 1095.


<plots/ErgodicQL.pdf, id=378, 433.62pt x 289.08pt>
File: plots/ErgodicQL.pdf Graphic file (type pdf)
 <use plots/ErgodicQL.pdf>
Package pdftex.def Info: plots/ErgodicQL.pdf used on input line 1121.
(pdftex.def)             Requested size: 505.89pt x 337.27827pt.

Overfull \hbox (50.64592pt too wide) in paragraph at lines 1121--1123
 [][] 
 []

[15] [16 <./plots/ErgodicQL.pdf>]
Overfull \hbox (53.84773pt too wide) detected at line 1175
[]\OMS/cmsy/m/n/10 f[] \OML/cmm/m/it/10 T[] \OT1/cmr/m/n/10 = 0\OML/cmm/m/it/10
 ; [] ^^\[] \OT1/cmr/m/n/10 = \OML/cmm/m/it/10 ^^\[]\OT1/cmr/m/n/10 (\OML/cmm/m
/it/10 !\OT1/cmr/m/n/10 )\OML/cmm/m/it/10 ; [] B[] \OT1/cmr/m/n/10 = \OML/cmm/m
/it/10 B[][]T[] > \OT1/cmr/m/n/10 0[] [] [] \OML/cmm/m/it/10 ^^\[] \OT1/cmr/m/n
/10 = \OML/cmm/m/it/10 ^^\[]\OT1/cmr/m/n/10 (\OML/cmm/m/it/10 !\OT1/cmr/m/n/10 
)\OML/cmm/m/it/10 ; [] B[] \OT1/cmr/m/n/10 = \OMS/cmsy/m/n/10 B\OT1/cmr/m/n/10 
(\OML/cmm/m/it/10 !\OT1/cmr/m/n/10 )\OMS/cmsy/m/n/10 g \OT1/cmr/m/n/10 = 1
 []

[17]

Package natbib Warning: Citation `Aiyagari2002' on page 18 undefined on input l
ine 1219.

[18]

Package natbib Warning: Citation `Kydland1980' on page 19 undefined on input li
ne 1249.


Package natbib Warning: Citation `Farhi2010' on page 19 undefined on input line
 1249.

[19] [20] [21]
Overfull \hbox (49.8409pt too wide) detected at line 1421
[]\OML/cmm/m/it/10.95 U[]\OT1/cmr/m/n/10.95 (\OML/cmm/m/it/10.95 ^^\\OT1/cmr/m/
n/10.95 (\OML/cmm/m/it/10.95 s\OT1/cmr/m/n/10.95 )\OML/cmm/m/it/10.95 ; \OML/cm
m/b/it/10.95 ^^Z\OML/cmm/m/it/10.95 ; s\OT1/cmr/m/n/10.95 ) \OMS/cmsy/m/n/10.95
 ^^@ [] \OML/cmm/m/it/10.95 ^^V[]Z[]\OT1/cmr/m/n/10.95 (\OML/cmm/m/it/10.95 ^^\
\OT1/cmr/m/n/10.95 (\OML/cmm/m/it/10.95 s\OT1/cmr/m/n/10.95 )\OML/cmm/m/it/10.9
5 ; \OML/cmm/b/it/10.95 ^^Z\OML/cmm/m/it/10.95 ; s\OT1/cmr/m/n/10.95 ) + \OML/c
mm/m/it/10.95 ^^U[]P\OT1/cmr/m/n/10.95 (\OML/cmm/m/it/10.95 s\OT1/cmr/m/n/10.95
 )\OML/cmm/m/it/10.95 U[]\OT1/cmr/m/n/10.95 (\OML/cmm/m/it/10.95 ^^\\OT1/cmr/m/
n/10.95 (\OML/cmm/m/it/10.95 s\OT1/cmr/m/n/10.95 )\OML/cmm/m/it/10.95 ; \OML/cm
m/b/it/10.95 ^^Z\OML/cmm/m/it/10.95 ; s\OT1/cmr/m/n/10.95 ) \OMS/cmsy/m/n/10.95
 ^^@ \OML/cmm/m/it/10.95 ^^U[]^^L\U/msb/m/n/10.95 E\OML/cmm/m/it/10.95 P\OT1/cm
r/m/n/10.95 (\OML/cmm/m/it/10.95 s\OT1/cmr/m/n/10.95 )\OML/cmm/m/it/10.95 U[]\O
T1/cmr/m/n/10.95 (\OML/cmm/m/it/10.95 ^^\\OT1/cmr/m/n/10.95 (\OML/cmm/m/it/10.9
5 s\OT1/cmr/m/n/10.95 )\OML/cmm/m/it/10.95 ; \OML/cmm/b/it/10.95 ^^Z\OT1/cmr/m/
n/10.95 (\OML/cmm/m/it/10.95 s\OT1/cmr/m/n/10.95 )\OML/cmm/m/it/10.95 ; s\OT1/c
mr/m/n/10.95 ) = 0\OML/cmm/m/it/10.95 :[]
 []


Package natbib Warning: Citation `Wer07a' on page 22 undefined on input line 14
29.


Package natbib Warning: Citation `Wer07a' on page 22 undefined on input line 14
31.

[22]

Package natbib Warning: Citation `Barro1979' on page 23 undefined on input line
 1481.


Package natbib Warning: Citation `Ray2002' on page 23 undefined on input line 1
498.


Package natbib Warning: Citation `Albanesi2012' on page 23 undefined on input l
ine 1498.

[23] [24]

Package natbib Warning: Citation `Evans2014' on page 25 undefined on input line
 1607.

[25]

Package natbib Warning: Citation `Autor2008' on page 26 undefined on input line
 1631.


Package natbib Warning: Citation `Fatih2014' on page 26 undefined on input line
 1635.


Package natbib Warning: Citation `Fatih2014' on page 26 undefined on input line
 1636.

<fg13.jpeg, id=586, 313.17pt x 243.5499pt>
File: fg13.jpeg Graphic file (type jpg)
 <use fg13.jpeg>
Package pdftex.def Info: fg13.jpeg used on input line 1644.
(pdftex.def)             Requested size: 227.62204pt x 177.02438pt.


Package natbib Warning: Citation `Fatih2014' on page 26 undefined on input line
 1645.

[26]

Package natbib Warning: Citation `Kuhn2014' on page 27 undefined on input line 
1696.


Package natbib Warning: Citation `QuadriniRull2014' on page 27 undefined on inp
ut line 1696.

[27 <./fg13.jpeg>]
LaTeX Font Info:    Font shape `OMS/cmr/m/n' in size <10.95> not available
(Font)              Font shape `OMS/cmsy/m/n' tried instead on input line 1708.


Underfull \hbox (badness 6944) in paragraph at lines 1708--1709
[]\OT1/cmr/m/n/10.95 Wages dis-per-sion for
 []


Underfull \hbox (badness 10000) in paragraph at lines 1708--1709
\OMS/cmsy/m/n/10.95 f\OT1/cmr/m/n/10.95 90,75,50,25,10\OMS/cmsy/m/n/10.95 g \OT
1/cmr/m/n/10.95 per-
 []


Underfull \hbox (badness 2035) in paragraph at lines 1710--1711
[]\OT1/cmr/m/n/10.95 Average (an-nual) risk
 []


Underfull \hbox (badness 1024) in paragraph at lines 1711--1712
[]\OT1/cmr/m/n/10.95 Heterogeneity in wage
 []


Underfull \hbox (badness 10000) in paragraph at lines 1712--1713
[]\OT1/cmr/m/n/10.95 Covariance be-tween
 []


Underfull \hbox (badness 5985) in paragraph at lines 1712--1713
\OT1/cmr/m/n/10.95 and la-bor pro-duc-tiv-
 []


Underfull \hbox (badness 10000) in paragraph at lines 1714--1714
[]\OT1/cmr/m/n/10.95 Average pre-transfer
 []


Underfull \hbox (badness 10000) in paragraph at lines 1714--1714
\OT1/cmr/m/n/10.95 expenditure- out-put
 []

<cesplots/long_simulation_debt.png, id=607, 433.62pt x 289.08pt>
File: cesplots/long_simulation_debt.png Graphic file (type png)

<use cesplots/long_simulation_debt.png>
Package pdftex.def Info: cesplots/long_simulation_debt.png used on input line 1
731.
(pdftex.def)             Requested size: 409.71689pt x 273.15997pt.
 [28] [29 <./cesplots/long_simulation_debt.png>] <cesplots/speed_of_convergence
.png, id=627, 433.62pt x 289.08pt>
File: cesplots/speed_of_convergence.png Graphic file (type png)

<use cesplots/speed_of_convergence.png>
Package pdftex.def Info: cesplots/speed_of_convergence.png used on input line 1
764.
(pdftex.def)             Requested size: 409.71689pt x 273.15997pt.

<cesplots/taxes_only_bad_shocks.png, id=629, 578.16pt x 433.62pt>
File: cesplots/taxes_only_bad_shocks.png Graphic file (type png)

<use cesplots/taxes_only_bad_shocks.png>
Package pdftex.def Info: cesplots/taxes_only_bad_shocks.png used on input line 
1779.
(pdftex.def)             Requested size: 364.19664pt x 273.14235pt.

<cesplots/comp_stats_alpha.pdf, id=631, 433.62pt x 289.08pt>
File: cesplots/comp_stats_alpha.pdf Graphic file (type pdf)

<use cesplots/comp_stats_alpha.pdf>
Package pdftex.def Info: cesplots/comp_stats_alpha.pdf used on input line 1795.

(pdftex.def)             Requested size: 409.71689pt x 273.15997pt.
 [30 <./cesplots/speed_of_convergence.png>]
[31 <./cesplots/taxes_only_bad_shocks.png>] [32 <./cesplots/comp_stats_alpha.pd
f>] <cesplots/irf_bm_chi_shocks.png, id=668, 433.62pt x 289.08pt>
File: cesplots/irf_bm_chi_shocks.png Graphic file (type png)

<use cesplots/irf_bm_chi_shocks.png>
Package pdftex.def Info: cesplots/irf_bm_chi_shocks.png used on input line 1833
.
(pdftex.def)             Requested size: 409.71689pt x 273.15997pt.


Package natbib Warning: Citation `Bryant1984' on page 33 undefined on input lin
e 1882.


Package natbib Warning: Citation `Sargent1987' on page 33 undefined on input li
ne 1882.

[33 <./cesplots/irf_bm_chi_shocks.png>]

LaTeX Warning: Reference `feasibility goods' on page 34 undefined on input line
 1901.


Package natbib Warning: Citation `Yared2012' on page 34 undefined on input line
 1915.


Package natbib Warning: Citation `Yared2013' on page 34 undefined on input line
 1915.

[34] [35] [36] [37] [38] [39] [40] [41] [42]

Package natbib Warning: Citation `Prescott1992' on page 43 undefined on input l
ine 2332.

[43] [44] [45] [46] [47]

LaTeX Warning: Command \b invalid in math mode on input line 2532.

[48] [49] [50] [51] [52] [53] [54] [55]
Overfull \hbox (68.54086pt too wide) detected at line 2866
[]\OT1/cmr/m/n/10.95 ([]\OML/cmm/m/it/10.95 ; [][]\OT1/cmr/m/n/10.95 ) + (1 \OM
S/cmsy/m/n/10.95 ^^@ \OML/cmm/m/it/10.95 ^^\\OT1/cmr/m/n/10.95 ([]\OML/cmm/m/it
/10.95 ; [][]\OT1/cmr/m/n/10.95 ))\OML/cmm/m/it/10.95 l\OT1/cmr/m/n/10.95 (\OML
/cmm/m/it/10.95 ^^\\OT1/cmr/m/n/10.95 ([]\OML/cmm/m/it/10.95 ; [][]\OT1/cmr/m/n
/10.95 )) \OML/cmm/m/it/10.95 > \OT1/cmr/m/n/10.95 [[]([]\OML/cmm/m/it/10.95 ; 
[][]\OT1/cmr/m/n/10.95 ) + (1 \OMS/cmsy/m/n/10.95 ^^@ \OML/cmm/m/it/10.95 ^^\[]
\OT1/cmr/m/n/10.95 )\OML/cmm/m/it/10.95 l[] > \OMS/cmsy/m/n/10.95 B \OT1/cmr/m/
n/10.95 + (1 \OMS/cmsy/m/n/10.95 ^^@ \OML/cmm/m/it/10.95 ^^\[]\OT1/cmr/m/n/10.9
5 )\OML/cmm/m/it/10.95 l[] > [] \OT1/cmr/m/n/10.95 + \OML/cmm/m/it/10.95 g\OT1/
cmr/m/n/10.95 ([]) + \OML/cmm/m/it/10.95 T\OT1/cmr/m/n/10.95 ([]\OML/cmm/m/it/1
0.95 ; [][]\OT1/cmr/m/n/10.95 ) = [] + \OML/cmm/m/it/10.95 g\OT1/cmr/m/n/10.95 
([]) + \OML/cmm/m/it/10.95 ^^O:
 []

[56] [57] [58] [59] [60]

LaTeX Warning: Reference `prop: long run forces' on page 61 undefined on input 
line 3094.

[61] [62] [63] [64]
Overfull \hbox (30.92068pt too wide) detected at line 3292
[]\OML/cmm/m/it/10.95 ^^Y[][]U[]\OT1/cmr/m/n/10.95 (\OML/cmm/m/it/10.95 s\OT1/
cmr/m/n/10.95 ) \OMS/cmsy/m/n/10.95 ^^@ \OML/cmm/m/it/10.95 ^^V[]\OT1/cmr/m/n/1
0.95 (\OML/cmm/m/it/10.95 s\OT1/cmr/m/n/10.95 ) [] + [] [] \OMS/cmsy/m/n/10.95 
^^@ \OML/cmm/m/it/10.95 ^^Y[]^^X\OT1/cmr/m/n/10.95 (\OML/cmm/m/it/10.95 s\OT1/c
mr/m/n/10.95 ) \OMS/cmsy/m/n/10.95 ^^@ \OML/cmm/m/it/10.95 ^^P[]\OT1/cmr/m/n/10
.95 (\OML/cmm/m/it/10.95 s\OT1/cmr/m/n/10.95 )\OML/cmm/m/it/10.95 U[]\OT1/cmr/m
/n/10.95 (\OML/cmm/m/it/10.95 s\OT1/cmr/m/n/10.95 ) = 0
 []


Overfull \hbox (26.72041pt too wide) detected at line 3304
[]\OML/cmm/m/it/10.95 ^^L\OT1/cmr/m/n/10.95 (\OML/cmm/m/it/10.95 s\OT1/cmr/m/n/
10.95 )\OML/cmm/m/it/10.95 V[]\OT1/cmr/m/n/10.95 (\OML/cmm/b/it/10.95 x[]\OT1/c
mr/m/n/10.95 (\OML/cmm/m/it/10.95 s\OT1/cmr/m/n/10.95 )\OML/cmm/m/it/10.95 ; \O
ML/cmm/b/it/10.95 ^^Z[]\OT1/cmr/m/n/10.95 (\OML/cmm/m/it/10.95 s\OT1/cmr/m/n/10
.95 )) + \OML/cmm/m/it/10.95 ^^V[]\OT1/cmr/m/n/10.95 (\OML/cmm/m/it/10.95 s\OT1
/cmr/m/n/10.95 ) [] + \OML/cmm/m/it/10.95 ^^U[]U[]\OT1/cmr/m/n/10.95 (\OML/cmm/
m/it/10.95 s\OT1/cmr/m/n/10.95 ) \OMS/cmsy/m/n/10.95 ^^@ \OML/cmm/m/it/10.95 ^^
^[]\OT1/cmr/m/n/10.95 (\OML/cmm/m/it/10.95 s\OT1/cmr/m/n/10.95 )[] + \OML/cmm/m
/it/10.95 U[]\OT1/cmr/m/n/10.95 (\OML/cmm/m/it/10.95 s\OT1/cmr/m/n/10.95 )\OML/
cmm/m/it/10.95 ^^P[]\OT1/cmr/m/n/10.95 (\OML/cmm/m/it/10.95 s\OT1/cmr/m/n/10.95
 ) = 0
 []

[65]
Overfull \hbox (4.78479pt too wide) in paragraph at lines 3338--3339
\OT1/cmr/m/n/10.95 Finally $\OML/cmm/m/it/10.95 z\OT1/cmr/m/n/10.95 (\OML/cmm/b
/it/10.95 ^^V\OML/cmm/m/it/10.95 ; \OML/cmm/b/it/10.95 ^^Z\OT1/cmr/m/n/10.95 )$
 are the stacked vari-ables $\OMS/cmsy/m/n/10.95 f\OML/cmm/m/it/10.95 c[]\OT1/c
mr/m/n/10.95 (\OML/cmm/m/it/10.95 s\OT1/cmr/m/n/10.95 )\OML/cmm/m/it/10.95 ; c[
]\OT1/cmr/m/n/10.95 (\OML/cmm/m/it/10.95 s\OT1/cmr/m/n/10.95 )\OML/cmm/m/it/10.
95 ; l[]\OT1/cmr/m/n/10.95 (\OML/cmm/m/it/10.95 s\OT1/cmr/m/n/10.95 )\OML/cmm/m
/it/10.95 ; l[]\OT1/cmr/m/n/10.95 (\OML/cmm/m/it/10.95 s\OT1/cmr/m/n/10.95 )\OM
L/cmm/m/it/10.95 ; \OML/cmm/b/it/10.95 x\OML/cmm/m/it/10.95 ; \OML/cmm/b/it/10.
95 ^^Z[]\OT1/cmr/m/n/10.95 (\OML/cmm/m/it/10.95 s\OT1/cmr/m/n/10.95 )\OML/cmm/m
/it/10.95 ; \OML/cmm/b/it/10.95 ^^V[]\OT1/cmr/m/n/10.95 (\OML/cmm/m/it/10.95 s\
OT1/cmr/m/n/10.95 )\OML/cmm/m/it/10.95 ; \OML/cmm/b/it/10.95 ^^U\OML/cmm/m/it/1
0.95 ; \OML/cmm/b/it/10.95 ^^^\OT1/cmr/m/n/10.95 (\OML/cmm/m/it/10.95 s\OT1/cmr
/m/n/10.95 )\OML/cmm/m/it/10.95 ; ^^X\OT1/cmr/m/n/10.95 (\OML/cmm/m/it/10.95 s\
OT1/cmr/m/n/10.95 )\OML/cmm/m/it/10.95 ; \OML/cmm/b/it/10.95 ^^P\OT1/cmr/m/n/10
.95 (\OML/cmm/m/it/10.95 s\OT1/cmr/m/n/10.95 )\OMS/cmsy/m/n/10.95 g$\OT1/cmr/m/
n/10.95 .
 []


Underfull \hbox (badness 2856) in paragraph at lines 3338--3339
\OT1/cmr/m/n/10.95 The op-ti-mal pol-icy func-tion is then a func-tion $\OML/cm
m/m/it/10.95 z\OT1/cmr/m/n/10.95 (\OML/cmm/m/it/10.95 y\OT1/cmr/m/n/10.95 )$ th
at sat-is-fies the re-la-tion-ship
 []


Overfull \hbox (13.58078pt too wide) in paragraph at lines 3355--3355
[] 
 []

[66] [67] [68] <eigenvalues.pdf, id=1080, 1283.79625pt x 642.4pt>
File: eigenvalues.pdf Graphic file (type pdf)

<use eigenvalues.pdf>
Package pdftex.def Info: eigenvalues.pdf used on input line 3437.
(pdftex.def)             Requested size: 455.24408pt x 227.79384pt.
 [69 <./eigenvalues.pdf>]

Package natbib Warning: Citation `Evans2014' on page 70 undefined on input line
 3450.

[70]

Package natbib Warning: Citation `Evans2014' on page 71 undefined on input line
 3509.

[71]
Underfull \hbox (badness 1122) in paragraph at lines 3535--3535
[][][]\OT1/cmr/m/n/9 For large $\OML/cmm/m/it/9 I$\OT1/cmr/m/n/9 , cal-cu-lat-i
ng these deriva-tives can be fur-ther sim-pli-fied for a class of prob-lems whe
re
 []


Package natbib Warning: Citation `Judd2011' on page 72 undefined on input line 
3541.

[72] [73] (./begs_rev_anmol_13.bbl
Missing character: There is no ‚ in font cmr10!
Missing character: There is no Ä in font cmr10!
Missing character: There is no ê in font cmr10!

Underfull \hbox (badness 1701) in paragraph at lines 32--37
[]\OT1/cmr/bx/n/10.95 Azzimonti, Ma-rina, Eva de Fran-cisco, and Per Krusell. \
OT1/cmr/m/n/10.95 2008a. ``Ag-gre-ga-tion
 []


Underfull \hbox (badness 1389) in paragraph at lines 32--37
\OT1/cmr/m/n/10.95 and Ag-gre-ga-tion.'' \OT1/cmr/m/it/10.95 Jour-nal of the Eu
-ro-pean Eco-nomic As-so-ci-a-tion\OT1/cmr/m/n/10.95 , 6(2-3): 381--394,
 []

[74] [75] [76]) [77]

Package natbib Warning: There were undefined citations.

Package atveryend Info: Empty hook `BeforeClearDocument' on input line 3611.
Package atveryend Info: Empty hook `AfterLastShipout' on input line 3611.
(./begs_rev_anmol_13.aux

Package natbib Warning: Citation(s) may have changed.
(natbib)                Rerun to get citations correct.

)
Package atveryend Info: Executing hook `AtVeryEndDocument' on input line 3611.
Package atveryend Info: Executing hook `AtEndAfterFileList' on input line 3611.

Package rerunfilecheck Info: File `begs_rev_anmol_13.out' has not changed.
(rerunfilecheck)             Checksum: 439757CAB7E64E945BF2D2CC80043EEC;2258.


LaTeX Warning: There were undefined references.


LaTeX Warning: There were multiply-defined labels.

Package atveryend Info: Empty hook `AtVeryVeryEnd' on input line 3611.
 ) 
Here is how much of TeX's memory you used:
 7728 strings out of 494985
 109578 string characters out of 6180355
 197018 words of memory out of 5000000
 10389 multiletter control sequences out of 15000+600000
 26604 words of font info for 97 fonts, out of 8000000 for 9000
 36 hyphenation exceptions out of 8191
 32i,21n,32p,986b,504s stack positions out of 5000i,500n,10000p,200000b,80000s
</usr/share/texlive/texmf-dist/fonts/type1/public/amsfonts/cm/cmbx10.pfb></us
r/share/texlive/texmf-dist/fonts/type1/public/amsfonts/cm/cmbx12.pfb></usr/shar
e/texlive/texmf-dist/fonts/type1/public/amsfonts/cm/cmbx8.pfb></usr/share/texli
ve/texmf-dist/fonts/type1/public/amsfonts/cm/cmbx9.pfb></usr/share/texlive/texm
f-dist/fonts/type1/public/amsfonts/cm/cmbxti10.pfb></usr/share/texlive/texmf-di
st/fonts/type1/public/amsfonts/cm/cmcsc10.pfb></usr/share/texlive/texmf-dist/fo
nts/type1/public/amsfonts/cm/cmex10.pfb></usr/share/texlive/texmf-dist/fonts/ty
pe1/public/amsfonts/cmextra/cmex9.pfb></usr/share/texlive/texmf-dist/fonts/type
1/public/amsfonts/cm/cmmi10.pfb></usr/share/texlive/texmf-dist/fonts/type1/publ
ic/amsfonts/cm/cmmi5.pfb></usr/share/texlive/texmf-dist/fonts/type1/public/amsf
onts/cm/cmmi6.pfb></usr/share/texlive/texmf-dist/fonts/type1/public/amsfonts/cm
/cmmi7.pfb></usr/share/texlive/texmf-dist/fonts/type1/public/amsfonts/cm/cmmi8.
pfb></usr/share/texlive/texmf-dist/fonts/type1/public/amsfonts/cm/cmmi9.pfb></u
sr/share/texlive/texmf-dist/fonts/type1/public/amsfonts/cm/cmmib10.pfb></usr/sh
are/texlive/texmf-dist/fonts/type1/public/amsfonts/cmextra/cmmib8.pfb></usr/sha
re/texlive/texmf-dist/fonts/type1/public/amsfonts/cmextra/cmmib9.pfb></usr/shar
e/texlive/texmf-dist/fonts/type1/public/amsfonts/cm/cmr10.pfb></usr/share/texli
ve/texmf-dist/fonts/type1/public/amsfonts/cm/cmr12.pfb></usr/share/texlive/texm
f-dist/fonts/type1/public/amsfonts/cm/cmr5.pfb></usr/share/texlive/texmf-dist/f
onts/type1/public/amsfonts/cm/cmr6.pfb></usr/share/texlive/texmf-dist/fonts/typ
e1/public/amsfonts/cm/cmr8.pfb></usr/share/texlive/texmf-dist/fonts/type1/publi
c/amsfonts/cm/cmr9.pfb></usr/share/texlive/texmf-dist/fonts/type1/public/amsfon
ts/cm/cmsy10.pfb></usr/share/texlive/texmf-dist/fonts/type1/public/amsfonts/cm/
cmsy5.pfb></usr/share/texlive/texmf-dist/fonts/type1/public/amsfonts/cm/cmsy6.p
fb></usr/share/texlive/texmf-dist/fonts/type1/public/amsfonts/cm/cmsy7.pfb></us
r/share/texlive/texmf-dist/fonts/type1/public/amsfonts/cm/cmsy8.pfb></usr/share
/texlive/texmf-dist/fonts/type1/public/amsfonts/cm/cmsy9.pfb></usr/share/texliv
e/texmf-dist/fonts/type1/public/amsfonts/cm/cmti10.pfb></usr/share/texlive/texm
f-dist/fonts/type1/public/amsfonts/cm/cmtt10.pfb></usr/share/texlive/texmf-dist
/fonts/type1/public/amsfonts/cm/cmtt12.pfb></usr/share/texlive/texmf-dist/fonts
/type1/public/amsfonts/symbols/msbm10.pfb></usr/share/texlive/texmf-dist/fonts/
type1/urw/ncntrsbk/uncr8a.pfb>
Output written on begs_rev_anmol_13.pdf (78 pages, 1660255 bytes).
PDF statistics:
 1517 PDF objects out of 1728 (max. 8388607)
 1325 compressed objects within 14 object streams
 434 named destinations out of 1000 (max. 500000)
 310 words of extra memory for PDF output out of 10000 (max. 10000000)

