This is pdfTeX, Version 3.1415926-1.40.10 (TeX Live 2009/Debian) (format=pdflatex 2013.10.23)  17 SEP 2014 17:55
entering extended mode
 %&-line parsing enabled.
**BEGS2_paper.tex
(./BEGS2_paper.tex
LaTeX2e <2009/09/24>
Babel <v3.8l> and hyphenation patterns for english, usenglishmax, dumylang, noh
yphenation, farsi, arabic, croatian, bulgarian, ukrainian, russian, czech, slov
ak, danish, dutch, finnish, french, basque, ngerman, german, german-x-2009-06-1
9, ngerman-x-2009-06-19, ibycus, monogreek, greek, ancientgreek, hungarian, san
skrit, italian, latin, latvian, lithuanian, mongolian2a, mongolian, bokmal, nyn
orsk, romanian, irish, coptic, serbian, turkish, welsh, esperanto, uppersorbian
, estonian, indonesian, interlingua, icelandic, kurmanji, slovenian, polish, po
rtuguese, spanish, galician, catalan, swedish, ukenglish, pinyin, loaded.
(/usr/share/texmf-texlive/tex/latex/base/article.cls
Document Class: article 2007/10/19 v1.4h Standard LaTeX document class
(/usr/share/texmf-texlive/tex/latex/base/size12.clo
File: size12.clo 2007/10/19 v1.4h Standard LaTeX file (size option)
)
\c@part=\count79
\c@section=\count80
\c@subsection=\count81
\c@subsubsection=\count82
\c@paragraph=\count83
\c@subparagraph=\count84
\c@figure=\count85
\c@table=\count86
\abovecaptionskip=\skip41
\belowcaptionskip=\skip42
\bibindent=\dimen102
)
(/usr/share/texmf-texlive/tex/latex/amsmath/amsmath.sty
Package: amsmath 2000/07/18 v2.13 AMS math features
\@mathmargin=\skip43

For additional information on amsmath, use the `?' option.
(/usr/share/texmf-texlive/tex/latex/amsmath/amstext.sty
Package: amstext 2000/06/29 v2.01

(/usr/share/texmf-texlive/tex/latex/amsmath/amsgen.sty
File: amsgen.sty 1999/11/30 v2.0
\@emptytoks=\toks14
\ex@=\dimen103
))
(/usr/share/texmf-texlive/tex/latex/amsmath/amsbsy.sty
Package: amsbsy 1999/11/29 v1.2d
\pmbraise@=\dimen104
)
(/usr/share/texmf-texlive/tex/latex/amsmath/amsopn.sty
Package: amsopn 1999/12/14 v2.01 operator names
)
\inf@bad=\count87
LaTeX Info: Redefining \frac on input line 211.
\uproot@=\count88
\leftroot@=\count89
LaTeX Info: Redefining \overline on input line 307.
\classnum@=\count90
\DOTSCASE@=\count91
LaTeX Info: Redefining \ldots on input line 379.
LaTeX Info: Redefining \dots on input line 382.
LaTeX Info: Redefining \cdots on input line 467.
\Mathstrutbox@=\box26
\strutbox@=\box27
\big@size=\dimen105
LaTeX Font Info:    Redeclaring font encoding OML on input line 567.
LaTeX Font Info:    Redeclaring font encoding OMS on input line 568.
\macc@depth=\count92
\c@MaxMatrixCols=\count93
\dotsspace@=\muskip10
\c@parentequation=\count94
\dspbrk@lvl=\count95
\tag@help=\toks15
\row@=\count96
\column@=\count97
\maxfields@=\count98
\andhelp@=\toks16
\eqnshift@=\dimen106
\alignsep@=\dimen107
\tagshift@=\dimen108
\tagwidth@=\dimen109
\totwidth@=\dimen110
\lineht@=\dimen111
\@envbody=\toks17
\multlinegap=\skip44
\multlinetaggap=\skip45
\mathdisplay@stack=\toks18
LaTeX Info: Redefining \[ on input line 2666.
LaTeX Info: Redefining \] on input line 2667.
)
(/usr/share/texmf-texlive/tex/latex/amsfonts/amssymb.sty
Package: amssymb 2009/06/22 v3.00

(/usr/share/texmf-texlive/tex/latex/amsfonts/amsfonts.sty
Package: amsfonts 2009/06/22 v3.00 Basic AMSFonts support
\symAMSa=\mathgroup4
\symAMSb=\mathgroup5
LaTeX Font Info:    Overwriting math alphabet `\mathfrak' in version `bold'
(Font)                  U/euf/m/n --> U/euf/b/n on input line 96.
))
(/usr/share/texmf-texlive/tex/latex/amscls/amsthm.sty
Package: amsthm 2004/08/06 v2.20
\thm@style=\toks19
\thm@bodyfont=\toks20
\thm@headfont=\toks21
\thm@notefont=\toks22
\thm@headpunct=\toks23
\thm@preskip=\skip46
\thm@postskip=\skip47
\thm@headsep=\skip48
\dth@everypar=\toks24
)
(/usr/share/texmf-texlive/tex/latex/tools/enumerate.sty
Package: enumerate 1999/03/05 v3.00 enumerate extensions (DPC)
\@enLab=\toks25
)
(/usr/share/texmf-texlive/tex/latex/graphics/graphicx.sty
Package: graphicx 1999/02/16 v1.0f Enhanced LaTeX Graphics (DPC,SPQR)

(/usr/share/texmf-texlive/tex/latex/graphics/keyval.sty
Package: keyval 1999/03/16 v1.13 key=value parser (DPC)
\KV@toks@=\toks26
)
(/usr/share/texmf-texlive/tex/latex/graphics/graphics.sty
Package: graphics 2009/02/05 v1.0o Standard LaTeX Graphics (DPC,SPQR)

(/usr/share/texmf-texlive/tex/latex/graphics/trig.sty
Package: trig 1999/03/16 v1.09 sin cos tan (DPC)
)
(/etc/texmf/tex/latex/config/graphics.cfg
File: graphics.cfg 2009/08/28 v1.8 graphics configuration of TeX Live
)
Package graphics Info: Driver file: pdftex.def on input line 91.

(/usr/share/texmf-texlive/tex/latex/pdftex-def/pdftex.def
File: pdftex.def 2010/03/12 v0.04p Graphics/color for pdfTeX
\Gread@gobject=\count99
))
\Gin@req@height=\dimen112
\Gin@req@width=\dimen113
)
(/usr/share/texmf-texlive/tex/latex/base/ifthen.sty
Package: ifthen 2001/05/26 v1.1c Standard LaTeX ifthen package (DPC)
)
(/usr/share/texmf-texlive/tex/latex/base/latexsym.sty
Package: latexsym 1998/08/17 v2.2e Standard LaTeX package (lasy symbols)
\symlasy=\mathgroup6
LaTeX Font Info:    Overwriting symbol font `lasy' in version `bold'
(Font)                  U/lasy/m/n --> U/lasy/b/n on input line 47.
)
(/usr/share/texmf-texlive/tex/latex/base/syntonly.sty
Package: syntonly 1999/09/17 v2.1e Standard LaTeX2e package
)
(/usr/share/texmf-texlive/tex/latex/setspace/setspace.sty
Package: setspace 2000/12/01 6.7 Contributed and Supported LaTeX2e package

Package: `setspace' 6.7 <2000/12/01>
) (/usr/share/texmf-texlive/tex/latex/natbib/natbib.sty
Package: natbib 2009/07/16 8.31 (PWD, AO)
\bibhang=\skip49
\bibsep=\skip50
LaTeX Info: Redefining \cite on input line 694.
\c@NAT@ctr=\count100
)
(/usr/share/texmf-texlive/tex/latex/subfigure/subfigure.sty
Package: subfigure 2002/03/15 v2.1.5 subfigure package
\subfigtopskip=\skip51
\subfigcapskip=\skip52
\subfigcaptopadj=\dimen114
\subfigbottomskip=\skip53
\subfigcapmargin=\dimen115
\subfiglabelskip=\skip54
\c@subfigure=\count101
\c@lofdepth=\count102
\c@subtable=\count103
\c@lotdepth=\count104

****************************************
* Local config file subfigure.cfg used *
****************************************
(/usr/share/texmf-texlive/tex/latex/subfigure/subfigure.cfg)
\subfig@top=\skip55
\subfig@bottom=\skip56
)
(/usr/share/texmf-texlive/tex/latex/float/float.sty
Package: float 2001/11/08 v1.3d Float enhancements (AL)
\c@float@type=\count105
\float@exts=\toks27
\float@box=\box28
\@float@everytoks=\toks28
\@floatcapt=\box29
)
(/usr/share/texmf-texlive/tex/latex/oberdiek/epstopdf.sty
Package: epstopdf 2009/10/17 v2.4 Conversion with epstopdf on the fly (HO)

(/usr/share/texmf-texlive/tex/latex/oberdiek/epstopdf-base.sty
Package: epstopdf-base 2009/10/17 v2.4 Base part for package epstopdf

(/usr/share/texmf-texlive/tex/generic/oberdiek/infwarerr.sty
Package: infwarerr 2007/09/09 v1.2 Providing info/warning/message (HO)
)
(/usr/share/texmf-texlive/tex/latex/oberdiek/grfext.sty
Package: grfext 2007/09/30 v1.0 Managing graphics extensions (HO)
)
(/usr/share/texmf-texlive/tex/latex/oberdiek/kvoptions.sty
Package: kvoptions 2009/08/13 v3.4 Keyval support for LaTeX options (HO)

(/usr/share/texmf-texlive/tex/generic/oberdiek/kvsetkeys.sty
Package: kvsetkeys 2009/07/30 v1.5 Key value parser with default handler suppor
t (HO)

(/usr/share/texmf-texlive/tex/generic/oberdiek/etexcmds.sty
Package: etexcmds 2007/12/12 v1.2 Prefix for e-TeX command names (HO)
Package etexcmds Info: Could not find \expanded.
(etexcmds)             That can mean that you are not using pdfTeX 1.50 or
(etexcmds)             that some package has redefined \expanded.
(etexcmds)             In the latter case, load this package earlier.
)))
(/usr/share/texmf-texlive/tex/generic/oberdiek/pdftexcmds.sty
Package: pdftexcmds 2009/09/23 v0.6 LuaTeX support for pdfTeX utility functions
 (HO)

(/usr/share/texmf-texlive/tex/generic/oberdiek/ifluatex.sty
Package: ifluatex 2009/04/17 v1.2 Provides the ifluatex switch (HO)
Package ifluatex Info: LuaTeX not detected.
)
(/usr/share/texmf-texlive/tex/generic/oberdiek/ltxcmds.sty
Package: ltxcmds 2009/08/05 v1.0 Some LaTeX kernel commands for general use (HO
)
)
Package pdftexcmds Info: LuaTeX not detected.
Package pdftexcmds Info: \pdf@primitive is available.
Package pdftexcmds Info: \pdf@ifprimitive is available.
)

Package epstopdf Warning: Shell escape feature is not enabled.

Package grfext Info: Graphics extension search list:
(grfext)             [.png,.pdf,.jpg,.mps,.jpeg,.jbig2,.jb2,.PNG,.PDF,.JPG,.JPE
G,.JBIG2,.JB2,.eps]
(grfext)             \AppendGraphicsExtensions on input line 433.
(/usr/share/texmf-texlive/tex/latex/latexconfig/epstopdf-sys.cfg
File: epstopdf-sys.cfg 2009/10/26 v1.1 Configuration of epstopdf for TeX Live
)))
(/usr/share/texmf-texlive/tex/latex/hyperref/hyperref.sty
Package: hyperref 2009/10/09 v6.79a Hypertext links for LaTeX

(/usr/share/texmf-texlive/tex/generic/oberdiek/ifpdf.sty
Package: ifpdf 2009/04/10 v2.0 Provides the ifpdf switch (HO)
Package ifpdf Info: pdfTeX in pdf mode detected.
)
(/usr/share/texmf-texlive/tex/generic/oberdiek/ifvtex.sty
Package: ifvtex 2008/11/04 v1.4 Switches for detecting VTeX and its modes (HO)
Package ifvtex Info: VTeX not detected.
)
(/usr/share/texmf-texlive/tex/generic/ifxetex/ifxetex.sty
Package: ifxetex 2009/01/23 v0.5 Provides ifxetex conditional
)
(/usr/share/texmf-texlive/tex/latex/oberdiek/hycolor.sty
Package: hycolor 2009/10/02 v1.5 Code for color options of hyperref/bookmark (H
O)

(/usr/share/texmf-texlive/tex/latex/oberdiek/xcolor-patch.sty
Package: xcolor-patch 2009/10/02 xcolor patch
))
\@linkdim=\dimen116
\Hy@linkcounter=\count106
\Hy@pagecounter=\count107

(/usr/share/texmf-texlive/tex/latex/hyperref/pd1enc.def
File: pd1enc.def 2009/10/09 v6.79a Hyperref: PDFDocEncoding definition (HO)
)
(/usr/share/texmf-texlive/tex/latex/latexconfig/hyperref.cfg
File: hyperref.cfg 2002/06/06 v1.2 hyperref configuration of TeXLive
)
Package hyperref Info: Hyper figures OFF on input line 2975.
Package hyperref Info: Link nesting OFF on input line 2980.
Package hyperref Info: Hyper index ON on input line 2983.
Package hyperref Info: Plain pages OFF on input line 2990.
Package hyperref Info: Backreferencing OFF on input line 2995.

Implicit mode ON; LaTeX internals redefined
Package hyperref Info: Bookmarks ON on input line 3191.
(/usr/share/texmf-texlive/tex/latex/ltxmisc/url.sty
\Urlmuskip=\muskip11
Package: url 2006/04/12  ver 3.3  Verb mode for urls, etc.
)
LaTeX Info: Redefining \url on input line 3428.

(/usr/share/texmf-texlive/tex/generic/oberdiek/bitset.sty
Package: bitset 2007/09/28 v1.0 Data type bit set (HO)

(/usr/share/texmf-texlive/tex/generic/oberdiek/intcalc.sty
Package: intcalc 2007/09/27 v1.1 Expandable integer calculations (HO)
)
(/usr/share/texmf-texlive/tex/generic/oberdiek/bigintcalc.sty
Package: bigintcalc 2007/11/11 v1.1 Expandable big integer calculations (HO)
))
\Fld@menulength=\count108
\Field@Width=\dimen117
\Fld@charsize=\dimen118
\Field@toks=\toks29
Package hyperref Info: Hyper figures OFF on input line 4377.
Package hyperref Info: Link nesting OFF on input line 4382.
Package hyperref Info: Hyper index ON on input line 4385.
Package hyperref Info: backreferencing OFF on input line 4392.
Package hyperref Info: Link coloring OFF on input line 4397.
Package hyperref Info: Link coloring with OCG OFF on input line 4402.
Package hyperref Info: PDF/A mode OFF on input line 4407.

(/usr/share/texmf-texlive/tex/generic/oberdiek/atbegshi.sty
Package: atbegshi 2008/07/31 v1.9 At begin shipout hook (HO)
)
\Hy@abspage=\count109
\c@Item=\count110
\c@Hfootnote=\count111
)
*hyperref using default driver hpdftex*
(/usr/share/texmf-texlive/tex/latex/hyperref/hpdftex.def
File: hpdftex.def 2009/10/09 v6.79a Hyperref driver for pdfTeX
\Fld@listcount=\count112
)
(/usr/share/texmf-texlive/tex/latex/tools/bm.sty
Package: bm 2004/02/26 v1.1c Bold Symbol Support (DPC/FMi)
\symboldoperators=\mathgroup7
\symboldletters=\mathgroup8
\symboldsymbols=\mathgroup9
\symboldlasy=\mathgroup10
LaTeX Font Info:    Redeclaring math alphabet \mathbf on input line 138.
LaTeX Info: Redefining \bm on input line 204.
)
(/usr/share/texmf-texlive/tex/latex/soul/soul.sty
Package: soul 2003/11/17 v2.4 letterspacing/underlining (mf)
\SOUL@word=\toks30
\SOUL@lasttoken=\toks31
\SOUL@cmds=\toks32
\SOUL@buffer=\toks33
\SOUL@token=\toks34
\SOUL@spaceskip=\skip57
\SOUL@ttwidth=\dimen119
\SOUL@uldp=\dimen120
\SOUL@ulht=\dimen121
)
(/usr/share/texmf-texlive/tex/latex/graphics/color.sty
Package: color 2005/11/14 v1.0j Standard LaTeX Color (DPC)

(/etc/texmf/tex/latex/config/color.cfg
File: color.cfg 2007/01/18 v1.5 color configuration of teTeX/TeXLive
)
Package color Info: Driver file: pdftex.def on input line 130.

(/usr/share/texmf-texlive/tex/latex/graphics/dvipsnam.def
File: dvipsnam.def 1999/02/16 v3.0i Driver-dependant file (DPC,SPQR)
))
\c@theorem=\count113

No file BEGS2_paper.aux.
\openout1 = `BEGS2_paper.aux'.

LaTeX Font Info:    Checking defaults for OML/cmm/m/it on input line 83.
LaTeX Font Info:    ... okay on input line 83.
LaTeX Font Info:    Checking defaults for T1/cmr/m/n on input line 83.
LaTeX Font Info:    ... okay on input line 83.
LaTeX Font Info:    Checking defaults for OT1/cmr/m/n on input line 83.
LaTeX Font Info:    ... okay on input line 83.
LaTeX Font Info:    Checking defaults for OMS/cmsy/m/n on input line 83.
LaTeX Font Info:    ... okay on input line 83.
LaTeX Font Info:    Checking defaults for OMX/cmex/m/n on input line 83.
LaTeX Font Info:    ... okay on input line 83.
LaTeX Font Info:    Checking defaults for U/cmr/m/n on input line 83.
LaTeX Font Info:    ... okay on input line 83.
LaTeX Font Info:    Checking defaults for PD1/pdf/m/n on input line 83.
LaTeX Font Info:    ... okay on input line 83.
(/usr/share/texmf-texlive/tex/context/base/supp-pdf.mkii
[Loading MPS to PDF converter (version 2006.09.02).]
\scratchcounter=\count114
\scratchdimen=\dimen122
\scratchbox=\box30
\nofMPsegments=\count115
\nofMParguments=\count116
\everyMPshowfont=\toks35
\MPscratchCnt=\count117
\MPscratchDim=\dimen123
\MPnumerator=\count118
\everyMPtoPDFconversion=\toks36
)
Package hyperref Info: Link coloring OFF on input line 83.
 (/usr/share/texmf-texlive/tex/latex/hyperref/nameref.sty
Package: nameref 2007/05/29 v2.31 Cross-referencing by name of section

(/usr/share/texmf-texlive/tex/latex/oberdiek/refcount.sty
Package: refcount 2008/08/11 v3.1 Data extraction from references (HO)
)
\c@section@level=\count119
)
LaTeX Info: Redefining \ref on input line 83.
LaTeX Info: Redefining \pageref on input line 83.
\@outlinefile=\write3
\openout3 = `BEGS2_paper.out'.

\AtBeginShipoutBox=\box31
LaTeX Font Info:    Try loading font information for U+msa on input line 86.

(/usr/share/texmf-texlive/tex/latex/amsfonts/umsa.fd
File: umsa.fd 2009/06/22 v3.00 AMS symbols A
)
LaTeX Font Info:    Try loading font information for U+msb on input line 86.

(/usr/share/texmf-texlive/tex/latex/amsfonts/umsb.fd
File: umsb.fd 2009/06/22 v3.00 AMS symbols B
)
LaTeX Font Info:    Try loading font information for U+lasy on input line 86.

(/usr/share/texmf-texlive/tex/latex/base/ulasy.fd
File: ulasy.fd 1998/08/17 v2.2e LaTeX symbol font definitions
)
LaTeX Font Info:    Font shape `U/lasy/b/n' in size <7> not available
(Font)              Font shape `U/lasy/m/n' tried instead on input line 86.


Package natbib Warning: Citation `Aiyagari2002' on page 1 undefined on input li
ne 90.


Package natbib Warning: Citation `Aiyagari2002' on page 1 undefined on input li
ne 91.

LaTeX Font Info:    Font shape `U/lasy/b/n' in size <8> not available
(Font)              Font shape `U/lasy/m/n' tried instead on input line 94.
LaTeX Font Info:    Font shape `U/lasy/b/n' in size <6> not available
(Font)              Font shape `U/lasy/m/n' tried instead on input line 94.
[1

{/var/lib/texmf/fonts/map/pdftex/updmap/pdftex.map}]

Package natbib Warning: Citation `LucasJr.1983' on page 2 undefined on input li
ne 111.


Package natbib Warning: Citation `Reinhart2010' on page 2 undefined on input li
ne 116.


Package natbib Warning: Citation `LucasJr.1983' on page 2 undefined on input li
ne 118.


Package natbib Warning: Citation `Aiyagari2002' on page 2 undefined on input li
ne 118.


Package natbib Warning: Citation `LucasJr.1983' on page 2 undefined on input li
ne 119.


Package natbib Warning: Citation `Aiyagari2002' on page 2 undefined on input li
ne 120.


Package natbib Warning: Citation `LucasJr.1983' on page 2 undefined on input li
ne 121.


Package natbib Warning: Citation `LucasJr.1983' on page 2 undefined on input li
ne 122.


Package natbib Warning: Citation `Aiyagari2002' on page 2 undefined on input li
ne 124.


Package natbib Warning: Citation `LucasJr.1983' on page 2 undefined on input li
ne 125.


Package natbib Warning: Citation `LucasJr.1983' on page 2 undefined on input li
ne 126.


Package natbib Warning: Citation `Aiyagari2002' on page 2 undefined on input li
ne 128.


Package natbib Warning: Citation `Aiyagari2002' on page 2 undefined on input li
ne 130.


Package natbib Warning: Citation `Aiyagari2002' on page 2 undefined on input li
ne 133.


Package natbib Warning: Citation `Aiyagari2002' on page 2 undefined on input li
ne 133.


Package natbib Warning: Citation `LucasJr.1983' on page 2 undefined on input li
ne 134.


Package natbib Warning: Citation `LucasJr.1983' on page 2 undefined on input li
ne 136.


Package natbib Warning: Citation `Aiyagari2002' on page 2 undefined on input li
ne 136.


Package natbib Warning: Citation `Aiyagari2002' on page 2 undefined on input li
ne 138.


Package natbib Warning: Citation `Aiyagari2002' on page 2 undefined on input li
ne 141.


Package natbib Warning: Citation `Aiyagari2002' on page 2 undefined on input li
ne 142.


Package natbib Warning: Citation `Aiyagari2002' on page 2 undefined on input li
ne 144.


Package natbib Warning: Citation `LucasJr.1983' on page 2 undefined on input li
ne 145.


Package natbib Warning: Citation `Aiyagari2002' on page 2 undefined on input li
ne 148.

[2]

Package natbib Warning: Citation `Angeletos' on page 3 undefined on input line 
158.


Package natbib Warning: Citation `Buera_Nicolini' on page 3 undefined on input 
line 158.


Package natbib Warning: Citation `Shin2007' on page 3 undefined on input line 1
58.


Package natbib Warning: Citation `Angeletos' on page 3 undefined on input line 
166.


Package natbib Warning: Citation `Buera_Nicolini' on page 3 undefined on input 
line 166.


Package natbib Warning: Citation `Shin2007' on page 3 undefined on input line 1
66.

LaTeX Font Info:    Font shape `U/lasy/b/n' in size <5> not available
(Font)              Font shape `U/lasy/m/n' tried instead on input line 169.

Package natbib Warning: Citation `BEGS1' on page 3 undefined on input line 174.


[3] [4]

LaTeX Warning: Reference `eqn:obj' on page 5 undefined on input line 250.


LaTeX Warning: Reference `eqn:HHbudget' on page 5 undefined on input line 250.


LaTeX Warning: Reference `eqn:Govbudget' on page 5 undefined on input line 252.



LaTeX Warning: Reference `eqn:ResFeas' on page 5 undefined on input line 252.


LaTeX Warning: Reference `eqn:bondmarket' on page 5 undefined on input line 252
.


Package natbib Warning: Citation `LucasJr.1983' on page 5 undefined on input li
ne 263.


Package natbib Warning: Citation `Aiyagari2002' on page 5 undefined on input li
ne 265.


Package natbib Warning: Citation `Magill1994' on page 5 undefined on input line
 267.


Package natbib Warning: Citation `Constantinides1996' on page 5 undefined on in
put line 267.


LaTeX Warning: Reference `eqn:HHbudget' on page 5 undefined on input line 267.


LaTeX Warning: Reference `eqn:HHFOC' on page 5 undefined on input line 267.

[5]

Package natbib Warning: Citation `LucasJr.1983' on page 6 undefined on input li
ne 281.


Package natbib Warning: Citation `Aiyagari2002' on page 6 undefined on input li
ne 283.


LaTeX Warning: Reference `eqn:LSimplement' on page 6 undefined on input line 35
7.


LaTeX Warning: Reference `eqn:feas' on page 6 undefined on input line 357.


LaTeX Warning: Reference `eqn:feas' on page 6 undefined on input line 360.


LaTeX Warning: Reference `eqn:LSimplement' on page 6 undefined on input line 36
0.


Package natbib Warning: Citation `LucasJr.1983' on page 6 undefined on input li
ne 361.


LaTeX Warning: Reference `eqn:AMSSimplement' on page 6 undefined on input line 
361.


Package natbib Warning: Citation `Aiyagari2002' on page 6 undefined on input li
ne 363.


LaTeX Warning: Reference `eqn:AMSSimplement' on page 6 undefined on input line 
364.


Package natbib Warning: Citation `LucasJr.1983' on page 6 undefined on input li
ne 365.

[6]

Package natbib Warning: Citation `LucasJr.1983' on page 7 undefined on input li
ne 370.


LaTeX Warning: Reference `prob:RamseyLS' on page 7 undefined on input line 370.



LaTeX Warning: Reference `eqn:LSimplement' on page 7 undefined on input line 37
0.


Package hyperref Warning: Token not allowed in a PDF string (PDFDocEncoding):
(hyperref)                removing `math shift' on input line 374.


Package hyperref Warning: Token not allowed in a PDF string (PDFDocEncoding):
(hyperref)                removing `math shift' on input line 374.


LaTeX Warning: Reference `eqn:Euler' on page 7 undefined on input line 379.


Overfull \hbox (7.06303pt too wide) in paragraph at lines 377--381
\OT1/cmr/m/n/12 econ-omy vary with as-set re-turns that re-flect prop-er-ties o
f equi-lib-rium prices $\OMS/cmsy/m/n/12 f\OML/cmm/m/it/12 q[]\OT1/cmr/m/n/12 (
\OML/cmm/m/it/12 s[]\OMS/cmsy/m/n/12 j\OML/cmm/m/it/12 B[]; s[]\OT1/cmr/m/n/12 
)\OMS/cmsy/m/n/12 g[]$
 []

[7]

LaTeX Warning: Reference `prob:RamseyBEGS' on page 8 undefined on input line 39
6.


LaTeX Warning: Reference `sec:David41' on page 8 undefined on input line 415.


LaTeX Warning: Reference `sec:David42' on page 8 undefined on input line 415.


LaTeX Warning: Reference `sec:David43' on page 8 undefined on input line 415.


LaTeX Warning: Reference `prob:RamseyLS' on page 8 undefined on input line 417.



LaTeX Warning: Reference `eqn:AMSSimplement' on page 8 undefined on input line 
417.

[8]

LaTeX Warning: Reference `eqn:pdisarm' on page 9 undefined on input line 424.


LaTeX Warning: Reference `eqn:bt-1' on page 9 undefined on input line 424.


LaTeX Warning: Reference `eqn:pdisarm' on page 9 undefined on input line 431.


LaTeX Warning: Reference `rem:LSdebt' on page 9 undefined on input line 431.


LaTeX Warning: Reference `eqn:LSimplement' on page 9 undefined on input line 43
5.


LaTeX Warning: Reference `eqn:pdisarm' on page 9 undefined on input line 443.


LaTeX Warning: Reference `eqn:optPP' on page 9 undefined on input line 449.


LaTeX Warning: Reference `fig:optP' on page 9 undefined on input line 449.


LaTeX Warning: File `Images/p_graph_tfp.eps' not found on input line 454.

Package epstopdf Info: Source file: <Images/p_graph_tfp.eps>
(epstopdf)             Output file: <Images/p_graph_tfp-eps-converted-to.pdf>
(epstopdf)             Command: <epstopdf --outfile=Images/p_graph_tfp-eps-conv
erted-to.pdf Images/p_graph_tfp.eps>
(epstopdf)             \includegraphics on input line 454.
Package epstopdf Info: Output file is already uptodate.

! Package pdftex.def Error: File `Images/p_graph_tfp-eps-converted-to.pdf' not 
found.

See the pdftex.def package documentation for explanation.
Type  H <return>  for immediate help.
 ...                                              
                                                  
l.454 ...aphics[scale=.35]{Images/p_graph_tfp.eps}
                                                  
Using draft setting for this image.
Try typing  <return>  to proceed.
If that doesn't work, type  X <return>  to quit.


LaTeX Warning: File `Images/p_graph.eps' not found on input line 455.

Package epstopdf Info: Source file: <Images/p_graph.eps>
(epstopdf)             Output file: <Images/p_graph-eps-converted-to.pdf>
(epstopdf)             Command: <epstopdf --outfile=Images/p_graph-eps-converte
d-to.pdf Images/p_graph.eps>
(epstopdf)             \includegraphics on input line 455.
Package epstopdf Info: Output file is already uptodate.

! Package pdftex.def Error: File `Images/p_graph-eps-converted-to.pdf' not foun
d.

See the pdftex.def package documentation for explanation.
Type  H <return>  for immediate help.
 ...                                              
                                                  
l.455 ...degraphics[scale=.35]{Images/p_graph.eps}
                                                  
Using draft setting for this image.
Try typing  <return>  to proceed.
If that doesn't work, type  X <return>  to quit.

[9]

LaTeX Warning: Reference `eqn:optPP' on page 10 undefined on input line 462.


LaTeX Warning: Reference `eqn:optPP' on page 10 undefined on input line 465.


Package hyperref Warning: Token not allowed in a PDF string (PDFDocEncoding):
(hyperref)                removing `math shift' on input line 484.


Package hyperref Warning: Token not allowed in a PDF string (PDFDocEncoding):
(hyperref)                removing `superscript' on input line 484.


Package hyperref Warning: Token not allowed in a PDF string (PDFDocEncoding):
(hyperref)                removing `math shift' on input line 484.


LaTeX Warning: Reference `eqn:optPP' on page 10 undefined on input line 486.

[10]

LaTeX Warning: Reference `eq-ss' on page 11 undefined on input line 501.


LaTeX Warning: Reference `eqn:tax_to_debt' on page 11 undefined on input line 5
18.


LaTeX Warning: Reference `eqn:optPP' on page 11 undefined on input line 521.

[11]

LaTeX Warning: Reference `prop:ssexistence' on page 12 undefined on input line 
552.


LaTeX Warning: Reference `fig:noStable' on page 12 undefined on input line 552.



LaTeX Warning: File `Images/graph_nostable.pdf' not found on input line 556.


! Package pdftex.def Error: File `Images/graph_nostable.pdf' not found.

See the pdftex.def package documentation for explanation.
Type  H <return>  for immediate help.
 ...                                              
                                                  
l.556 ...s[width=5.5in]{Images/graph_nostable.pdf}
                                                  
Using draft setting for this image.
Try typing  <return>  to proceed.
If that doesn't work, type  X <return>  to quit.

[12]

LaTeX Warning: Reference `sec:David42' on page 13 undefined on input line 561.


LaTeX Warning: Reference `prob:RamseyLS' on page 13 undefined on input line 561
.


LaTeX Warning: Reference `eqn:AMSSimplement' on page 13 undefined on input line
 561.


LaTeX Warning: Reference `prob:RamseyBEGS' on page 13 undefined on input line 5
61.


LaTeX Warning: Reference `thm:convergence' on page 13 undefined on input line 5
61.

[13]
Overfull \hbox (43.98492pt too wide) in paragraph at lines 580--585
[]\OT1/cmr/m/n/12 The op-ti-mal al-lo-ca-tion can be rep-re-sented re-cur-sivel
y in terms of func-tions $\OML/cmm/m/it/12 c[]\OT1/cmr/m/n/12 (\OML/cmm/m/it/12
 ^^V[]\OT1/cmr/m/n/12 )\OML/cmm/m/it/12 ; l[]\OT1/cmr/m/n/12 (\OML/cmm/m/it/12 
^^V[]\OT1/cmr/m/n/12 )\OML/cmm/m/it/12 ; b[]\OT1/cmr/m/n/12 (\OML/cmm/m/it/12 ^
^V[]\OT1/cmr/m/n/12 )$
 []

[14] [15]

LaTeX Warning: Reference `fig:stable' on page 16 undefined on input line 619.


LaTeX Warning: Reference `thm:convergence' on page 16 undefined on input line 6
19.


LaTeX Warning: File `Images/graph_stable.pdf' not found on input line 624.


! Package pdftex.def Error: File `Images/graph_stable.pdf' not found.

See the pdftex.def package documentation for explanation.
Type  H <return>  for immediate help.
 ...                                              
                                                  
l.624 ...ics[width = 5in]{Images/graph_stable.pdf}
                                                  
Using draft setting for this image.
Try typing  <return>  to proceed.
If that doesn't work, type  X <return>  to quit.


LaTeX Warning: Reference `fig:2ps_figure' on page 16 undefined on input line 62
7.


LaTeX Warning: File `Images/port1.eps' not found on input line 630.

Package epstopdf Info: Source file: <Images/port1.eps>
(epstopdf)             Output file: <Images/port1-eps-converted-to.pdf>
(epstopdf)             Command: <epstopdf --outfile=Images/port1-eps-converted-
to.pdf Images/port1.eps>
(epstopdf)             \includegraphics on input line 630.
Package epstopdf Info: Output file is already uptodate.

! Package pdftex.def Error: File `Images/port1-eps-converted-to.pdf' not found.


See the pdftex.def package documentation for explanation.
Type  H <return>  for immediate help.
 ...                                              
                                                  
l.630 ...ludegraphics[width=3in]{Images/port1.eps}
                                                  
Using draft setting for this image.
Try typing  <return>  to proceed.
If that doesn't work, type  X <return>  to quit.


LaTeX Warning: File `Images/port2.eps' not found on input line 631.

Package epstopdf Info: Source file: <Images/port2.eps>
(epstopdf)             Output file: <Images/port2-eps-converted-to.pdf>
(epstopdf)             Command: <epstopdf --outfile=Images/port2-eps-converted-
to.pdf Images/port2.eps>
(epstopdf)             \includegraphics on input line 631.
Package epstopdf Info: Output file is already uptodate.

! Package pdftex.def Error: File `Images/port2-eps-converted-to.pdf' not found.


See the pdftex.def package documentation for explanation.
Type  H <return>  for immediate help.
 ...                                              
                                                  
l.631 ...ludegraphics[width=3in]{Images/port2.eps}
                                                  
Using draft setting for this image.
Try typing  <return>  to proceed.
If that doesn't work, type  X <return>  to quit.

[16] [17] [18]

LaTeX Warning: Reference `lem.cm_payoff' on page 19 undefined on input line 666
.


LaTeX Warning: Reference `eq.pbar' on page 19 undefined on input line 674.

[19]

LaTeX Warning: Reference `eq.p_norm' on page 20 undefined on input line 682.


LaTeX Warning: Reference `prop.erg_lin' on page 20 undefined on input line 682.



LaTeX Warning: Reference `prop.erg_lin' on page 20 undefined on input line 691.


[20]

LaTeX Warning: Reference `eq.var_lin' on page 21 undefined on input line 694.


Package natbib Warning: Citation `Kydland1980' on page 21 undefined on input li
ne 707.


LaTeX Warning: Reference `eqn:AMSSimplement' on page 21 undefined on input line
 711.

[21]

LaTeX Warning: Reference `timetBellimplement' on page 22 undefined on input lin
e 733.


LaTeX Warning: Reference `timetfeas' on page 22 undefined on input line 733.


LaTeX Warning: Reference `prob:RamseyBellman' on page 22 undefined on input lin
e 750.


LaTeX Warning: Reference `prob:RamseyBEGS' on page 22 undefined on input line 7
50.


LaTeX Warning: Reference `eqn:Bellman1' on page 22 undefined on input line 758.



LaTeX Warning: Reference `eqn:Bellman0' on page 22 undefined on input line 758.


[22]

LaTeX Warning: Reference `prob:RamseyBellman' on page 23 undefined on input lin
e 763.


LaTeX Warning: Reference `eqn:Bellman1' on page 23 undefined on input line 763.



LaTeX Warning: Reference `eqn:Bellman0' on page 23 undefined on input line 763.



LaTeX Warning: Reference `sec:app_numerical' on page 23 undefined on input line
 765.


LaTeX Warning: Reference `sec:excusequasilinear' on page 23 undefined on input 
line 774.


LaTeX Warning: Reference `eqn:Bellman1' on page 23 undefined on input line 783.


[23]

LaTeX Warning: Reference `eqn:prop52sufficient' on page 24 undefined on input l
ine 815.


LaTeX Warning: Reference `prob:RamseyBellman' on page 24 undefined on input lin
e 830.

[24]

LaTeX Warning: Reference `lem:x_order' on page 25 undefined on input line 850.


LaTeX Warning: Reference `lem:c_order' on page 25 undefined on input line 850.

[25]

LaTeX Warning: Reference `prop:existenceU' on page 26 undefined on input line 8
69.


LaTeX Warning: Reference `prop:convergenceU' on page 26 undefined on input line
 869.


Package natbib Warning: Citation `Aiyagari2002' on page 26 undefined on input l
ine 869.


LaTeX Warning: Reference `prop:existenceU' on page 26 undefined on input line 8
69.


LaTeX Warning: Reference `prop:convergenceU' on page 26 undefined on input line
 869.


LaTeX Warning: Reference `prop:existenceU' on page 26 undefined on input line 8
73.


LaTeX Warning: Reference `prop:convergenceU' on page 26 undefined on input line
 873.


LaTeX Warning: Reference `prop:existenceU' on page 26 undefined on input line 8
74.


LaTeX Warning: Reference `prop:convergenceU' on page 26 undefined on input line
 874.


LaTeX Warning: Reference `fig:conv_RA' on page 26 undefined on input line 877.


LaTeX Warning: Reference `fig:2ps_figure' on page 26 undefined on input line 87
7.


LaTeX Warning: File `Images/2stateiid.eps' not found on input line 880.

Package epstopdf Info: Source file: <Images/2stateiid.eps>
(epstopdf)             Output file: <Images/2stateiid-eps-converted-to.pdf>
(epstopdf)             Command: <epstopdf --outfile=Images/2stateiid-eps-conver
ted-to.pdf Images/2stateiid.eps>
(epstopdf)             \includegraphics on input line 880.
Package epstopdf Info: Output file is already uptodate.

! Package pdftex.def Error: File `Images/2stateiid-eps-converted-to.pdf' not fo
und.

See the pdftex.def package documentation for explanation.
Type  H <return>  for immediate help.
 ...                                              
                                                  
l.880 ...graphics[width=4in]{Images/2stateiid.eps}
                                                  
Using draft setting for this image.
Try typing  <return>  to proceed.
If that doesn't work, type  X <return>  to quit.


LaTeX Warning: File `Images/transfer_example2.eps' not found on input line 905.


Package epstopdf Info: Source file: <Images/transfer_example2.eps>
(epstopdf)             Output file: <Images/transfer_example2-eps-converted-to.
pdf>
(epstopdf)             Command: <epstopdf --outfile=Images/transfer_example2-ep
s-converted-to.pdf Images/transfer_example2.eps>
(epstopdf)             \includegraphics on input line 905.
Package epstopdf Info: Output file is already uptodate.

! Package pdftex.def Error: File `Images/transfer_example2-eps-converted-to.pdf
' not found.

See the pdftex.def package documentation for explanation.
Type  H <return>  for immediate help.
 ...                                              
                                                  
l.905 ...[width=4in]{Images/transfer_example2.eps}
                                                  
Using draft setting for this image.
Try typing  <return>  to proceed.
If that doesn't work, type  X <return>  to quit.

[26]

LaTeX Warning: `h' float specifier changed to `ht'.


LaTeX Warning: Reference `fig:nonnegative_transfers' on page 27 undefined on in
put line 911.

[27]

Package natbib Warning: Citation `LucasJr.1983' on page 28 undefined on input l
ine 930.


Package natbib Warning: Citation `Barro1979' on page 28 undefined on input line
 935.


Package natbib Warning: Citation `LucasJr.1983' on page 28 undefined on input l
ine 939.


Package natbib Warning: Citation `Aiyagari2002' on page 28 undefined on input l
ine 939.


Package natbib Warning: Citation `LucasJr.1983' on page 28 undefined on input l
ine 940.


Package natbib Warning: Citation `Barro1979' on page 28 undefined on input line
 940.


Package natbib Warning: Citation `Aiyagari2002' on page 28 undefined on input l
ine 941.


Package natbib Warning: Citation `Aiyagari2002' on page 28 undefined on input l
ine 943.


Package natbib Warning: Citation `Aiyagari2002' on page 28 undefined on input l
ine 945.

[28]

LaTeX Warning: Reference `sec:app_convergence' on page 29 undefined on input li
ne 955.


Package natbib Warning: Citation `Faraglia2011' on page 29 undefined on input l
ine 962.


Package natbib Warning: Citation `BerndtLustigYeltekin' on page 29 undefined on
 input line 962.


Package natbib Warning: Citation `BEGS1' on page 29 undefined on input line 963
.

[29]

LaTeX Warning: Reference `lem.cm_payoff' on page 30 undefined on input line 100
2.

[30] [31]

LaTeX Warning: Reference `eq.norm_def' on page 32 undefined on input line 1036.


[32]

LaTeX Warning: Reference `prop.erg_lin' on page 33 undefined on input line 1059
.

[33] [34]

LaTeX Warning: Reference `eq.C_s' on page 35 undefined on input line 1136.


LaTeX Warning: Reference `eq.B_s' on page 35 undefined on input line 1139.

[35]
No file BEGS2_paper.bbl.

Package natbib Warning: There were undefined citations.

[36] [37] (./BEGS2_paper.aux)

LaTeX Warning: There were undefined references.


LaTeX Warning: Label(s) may have changed. Rerun to get cross-references right.

 ) 
Here is how much of TeX's memory you used:
 6669 strings out of 493848
 91937 string characters out of 1152822
 173684 words of memory out of 3000000
 9630 multiletter control sequences out of 15000+50000
 25352 words of font info for 101 fonts, out of 3000000 for 9000
 714 hyphenation exceptions out of 8191
 41i,18n,39p,898b,444s stack positions out of 5000i,500n,10000p,200000b,50000s
</usr/share/texmf-texlive/fonts/type1/public/amsfonts/cm/cmbx10.pfb></usr/sha
re/texmf-texlive/fonts/type1/public/amsfonts/cm/cmbx12.pfb></usr/share/texmf-te
xlive/fonts/type1/public/amsfonts/cm/cmbxti10.pfb></usr/share/texmf-texlive/fon
ts/type1/public/amsfonts/cm/cmcsc10.pfb></usr/share/texmf-texlive/fonts/type1/p
ublic/amsfonts/cm/cmex10.pfb></usr/share/texmf-texlive/fonts/type1/public/amsfo
nts/cm/cmmi10.pfb></usr/share/texmf-texlive/fonts/type1/public/amsfonts/cm/cmmi
12.pfb></usr/share/texmf-texlive/fonts/type1/public/amsfonts/cm/cmmi6.pfb></usr
/share/texmf-texlive/fonts/type1/public/amsfonts/cm/cmmi7.pfb></usr/share/texmf
-texlive/fonts/type1/public/amsfonts/cm/cmmi8.pfb></usr/share/texmf-texlive/fon
ts/type1/public/amsfonts/cm/cmmib10.pfb></usr/share/texmf-texlive/fonts/type1/p
ublic/amsfonts/cmextra/cmmib8.pfb></usr/share/texmf-texlive/fonts/type1/public/
amsfonts/cm/cmr10.pfb></usr/share/texmf-texlive/fonts/type1/public/amsfonts/cm/
cmr12.pfb></usr/share/texmf-texlive/fonts/type1/public/amsfonts/cm/cmr17.pfb></
usr/share/texmf-texlive/fonts/type1/public/amsfonts/cm/cmr6.pfb></usr/share/tex
mf-texlive/fonts/type1/public/amsfonts/cm/cmr7.pfb></usr/share/texmf-texlive/fo
nts/type1/public/amsfonts/cm/cmr8.pfb></usr/share/texmf-texlive/fonts/type1/pub
lic/amsfonts/cm/cmsy10.pfb></usr/share/texmf-texlive/fonts/type1/public/amsfont
s/cm/cmsy6.pfb></usr/share/texmf-texlive/fonts/type1/public/amsfonts/cm/cmsy7.p
fb></usr/share/texmf-texlive/fonts/type1/public/amsfonts/cm/cmsy8.pfb></usr/sha
re/texmf-texlive/fonts/type1/public/amsfonts/cm/cmti10.pfb></usr/share/texmf-te
xlive/fonts/type1/public/amsfonts/cm/cmti12.pfb></usr/share/texmf-texlive/fonts
/type1/public/amsfonts/cm/cmtt12.pfb></usr/share/texmf-texlive/fonts/type1/publ
ic/amsfonts/symbols/msbm10.pfb>
Output written on BEGS2_paper.pdf (37 pages, 429497 bytes).
PDF statistics:
 426 PDF objects out of 1000 (max. 8388607)
 154 named destinations out of 1000 (max. 500000)
 1 words of extra memory for PDF output out of 10000 (max. 10000000)

